2024-07-10 00:37:02 | INFO | fairseq.distributed.utils | distributed init (rank 0): tcp://localhost:19300
2024-07-10 00:37:02 | INFO | fairseq.distributed.utils | distributed init (rank 3): tcp://localhost:19300
2024-07-10 00:37:02 | INFO | fairseq.distributed.utils | distributed init (rank 2): tcp://localhost:19300
2024-07-10 00:37:02 | INFO | fairseq.distributed.utils | distributed init (rank 1): tcp://localhost:19300
2024-07-10 00:37:02 | INFO | fairseq.distributed.utils | initialized host t007-001.hpcfund as rank 3
2024-07-10 00:37:02 | INFO | fairseq.distributed.utils | initialized host t007-001.hpcfund as rank 1
2024-07-10 00:37:02 | INFO | fairseq.distributed.utils | initialized host t007-001.hpcfund as rank 2
2024-07-10 00:37:02 | INFO | fairseq.distributed.utils | initialized host t007-001.hpcfund as rank 0
/work1/amd/hongmfei/moespace/SPEED-main/fairseq/fairseq/distributed/utils.py:279: UserWarning: expandable_segments not supported on this platform (Triggered internally at ../c10/hip/HIPAllocatorConfig.h:29.)
  dist.all_reduce(torch.zeros(1).cuda())
/work1/amd/hongmfei/moespace/SPEED-main/fairseq/fairseq/distributed/utils.py:279: UserWarning: expandable_segments not supported on this platform (Triggered internally at ../c10/hip/HIPAllocatorConfig.h:29.)
  dist.all_reduce(torch.zeros(1).cuda())
/work1/amd/hongmfei/moespace/SPEED-main/fairseq/fairseq/distributed/utils.py:279: UserWarning: expandable_segments not supported on this platform (Triggered internally at ../c10/hip/HIPAllocatorConfig.h:29.)
  dist.all_reduce(torch.zeros(1).cuda())
/work1/amd/hongmfei/moespace/SPEED-main/fairseq/fairseq/distributed/utils.py:279: UserWarning: expandable_segments not supported on this platform (Triggered internally at ../c10/hip/HIPAllocatorConfig.h:29.)
  dist.all_reduce(torch.zeros(1).cuda())
2024-07-10 00:37:03 | INFO | fairseq_cli.eval_lm | ---------------------------
2024-07-10 00:37:03 | INFO | fairseq_cli.eval_lm | cfg:
2024-07-10 00:37:03 | INFO | fairseq_cli.eval_lm | _name	None
2024-07-10 00:37:03 | INFO | fairseq_cli.eval_lm | common	{'_name': None, 'no_progress_bar': False, 'log_interval': 100, 'log_format': None, 'log_file': None, 'tensorboard_logdir': None, 'wandb_project': None, 'azureml_logging': False, 'seed': 100, 'cpu': False, 'tpu': False, 'bf16': False, 'memory_efficient_bf16': False, 'fp16': True, 'memory_efficient_fp16': False, 'fp16_no_flatten_grads': False, 'fp16_init_scale': 128, 'fp16_scale_window': None, 'fp16_scale_tolerance': 0.0, 'min_loss_scale': 0.0001, 'threshold_loss_scale': None, 'user_dir': None, 'empty_cache_freq': 0, 'all_gather_list_size': 16384, 'model_parallel_size': 1, 'quantization_config_path': None, 'profile': False, 'reset_logging': False, 'suppress_crashes': False, 'use_plasma_view': False, 'plasma_path': '/tmp/plasma', 'log_nvidia_smi': False}
2024-07-10 00:37:03 | INFO | fairseq_cli.eval_lm | common_eval	{'_name': None, 'path': '/work1/amd/hongmfei/models/en_moe_lm_15b/model.pt', 'post_process': None, 'quiet': False, 'model_overrides': "{'world_size': 4, 'moe_eval_capacity_token_fraction': 0.5}", 'results_path': None, 'is_moe': True}
2024-07-10 00:37:03 | INFO | fairseq_cli.eval_lm | distributed_training	{'_name': None, 'distributed_world_size': 4, 'distributed_rank': 0, 'distributed_backend': 'nccl', 'distributed_init_method': 'tcp://localhost:19300', 'distributed_port': -1, 'device_id': 0, 'distributed_no_spawn': False, 'ddp_backend': 'fully_sharded', 'bucket_cap_mb': 25, 'fix_batches_to_gpus': False, 'find_unused_parameters': False, 'fast_stat_sync': False, 'heartbeat_timeout': -1, 'broadcast_buffers': False, 'slowmo_momentum': None, 'slowmo_algorithm': 'LocalSGD', 'localsgd_frequency': 3, 'nprocs_per_node': 4, 'pipeline_model_parallel': False, 'pipeline_balance': None, 'pipeline_devices': None, 'pipeline_chunks': 0, 'pipeline_encoder_balance': None, 'pipeline_encoder_devices': None, 'pipeline_decoder_balance': None, 'pipeline_decoder_devices': None, 'pipeline_checkpoint': 'never', 'zero_sharding': 'none', 'fp16': True, 'memory_efficient_fp16': False, 'tpu': False, 'no_reshard_after_forward': False, 'fp32_reduce_scatter': False, 'cpu_offload': False, 'use_sharded_state': False, 'distributed_num_procs': 4}
2024-07-10 00:37:03 | INFO | fairseq_cli.eval_lm | dataset	{'_name': None, 'num_workers': 1, 'num_workers_valid': 0, 'skip_invalid_size_inputs_valid_test': False, 'max_tokens': None, 'batch_size': 1, 'required_batch_size_multiple': 8, 'required_seq_len_multiple': 1, 'dataset_impl': None, 'data_buffer_size': 10, 'train_subset': 'train', 'valid_subset': 'valid', 'combine_valid_subsets': None, 'ignore_unused_valid_subsets': False, 'validate_interval': 1, 'validate_interval_updates': 0, 'validate_after_updates': 0, 'fixed_validation_seed': None, 'disable_validation': False, 'max_tokens_valid': None, 'batch_size_valid': 1, 'max_valid_steps': 100, 'curriculum': 0, 'gen_subset': 'valid', 'num_shards': 1, 'shard_id': 0}
2024-07-10 00:37:03 | INFO | fairseq_cli.eval_lm | optimization	{'_name': None, 'max_epoch': 0, 'max_update': 0, 'stop_time_hours': 0.0, 'clip_norm': 0.0, 'sentence_avg': False, 'update_freq': [1], 'lr': [0.25], 'stop_min_lr': -1.0, 'use_bmuf': False}
2024-07-10 00:37:03 | INFO | fairseq_cli.eval_lm | checkpoint	{'_name': None, 'save_dir': 'checkpoints', 'restore_file': 'checkpoint_last.pt', 'finetune_from_model': None, 'reset_dataloader': False, 'reset_lr_scheduler': False, 'reset_meters': False, 'reset_optimizer': False, 'optimizer_overrides': '{}', 'save_interval': 1, 'save_interval_updates': 0, 'keep_interval_updates': -1, 'keep_last_epochs': -1, 'keep_best_checkpoints': -1, 'no_save': False, 'no_epoch_checkpoints': False, 'no_last_checkpoints': False, 'no_best_checkpoints': False, 'no_save_optimizer_state': False, 'no_save_optimizer_state_on_training_finished': False, 'symlink_best_and_last_checkpoints': False, 'best_checkpoint_metric': 'loss', 'maximize_best_checkpoint_metric': False, 'patience': -1, 'checkpoint_suffix': '', 'checkpoint_shard_count': 1, 'load_checkpoint_on_all_dp_ranks': False, 'write_checkpoints_asynchronously': False, 's3_upload_path': None, 'model_parallel_size': 1}
2024-07-10 00:37:03 | INFO | fairseq_cli.eval_lm | bmuf	{'_name': None, 'block_lr': 1.0, 'block_momentum': 0.875, 'global_sync_iter': 50, 'warmup_iterations': 500, 'use_nbm': False, 'average_sync': False, 'distributed_world_size': 4}
2024-07-10 00:37:03 | INFO | fairseq_cli.eval_lm | generation	{'_name': None, 'beam': 5, 'nbest': 1, 'max_len_a': 0.0, 'max_len_b': 200, 'min_len': 1, 'match_source_len': False, 'unnormalized': False, 'no_early_stop': False, 'no_beamable_mm': False, 'lenpen': 1.0, 'unkpen': 0.0, 'replace_unk': None, 'sacrebleu': False, 'score_reference': False, 'prefix_size': 0, 'no_repeat_ngram_size': 0, 'sampling': False, 'sampling_topk': -1, 'sampling_topp': -1.0, 'constraints': None, 'temperature': 1.0, 'diverse_beam_groups': -1, 'diverse_beam_strength': 0.5, 'diversity_rate': -1.0, 'print_alignment': None, 'print_step': False, 'lm_path': None, 'lm_weight': 0.0, 'iter_decode_eos_penalty': 0.0, 'iter_decode_max_iter': 10, 'iter_decode_force_max_iter': False, 'iter_decode_with_beam': 1, 'iter_decode_with_external_reranker': False, 'retain_iter_history': False, 'retain_dropout': False, 'retain_dropout_modules': None, 'decoding_format': None, 'no_seed_provided': False}
2024-07-10 00:37:03 | INFO | fairseq_cli.eval_lm | eval_lm	{'_name': None, 'output_word_probs': False, 'output_word_stats': False, 'context_window': 0, 'softmax_batch': 2048, 'stats_path': None, 'max_valid_steps': 100}
2024-07-10 00:37:03 | INFO | fairseq_cli.eval_lm | interactive	{'_name': None, 'buffer_size': 0, 'input': '-'}
2024-07-10 00:37:03 | INFO | fairseq_cli.eval_lm | model	None
2024-07-10 00:37:03 | INFO | fairseq_cli.eval_lm | task	{'_name': 'language_modeling', 'data': '/work1/amd/hongmfei/raw_data/data-bin/wiki/', 'sample_break_mode': 'none', 'tokens_per_sample': 2048, 'output_dictionary_size': -1, 'self_target': False, 'future_target': False, 'past_target': False, 'add_bos_token': False, 'max_source_positions': None, 'max_target_positions': None, 'shorten_method': 'none', 'shorten_data_split_list': '', 'pad_to_fixed_length': False, 'pad_to_fixed_bsz': False, 'seed': 100, 'batch_size': 1, 'batch_size_valid': 1, 'dataset_impl': None, 'data_buffer_size': 10, 'tpu': False, 'use_plasma_view': False, 'plasma_path': '/tmp/plasma'}
2024-07-10 00:37:03 | INFO | fairseq_cli.eval_lm | criterion	{'_name': 'cross_entropy', 'sentence_avg': True}
2024-07-10 00:37:03 | INFO | fairseq_cli.eval_lm | optimizer	None
2024-07-10 00:37:03 | INFO | fairseq_cli.eval_lm | lr_scheduler	{'_name': 'fixed', 'force_anneal': None, 'lr_shrink': 0.1, 'warmup_updates': 0, 'lr': [0.25]}
2024-07-10 00:37:03 | INFO | fairseq_cli.eval_lm | scoring	{'_name': 'bleu', 'pad': 1, 'eos': 2, 'unk': 3}
2024-07-10 00:37:03 | INFO | fairseq_cli.eval_lm | bpe	{'_name': 'gpt2', 'gpt2_encoder_json': 'https://dl.fbaipublicfiles.com/fairseq/gpt2_bpe/encoder.json', 'gpt2_vocab_bpe': 'https://dl.fbaipublicfiles.com/fairseq/gpt2_bpe/vocab.bpe'}
2024-07-10 00:37:03 | INFO | fairseq_cli.eval_lm | tokenizer	None
2024-07-10 00:37:03 | INFO | fairseq_cli.eval_lm | simul_type	None
2024-07-10 00:37:03 | INFO | fairseq_cli.eval_lm | ---------------------------
2024-07-10 00:37:03 | INFO | fairseq_cli.eval_lm | loading model(s) from /work1/amd/hongmfei/models/en_moe_lm_15b/model.pt
2024-07-10 00:37:03 | INFO | fairseq.tasks.language_modeling | dictionary: 51200 types
2024-07-10 00:37:03 | INFO | fairseq.checkpoint_utils | load_model_ensemble_and_task is_moe=True
2024-07-10 00:37:03 | INFO | fairseq.moe_checkpoint_utils | Found total 64 expert files and current distributed world size: 4, Stitching experts to able to load on current world size.
2024-07-10 00:37:06 | INFO | fairseq.moe_checkpoint_utils | found 8 local experts in expert_group_id=0
2024-07-10 00:37:06 | INFO | fairseq.moe_checkpoint_utils | found 8 local experts in expert_group_id=1
2024-07-10 00:37:06 | INFO | fairseq.moe_checkpoint_utils | found 8 local experts in expert_group_id=2
2024-07-10 00:37:06 | INFO | fairseq.moe_checkpoint_utils | found 8 local experts in expert_group_id=3
2024-07-10 00:37:06 | INFO | fairseq.moe_checkpoint_utils | found 8 local experts in expert_group_id=4
2024-07-10 00:37:06 | INFO | fairseq.moe_checkpoint_utils | found 8 local experts in expert_group_id=5
2024-07-10 00:37:06 | INFO | fairseq.moe_checkpoint_utils | found 8 local experts in expert_group_id=6
2024-07-10 00:37:06 | INFO | fairseq.moe_checkpoint_utils | found 8 local experts in expert_group_id=7
2024-07-10 00:37:06 | INFO | fairseq.moe_checkpoint_utils | found 8 local experts in expert_group_id=8
2024-07-10 00:37:06 | INFO | fairseq.moe_checkpoint_utils | found 8 local experts in expert_group_id=9
2024-07-10 00:37:06 | INFO | fairseq.moe_checkpoint_utils | found 8 local experts in expert_group_id=10
2024-07-10 00:37:06 | INFO | fairseq.moe_checkpoint_utils | found 8 local experts in expert_group_id=11
2024-07-10 00:37:06 | INFO | fairseq.moe_checkpoint_utils | found 8 local experts in expert_group_id=12
2024-07-10 00:37:06 | INFO | fairseq.moe_checkpoint_utils | found 8 local experts in expert_group_id=13
2024-07-10 00:37:06 | INFO | fairseq.moe_checkpoint_utils | found 8 local experts in expert_group_id=14
2024-07-10 00:37:06 | INFO | fairseq.moe_checkpoint_utils | found 8 local experts in expert_group_id=15
2024-07-10 00:37:25 | INFO | fairseq_cli.eval_lm | num. model params: 3,725,230,080
2024-07-10 00:37:38 | INFO | fairseq.data.data_utils | loaded 1,482,831,152 examples from: /work1/amd/hongmfei/raw_data/data-bin/wiki/valid
2024-07-10 00:37:47 | INFO | fairseq_cli.eval_lm | /work1/amd/hongmfei/raw_data/data-bin/wiki/ valid 17,792,645 examples
2024-07-10 00:38:05 | INFO | fairseq_cli.eval_lm | load time: 62.32 seconds
/work1/amd/hongmfei/moespace/.moefair/lib64/python3.9/site-packages/torch/nn/functional.py:5504: UserWarning: 1Torch was not compiled with memory efficient attention. (Triggered internally at ../aten/src/ATen/native/transformers/hip/sdp_utils.cpp:505.)
  attn_output = scaled_dot_product_attention(q, k, v, attn_mask, dropout_p, is_causal)
Warning: The --amdgpu-target option has been deprecated and will be removed in the future.  Use --offload-arch instead.
Warning: The --amdgpu-target option has been deprecated and will be removed in the future.  Use --offload-arch instead.
/work1/amd/hongmfei/moespace/.moefair/lib64/python3.9/site-packages/torch/nn/functional.py:5137: UserWarning: Support for mismatched key_padding_mask and attn_mask is deprecated. Use same type for both instead.
  warnings.warn(
/work1/amd/hongmfei/moespace/.moefair/lib64/python3.9/site-packages/torch/nn/functional.py:5504: UserWarning: 1Torch was not compiled with memory efficient attention. (Triggered internally at ../aten/src/ATen/native/transformers/hip/sdp_utils.cpp:505.)
  attn_output = scaled_dot_product_attention(q, k, v, attn_mask, dropout_p, is_causal)
Warning: The --amdgpu-target option has been deprecated and will be removed in the future.  Use --offload-arch instead.
Warning: The --amdgpu-target option has been deprecated and will be removed in the future.  Use --offload-arch instead.
/work1/amd/hongmfei/moespace/.moefair/lib64/python3.9/site-packages/torch/nn/functional.py:5504: UserWarning: 1Torch was not compiled with memory efficient attention. (Triggered internally at ../aten/src/ATen/native/transformers/hip/sdp_utils.cpp:505.)
  attn_output = scaled_dot_product_attention(q, k, v, attn_mask, dropout_p, is_causal)
/work1/amd/hongmfei/moespace/.moefair/lib64/python3.9/site-packages/torch/nn/functional.py:5504: UserWarning: 1Torch was not compiled with memory efficient attention. (Triggered internally at ../aten/src/ATen/native/transformers/hip/sdp_utils.cpp:505.)
  attn_output = scaled_dot_product_attention(q, k, v, attn_mask, dropout_p, is_causal)
Warning: The --amdgpu-target option has been deprecated and will be removed in the future.  Use --offload-arch instead.
Warning: The --amdgpu-target option has been deprecated and will be removed in the future.  Use --offload-arch instead.
Warning: The --amdgpu-target option has been deprecated and will be removed in the future.  Use --offload-arch instead.
Warning: The --amdgpu-target option has been deprecated and will be removed in the future.  Use --offload-arch instead.
Warning: The --amdgpu-target option has been deprecated and will be removed in the future.  Use --offload-arch instead.
Warning: The --amdgpu-target option has been deprecated and will be removed in the future.  Use --offload-arch instead.
Warning: The --amdgpu-target option has been deprecated and will be removed in the future.  Use --offload-arch instead.
Warning: The --amdgpu-target option has been deprecated and will be removed in the future.  Use --offload-arch instead.
2024-07-10 00:38:35 | INFO | fairseq.modules.moe.moe_layer | cpu time: 2357.935302734375, gpu time: 2379.449417114258
2024-07-10 00:38:35 | INFO | fairseq.modules.moe.moe_layer | cpu time: 0.79931640625, gpu time: 34.000484466552734
2024-07-10 00:38:35 | INFO | fairseq.modules.moe.moe_layer | cpu time: 0.6552734375, gpu time: 42.081926345825195
2024-07-10 00:38:35 | INFO | fairseq.modules.moe.moe_layer | cpu time: 0.60205078125, gpu time: 40.84352684020996
2024-07-10 00:38:36 | INFO | fairseq.modules.moe.moe_layer | cpu time: 0.6123046875, gpu time: 34.16880226135254
2024-07-10 00:38:36 | INFO | fairseq.modules.moe.moe_layer | cpu time: 0.6064453125, gpu time: 41.06880760192871
2024-07-10 00:38:36 | INFO | fairseq.modules.moe.moe_layer | cpu time: 2358.651123046875, gpu time: 2418.563503265381
2024-07-10 00:38:36 | INFO | fairseq.modules.moe.moe_layer | cpu time: 1.4560546875, gpu time: 68.32672882080078
2024-07-10 00:38:36 | INFO | fairseq.modules.moe.moe_layer | cpu time: 1.276123046875, gpu time: 89.1086540222168
2024-07-10 00:38:36 | INFO | fairseq.modules.moe.moe_layer | cpu time: 1.281494140625, gpu time: 81.26193237304688
2024-07-10 00:38:36 | INFO | fairseq.modules.moe.moe_layer | cpu time: 1.260009765625, gpu time: 68.52800750732422
2024-07-10 00:38:37 | INFO | fairseq.modules.moe.moe_layer | cpu time: 1.20556640625, gpu time: 84.79361343383789
2024-07-10 00:38:37 | INFO | fairseq.modules.moe.moe_layer | cpu time: 2359.398681640625, gpu time: 2458.136308670044
2024-07-10 00:38:37 | INFO | fairseq.modules.moe.moe_layer | cpu time: 2.06396484375, gpu time: 108.51521492004395
2024-07-10 00:38:37 | INFO | fairseq.modules.moe.moe_layer | cpu time: 1.932373046875, gpu time: 130.86657905578613
2024-07-10 00:38:37 | INFO | fairseq.modules.moe.moe_layer | cpu time: 1.943115234375, gpu time: 122.43537902832031
2024-07-10 00:38:37 | INFO | fairseq.modules.moe.moe_layer | cpu time: 1.97802734375, gpu time: 109.39249420166016
2024-07-10 00:38:38 | INFO | fairseq.modules.moe.moe_layer | cpu time: 1.80712890625, gpu time: 128.93426132202148
2024-07-10 00:38:38 | INFO | fairseq.modules.moe.moe_layer | cpu time: 2360.046630859375, gpu time: 2498.462715148926
2024-07-10 00:38:38 | INFO | fairseq.modules.moe.moe_layer | cpu time: 2.6533203125, gpu time: 148.50402069091797
2024-07-10 00:38:38 | INFO | fairseq.modules.moe.moe_layer | cpu time: 2.556640625, gpu time: 165.11378288269043
2024-07-10 00:38:38 | INFO | fairseq.modules.moe.moe_layer | cpu time: 2.588623046875, gpu time: 162.99522590637207
2024-07-10 00:38:38 | INFO | fairseq.modules.moe.moe_layer | cpu time: 2.612548828125, gpu time: 150.11090087890625
2024-07-10 00:38:38 | INFO | fairseq.modules.moe.moe_layer | cpu time: 2.4482421875, gpu time: 163.35970497131348
2024-07-10 00:38:39 | INFO | fairseq.modules.moe.moe_layer | cpu time: 2360.698486328125, gpu time: 2539.269281387329
2024-07-10 00:38:39 | INFO | fairseq.modules.moe.moe_layer | cpu time: 3.292236328125, gpu time: 189.39266777038574
2024-07-10 00:38:39 | INFO | fairseq.modules.moe.moe_layer | cpu time: 3.185791015625, gpu time: 202.03458786010742
2024-07-10 00:38:39 | INFO | fairseq.modules.moe.moe_layer | cpu time: 3.206298828125, gpu time: 203.36115264892578
2024-07-10 00:38:39 | INFO | fairseq.modules.moe.moe_layer | cpu time: 3.201171875, gpu time: 190.3529872894287
2024-07-10 00:38:39 | INFO | fairseq.modules.moe.moe_layer | cpu time: 3.13330078125, gpu time: 197.49555015563965
2024-07-10 00:38:39 | INFO | fairseq.modules.moe.moe_layer | cpu time: 2361.342529296875, gpu time: 2579.910087585449
2024-07-10 00:38:40 | INFO | fairseq.modules.moe.moe_layer | cpu time: 3.925048828125, gpu time: 229.79251289367676
2024-07-10 00:38:40 | INFO | fairseq.modules.moe.moe_layer | cpu time: 3.817138671875, gpu time: 236.9302749633789
2024-07-10 00:38:40 | INFO | fairseq.modules.moe.moe_layer | cpu time: 3.857177734375, gpu time: 247.99075889587402
2024-07-10 00:38:40 | INFO | fairseq.modules.moe.moe_layer | cpu time: 3.869873046875, gpu time: 230.5409927368164
2024-07-10 00:38:40 | INFO | fairseq.modules.moe.moe_layer | cpu time: 3.78125, gpu time: 232.05523490905762
2024-07-10 00:38:40 | INFO | fairseq.modules.moe.moe_layer | cpu time: 2361.990234375, gpu time: 2623.208013534546
2024-07-10 00:38:40 | INFO | fairseq.modules.moe.moe_layer | cpu time: 4.5390625, gpu time: 266.9633960723877
2024-07-10 00:38:41 | INFO | fairseq.modules.moe.moe_layer | cpu time: 4.447509765625, gpu time: 277.6498031616211
2024-07-10 00:38:41 | INFO | fairseq.modules.moe.moe_layer | cpu time: 4.492431640625, gpu time: 282.36388397216797
2024-07-10 00:38:41 | INFO | fairseq.modules.moe.moe_layer | cpu time: 4.4921875, gpu time: 271.20004081726074
2024-07-10 00:38:41 | INFO | fairseq.modules.moe.moe_layer | cpu time: 4.420654296875, gpu time: 274.01172256469727
2024-07-10 00:38:41 | INFO | fairseq.modules.moe.moe_layer | cpu time: 2362.63720703125, gpu time: 2658.4131393432617
2024-07-10 00:38:41 | INFO | fairseq.modules.moe.moe_layer | cpu time: 5.103759765625, gpu time: 307.0562038421631
2024-07-10 00:38:41 | INFO | fairseq.modules.moe.moe_layer | cpu time: 5.063720703125, gpu time: 318.5424518585205
2024-07-10 00:38:42 | INFO | fairseq.modules.moe.moe_layer | cpu time: 5.089111328125, gpu time: 316.3893299102783
2024-07-10 00:38:42 | INFO | fairseq.modules.moe.moe_layer | cpu time: 5.149169921875, gpu time: 311.6696491241455
2024-07-10 00:38:42 | INFO | fairseq.modules.moe.moe_layer | cpu time: 5.01123046875, gpu time: 315.29796981811523
2024-07-10 00:38:42 | INFO | fairseq.modules.moe.moe_layer | cpu time: 2363.292236328125, gpu time: 2693.325464248657
2024-07-10 00:38:42 | INFO | fairseq.modules.moe.moe_layer | cpu time: 5.65185546875, gpu time: 347.3658103942871
2024-07-10 00:38:42 | INFO | fairseq.modules.moe.moe_layer | cpu time: 5.6298828125, gpu time: 358.963098526001
2024-07-10 00:38:42 | INFO | fairseq.modules.moe.moe_layer | cpu time: 5.67236328125, gpu time: 350.5682144165039
2024-07-10 00:38:43 | INFO | fairseq.modules.moe.moe_layer | cpu time: 5.754638671875, gpu time: 352.2669372558594
2024-07-10 00:38:43 | INFO | fairseq.modules.moe.moe_layer | cpu time: 5.66796875, gpu time: 354.8424587249756
2024-07-10 00:38:43 | INFO | fairseq.modules.moe.moe_layer | cpu time: 2363.937744140625, gpu time: 2728.1427478790283
2024-07-10 00:38:43 | INFO | fairseq.modules.moe.moe_layer | cpu time: 6.3427734375, gpu time: 390.4789390563965
2024-07-10 00:38:43 | INFO | fairseq.modules.moe.moe_layer | cpu time: 6.294189453125, gpu time: 400.40550422668457
2024-07-10 00:38:43 | INFO | fairseq.modules.moe.moe_layer | cpu time: 6.276123046875, gpu time: 386.0099792480469
2024-07-10 00:38:44 | INFO | fairseq.modules.moe.moe_layer | cpu time: 6.37451171875, gpu time: 392.86406326293945
2024-07-10 00:38:44 | INFO | fairseq.modules.moe.moe_layer | cpu time: 6.292236328125, gpu time: 395.9832649230957
2024-07-10 00:38:44 | INFO | fairseq.modules.moe.moe_layer | cpu time: 2364.58935546875, gpu time: 2763.2865924835205
2024-07-10 00:38:44 | INFO | fairseq.modules.moe.moe_layer | cpu time: 7.0361328125, gpu time: 436.4931869506836
2024-07-10 00:38:44 | INFO | fairseq.modules.moe.moe_layer | cpu time: 6.940185546875, gpu time: 442.28743171691895
2024-07-10 00:38:44 | INFO | fairseq.modules.moe.moe_layer | cpu time: 6.867431640625, gpu time: 420.08534240722656
2024-07-10 00:38:44 | INFO | fairseq.modules.moe.moe_layer | cpu time: 6.97216796875, gpu time: 439.5743103027344
2024-07-10 00:38:45 | INFO | fairseq.modules.moe.moe_layer | cpu time: 6.939697265625, gpu time: 434.8530330657959
2024-07-10 00:38:45 | INFO | fairseq.modules.moe.moe_layer | cpu time: 2365.2197265625, gpu time: 2798.1760387420654
2024-07-10 00:38:45 | INFO | fairseq.modules.moe.moe_layer | cpu time: 7.67333984375, gpu time: 478.98055267333984
2024-07-10 00:38:45 | INFO | fairseq.modules.moe.moe_layer | cpu time: 7.546630859375, gpu time: 479.3698387145996
2024-07-10 00:38:45 | INFO | fairseq.modules.moe.moe_layer | cpu time: 7.526611328125, gpu time: 461.60166931152344
2024-07-10 00:38:45 | INFO | fairseq.modules.moe.moe_layer | cpu time: 7.548095703125, gpu time: 473.7887153625488
2024-07-10 00:38:45 | INFO | fairseq.modules.moe.moe_layer | cpu time: 7.56982421875, gpu time: 475.2104797363281
2024-07-10 00:38:46 | INFO | fairseq.modules.moe.moe_layer | cpu time: 2365.87109375, gpu time: 2840.1531658172607
2024-07-10 00:38:46 | INFO | fairseq.modules.moe.moe_layer | cpu time: 8.336181640625, gpu time: 513.8189582824707
2024-07-10 00:38:46 | INFO | fairseq.modules.moe.moe_layer | cpu time: 8.128173828125, gpu time: 518.4848861694336
2024-07-10 00:38:46 | INFO | fairseq.modules.moe.moe_layer | cpu time: 8.15087890625, gpu time: 503.4512748718262
2024-07-10 00:38:46 | INFO | fairseq.modules.moe.moe_layer | cpu time: 8.17578125, gpu time: 508.6616802215576
2024-07-10 00:38:46 | INFO | fairseq.modules.moe.moe_layer | cpu time: 8.222412109375, gpu time: 516.5770454406738
2024-07-10 00:38:46 | INFO | fairseq.modules.moe.moe_layer | cpu time: 2366.529541015625, gpu time: 2881.149492263794
2024-07-10 00:38:47 | INFO | fairseq.modules.moe.moe_layer | cpu time: 8.986328125, gpu time: 548.5269622802734
2024-07-10 00:38:47 | INFO | fairseq.modules.moe.moe_layer | cpu time: 8.693603515625, gpu time: 554.9076118469238
2024-07-10 00:38:47 | INFO | fairseq.modules.moe.moe_layer | cpu time: 8.78271484375, gpu time: 537.5845603942871
2024-07-10 00:38:47 | INFO | fairseq.modules.moe.moe_layer | cpu time: 8.75634765625, gpu time: 542.8927268981934
2024-07-10 00:38:47 | INFO | fairseq.modules.moe.moe_layer | cpu time: 8.88037109375, gpu time: 550.6650505065918
2024-07-10 00:38:47 | INFO | fairseq.modules.moe.moe_layer | cpu time: 2367.19140625, gpu time: 2919.2530212402344
2024-07-10 00:38:47 | INFO | fairseq.modules.moe.moe_layer | cpu time: 9.601806640625, gpu time: 583.8770484924316
2024-07-10 00:38:48 | INFO | fairseq.modules.moe.moe_layer | cpu time: 9.308837890625, gpu time: 589.1004180908203
2024-07-10 00:38:48 | INFO | fairseq.modules.moe.moe_layer | cpu time: 9.4248046875, gpu time: 576.0464897155762
2024-07-10 00:38:48 | INFO | fairseq.modules.moe.moe_layer | cpu time: 9.357666015625, gpu time: 578.4093723297119
2024-07-10 00:38:48 | INFO | fairseq.modules.moe.moe_layer | cpu time: 9.504150390625, gpu time: 584.5098552703857
2024-07-10 00:38:48 | INFO | fairseq.modules.moe.moe_layer | cpu time: 2367.80810546875, gpu time: 2953.6359062194824
2024-07-10 00:38:48 | INFO | fairseq.modules.moe.moe_layer | cpu time: 10.22021484375, gpu time: 625.5981769561768
2024-07-10 00:38:48 | INFO | fairseq.modules.moe.moe_layer | cpu time: 9.8896484375, gpu time: 623.2660236358643
2024-07-10 00:38:49 | INFO | fairseq.modules.moe.moe_layer | cpu time: 9.978271484375, gpu time: 610.0655345916748
2024-07-10 00:38:49 | INFO | fairseq.modules.moe.moe_layer | cpu time: 9.997802734375, gpu time: 612.6956176757812
2024-07-10 00:38:49 | INFO | fairseq.modules.moe.moe_layer | cpu time: 10.140869140625, gpu time: 620.7578620910645
2024-07-10 00:38:49 | INFO | fairseq.modules.moe.moe_layer | cpu time: 2368.464111328125, gpu time: 2990.1375122070312
2024-07-10 00:38:49 | INFO | fairseq.modules.moe.moe_layer | cpu time: 10.818603515625, gpu time: 660.7085838317871
2024-07-10 00:38:49 | INFO | fairseq.modules.moe.moe_layer | cpu time: 10.457763671875, gpu time: 657.4164276123047
2024-07-10 00:38:50 | INFO | fairseq.modules.moe.moe_layer | cpu time: 10.586669921875, gpu time: 644.1458606719971
2024-07-10 00:38:50 | INFO | fairseq.modules.moe.moe_layer | cpu time: 10.571533203125, gpu time: 649.9172267913818
2024-07-10 00:38:50 | INFO | fairseq.modules.moe.moe_layer | cpu time: 10.755126953125, gpu time: 655.0746688842773
2024-07-10 00:38:50 | INFO | fairseq.modules.moe.moe_layer | cpu time: 2369.128662109375, gpu time: 3028.665199279785
2024-07-10 00:38:50 | INFO | fairseq.modules.moe.moe_layer | cpu time: 11.43603515625, gpu time: 695.0484313964844
2024-07-10 00:38:50 | INFO | fairseq.modules.moe.moe_layer | cpu time: 11.025634765625, gpu time: 695.9117946624756
2024-07-10 00:38:50 | INFO | fairseq.modules.moe.moe_layer | cpu time: 11.1650390625, gpu time: 681.5829887390137
2024-07-10 00:38:51 | INFO | fairseq.modules.moe.moe_layer | cpu time: 11.192138671875, gpu time: 684.1482734680176
2024-07-10 00:38:51 | INFO | fairseq.modules.moe.moe_layer | cpu time: 11.32958984375, gpu time: 692.2201156616211
2024-07-10 00:38:51 | INFO | fairseq.modules.moe.moe_layer | cpu time: 2369.775146484375, gpu time: 3063.0292072296143
2024-07-10 00:38:51 | INFO | fairseq.modules.moe.moe_layer | cpu time: 12.003662109375, gpu time: 729.1882781982422
2024-07-10 00:38:51 | INFO | fairseq.modules.moe.moe_layer | cpu time: 11.58544921875, gpu time: 730.1596412658691
2024-07-10 00:38:51 | INFO | fairseq.modules.moe.moe_layer | cpu time: 11.75830078125, gpu time: 719.2737159729004
2024-07-10 00:38:51 | INFO | fairseq.modules.moe.moe_layer | cpu time: 11.75537109375, gpu time: 718.3073196411133
2024-07-10 00:38:52 | INFO | fairseq.modules.moe.moe_layer | cpu time: 11.92333984375, gpu time: 726.4858837127686
2024-07-10 00:38:52 | INFO | fairseq.modules.moe.moe_layer | cpu time: 2370.4306640625, gpu time: 3097.2868156433105
2024-07-10 00:38:52 | INFO | fairseq.modules.moe.moe_layer | cpu time: 12.6171875, gpu time: 763.5244464874268
2024-07-10 00:38:52 | INFO | fairseq.modules.moe.moe_layer | cpu time: 12.188720703125, gpu time: 764.50412940979
2024-07-10 00:38:52 | INFO | fairseq.modules.moe.moe_layer | cpu time: 12.388916015625, gpu time: 752.8778820037842
2024-07-10 00:38:52 | INFO | fairseq.modules.moe.moe_layer | cpu time: 12.3798828125, gpu time: 752.3673267364502
2024-07-10 00:38:52 | INFO | fairseq.modules.moe.moe_layer | cpu time: 12.5146484375, gpu time: 760.564130783081
2024-07-10 00:38:53 | INFO | fairseq.modules.moe.moe_layer | cpu time: 2371.095703125, gpu time: 3131.3765830993652
2024-07-10 00:38:53 | INFO | fairseq.modules.moe.moe_layer | cpu time: 13.233642578125, gpu time: 797.0958156585693
2024-07-10 00:38:53 | INFO | fairseq.modules.moe.moe_layer | cpu time: 12.96826171875, gpu time: 798.497896194458
2024-07-10 00:38:53 | INFO | fairseq.modules.moe.moe_layer | cpu time: 12.975341796875, gpu time: 787.1908493041992
2024-07-10 00:38:53 | INFO | fairseq.modules.moe.moe_layer | cpu time: 12.95947265625, gpu time: 785.8937339782715
2024-07-10 00:38:53 | INFO | fairseq.modules.moe.moe_layer | cpu time: 13.19921875, gpu time: 794.5970973968506
2024-07-10 00:38:53 | INFO | fairseq.modules.moe.moe_layer | cpu time: 2371.76220703125, gpu time: 3166.9037914276123
2024-07-10 00:38:54 | INFO | fairseq.modules.moe.moe_layer | cpu time: 13.799560546875, gpu time: 831.1694240570068
2024-07-10 00:38:54 | INFO | fairseq.modules.moe.moe_layer | cpu time: 13.573486328125, gpu time: 833.7593441009521
2024-07-10 00:38:54 | INFO | fairseq.modules.moe.moe_layer | cpu time: 13.608154296875, gpu time: 822.5628566741943
2024-07-10 00:38:54 | INFO | fairseq.modules.moe.moe_layer | cpu time: 13.525146484375, gpu time: 822.0787010192871
2024-07-10 00:38:54 | INFO | fairseq.modules.moe.moe_layer | cpu time: 13.75732421875, gpu time: 828.4347057342529
2024-07-10 00:38:54 | INFO | fairseq.modules.moe.moe_layer | cpu time: 2372.423828125, gpu time: 3201.018840789795
2024-07-10 00:38:54 | INFO | fairseq.modules.moe.moe_layer | cpu time: 14.42529296875, gpu time: 865.4100723266602
2024-07-10 00:38:55 | INFO | fairseq.modules.moe.moe_layer | cpu time: 14.1748046875, gpu time: 876.4364719390869
2024-07-10 00:38:55 | INFO | fairseq.modules.moe.moe_layer | cpu time: 14.187744140625, gpu time: 856.1115036010742
2024-07-10 00:38:55 | INFO | fairseq.modules.moe.moe_layer | cpu time: 14.137939453125, gpu time: 856.4291095733643
2024-07-10 00:38:55 | INFO | fairseq.modules.moe.moe_layer | cpu time: 14.3818359375, gpu time: 862.9254341125488
2024-07-10 00:38:55 | INFO | fairseq.modules.moe.moe_layer | cpu time: 2373.071533203125, gpu time: 3245.666851043701
2024-07-10 00:38:55 | INFO | fairseq.modules.moe.moe_layer | cpu time: 15.104736328125, gpu time: 904.9438400268555
2024-07-10 00:38:56 | INFO | fairseq.modules.moe.moe_layer | cpu time: 14.788330078125, gpu time: 916.6273593902588
2024-07-10 00:38:56 | INFO | fairseq.modules.moe.moe_layer | cpu time: 14.945556640625, gpu time: 900.728630065918
2024-07-10 00:38:56 | INFO | fairseq.modules.moe.moe_layer | cpu time: 14.9033203125, gpu time: 901.2516784667969
2024-07-10 00:38:56 | INFO | fairseq.modules.moe.moe_layer | cpu time: 15.034423828125, gpu time: 910.1776008605957
2024-07-10 00:38:56 | INFO | fairseq.modules.moe.moe_layer | cpu time: 2373.87060546875, gpu time: 3290.5998191833496
2024-07-10 00:38:56 | INFO | fairseq.modules.moe.moe_layer | cpu time: 15.732177734375, gpu time: 938.5819282531738
2024-07-10 00:38:56 | INFO | fairseq.modules.moe.moe_layer | cpu time: 15.4677734375, gpu time: 955.7491283416748
2024-07-10 00:38:57 | INFO | fairseq.modules.moe.moe_layer | cpu time: 15.517578125, gpu time: 942.0092792510986
2024-07-10 00:38:57 | INFO | fairseq.modules.moe.moe_layer | cpu time: 15.50732421875, gpu time: 946.9307250976562
2024-07-10 00:38:57 | INFO | fairseq.modules.moe.moe_layer | cpu time: 15.820068359375, gpu time: 949.9067287445068
2024-07-10 00:38:57 | INFO | fairseq.modules.moe.moe_layer | cpu time: 2374.50390625, gpu time: 3331.875986099243
2024-07-10 00:38:57 | INFO | fairseq.modules.moe.moe_layer | cpu time: 16.354736328125, gpu time: 979.9398555755615
2024-07-10 00:38:57 | INFO | fairseq.modules.moe.moe_layer | cpu time: 16.088623046875, gpu time: 993.2988967895508
2024-07-10 00:38:58 | INFO | fairseq.modules.moe.moe_layer | cpu time: 16.28662109375, gpu time: 982.4017658233643
2024-07-10 00:38:58 | INFO | fairseq.modules.moe.moe_layer | cpu time: 16.087890625, gpu time: 981.8244934082031
2024-07-10 00:38:58 | INFO | fairseq.modules.moe.moe_layer | cpu time: 16.408203125, gpu time: 984.550256729126
2024-07-10 00:38:58 | INFO | fairseq.modules.moe.moe_layer | cpu time: 2375.113525390625, gpu time: 3365.9217529296875
2024-07-10 00:38:58 | INFO | fairseq.modules.moe.moe_layer | cpu time: 17.0625, gpu time: 1020.4798641204834
2024-07-10 00:38:58 | INFO | fairseq.modules.moe.moe_layer | cpu time: 16.6728515625, gpu time: 1027.7403450012207
2024-07-10 00:38:58 | INFO | fairseq.modules.moe.moe_layer | cpu time: 17.21923828125, gpu time: 1029.1742572784424
2024-07-10 00:38:59 | INFO | fairseq.modules.moe.moe_layer | cpu time: 16.7255859375, gpu time: 1022.7344226837158
2024-07-10 00:38:59 | INFO | fairseq.modules.moe.moe_layer | cpu time: 16.99462890625, gpu time: 1018.9000244140625
2024-07-10 00:38:59 | INFO | fairseq.modules.moe.moe_layer | cpu time: 2375.740234375, gpu time: 3404.826560974121
2024-07-10 00:38:59 | INFO | fairseq.modules.moe.moe_layer | cpu time: 17.748291015625, gpu time: 1055.8440322875977
2024-07-10 00:38:59 | INFO | fairseq.modules.moe.moe_layer | cpu time: 17.255615234375, gpu time: 1068.2043533325195
2024-07-10 00:38:59 | INFO | fairseq.modules.moe.moe_layer | cpu time: 17.818359375, gpu time: 1070.9381065368652
2024-07-10 00:38:59 | INFO | fairseq.modules.moe.moe_layer | cpu time: 17.3828125, gpu time: 1058.4923515319824
2024-07-10 00:39:00 | INFO | fairseq.modules.moe.moe_layer | cpu time: 17.63232421875, gpu time: 1058.8113918304443
2024-07-10 00:39:00 | INFO | fairseq.modules.moe.moe_layer | cpu time: 2376.414794921875, gpu time: 3447.594409942627
2024-07-10 00:39:00 | INFO | fairseq.modules.moe.moe_layer | cpu time: 18.424072265625, gpu time: 1092.4694805145264
2024-07-10 00:39:00 | INFO | fairseq.modules.moe.moe_layer | cpu time: 17.880126953125, gpu time: 1102.6446800231934
2024-07-10 00:39:00 | INFO | fairseq.modules.moe.moe_layer | cpu time: 18.41015625, gpu time: 1116.9992332458496
2024-07-10 00:39:00 | INFO | fairseq.modules.moe.moe_layer | cpu time: 17.997802734375, gpu time: 1095.0899600982666
2024-07-10 00:39:01 | INFO | fairseq.modules.moe.moe_layer | cpu time: 18.359619140625, gpu time: 1094.1344394683838
2024-07-10 00:39:01 | INFO | fairseq.modules.moe.moe_layer | cpu time: 2377.09130859375, gpu time: 3489.949619293213
2024-07-10 00:39:01 | INFO | fairseq.modules.moe.moe_layer | cpu time: 19.02685546875, gpu time: 1129.0566883087158
2024-07-10 00:39:01 | INFO | fairseq.modules.moe.moe_layer | cpu time: 18.566162109375, gpu time: 1149.4106121063232
2024-07-10 00:39:01 | INFO | fairseq.modules.moe.moe_layer | cpu time: 19.082763671875, gpu time: 1157.8914031982422
2024-07-10 00:39:01 | INFO | fairseq.modules.moe.moe_layer | cpu time: 18.583984375, gpu time: 1137.0277309417725
2024-07-10 00:39:01 | INFO | fairseq.modules.moe.moe_layer | cpu time: 18.959228515625, gpu time: 1128.5264492034912
2024-07-10 00:39:02 | INFO | fairseq.modules.moe.moe_layer | cpu time: 2377.82080078125, gpu time: 3524.215867996216
2024-07-10 00:39:02 | INFO | fairseq.modules.moe.moe_layer | cpu time: 19.69140625, gpu time: 1170.3464584350586
2024-07-10 00:39:02 | INFO | fairseq.modules.moe.moe_layer | cpu time: 19.17578125, gpu time: 1184.764060974121
2024-07-10 00:39:02 | INFO | fairseq.modules.moe.moe_layer | cpu time: 19.823974609375, gpu time: 1192.256052017212
2024-07-10 00:39:02 | INFO | fairseq.modules.moe.moe_layer | cpu time: 19.254638671875, gpu time: 1177.5946216583252
2024-07-10 00:39:02 | INFO | fairseq.modules.moe.moe_layer | cpu time: 19.57763671875, gpu time: 1163.0520572662354
2024-07-10 00:39:02 | INFO | fairseq.modules.moe.moe_layer | cpu time: 2378.470703125, gpu time: 3557.9021167755127
2024-07-10 00:39:03 | INFO | fairseq.modules.moe.moe_layer | cpu time: 20.59765625, gpu time: 1211.4133491516113
2024-07-10 00:39:03 | INFO | fairseq.modules.moe.moe_layer | cpu time: 19.80419921875, gpu time: 1227.0707931518555
2024-07-10 00:39:03 | INFO | fairseq.modules.moe.moe_layer | cpu time: 20.430908203125, gpu time: 1233.1831016540527
2024-07-10 00:39:03 | INFO | fairseq.modules.moe.moe_layer | cpu time: 20.067626953125, gpu time: 1218.3711109161377
2024-07-10 00:39:03 | INFO | fairseq.modules.moe.moe_layer | cpu time: 20.25439453125, gpu time: 1203.5920696258545
2024-07-10 00:39:03 | INFO | fairseq.modules.moe.moe_layer | cpu time: 2379.154541015625, gpu time: 3592.235565185547
2024-07-10 00:39:04 | INFO | fairseq.modules.moe.moe_layer | cpu time: 21.246826171875, gpu time: 1257.8303241729736
2024-07-10 00:39:04 | INFO | fairseq.modules.moe.moe_layer | cpu time: 20.46142578125, gpu time: 1264.9927234649658
2024-07-10 00:39:04 | INFO | fairseq.modules.moe.moe_layer | cpu time: 21.0947265625, gpu time: 1275.7557544708252
2024-07-10 00:39:04 | INFO | fairseq.modules.moe.moe_layer | cpu time: 20.70751953125, gpu time: 1252.8381595611572
2024-07-10 00:39:04 | INFO | fairseq.modules.moe.moe_layer | cpu time: 20.99853515625, gpu time: 1243.603759765625
2024-07-10 00:39:04 | INFO | fairseq.modules.moe.moe_layer | cpu time: 2379.96484375, gpu time: 3632.1096572875977
2024-07-10 00:39:04 | INFO | fairseq.modules.moe.moe_layer | cpu time: 21.93115234375, gpu time: 1301.0479354858398
2024-07-10 00:39:05 | INFO | fairseq.modules.moe.moe_layer | cpu time: 21.1474609375, gpu time: 1311.1600971221924
2024-07-10 00:39:05 | INFO | fairseq.modules.moe.moe_layer | cpu time: 21.760986328125, gpu time: 1318.325527191162
2024-07-10 00:39:05 | INFO | fairseq.modules.moe.moe_layer | cpu time: 21.339599609375, gpu time: 1288.7876091003418
2024-07-10 00:39:05 | INFO | fairseq.modules.moe.moe_layer | cpu time: 21.619140625, gpu time: 1279.0620098114014
2024-07-10 00:39:05 | INFO | fairseq.modules.moe.moe_layer | cpu time: 2380.692138671875, gpu time: 3666.4786262512207
2024-07-10 00:39:05 | INFO | fairseq.modules.moe.moe_layer | cpu time: 22.5322265625, gpu time: 1342.0511474609375
2024-07-10 00:39:06 | INFO | fairseq.modules.moe.moe_layer | cpu time: 21.79541015625, gpu time: 1347.6537055969238
2024-07-10 00:39:06 | INFO | fairseq.modules.moe.moe_layer | cpu time: 22.460205078125, gpu time: 1358.5316181182861
2024-07-10 00:39:06 | INFO | fairseq.modules.moe.moe_layer | cpu time: 22.01513671875, gpu time: 1329.077220916748
2024-07-10 00:39:06 | INFO | fairseq.modules.moe.moe_layer | cpu time: 22.247314453125, gpu time: 1320.5866622924805
2024-07-10 00:39:06 | INFO | fairseq.modules.moe.moe_layer | cpu time: 2381.43505859375, gpu time: 3707.248239517212
2024-07-10 00:39:06 | INFO | fairseq.modules.moe.moe_layer | cpu time: 23.206298828125, gpu time: 1376.8612365722656
2024-07-10 00:39:06 | INFO | fairseq.modules.moe.moe_layer | cpu time: 22.47314453125, gpu time: 1398.275161743164
2024-07-10 00:39:07 | INFO | fairseq.modules.moe.moe_layer | cpu time: 23.12109375, gpu time: 1392.4453868865967
2024-07-10 00:39:07 | INFO | fairseq.modules.moe.moe_layer | cpu time: 22.630615234375, gpu time: 1365.5391521453857
2024-07-10 00:39:07 | INFO | fairseq.modules.moe.moe_layer | cpu time: 22.88525390625, gpu time: 1361.4391536712646
2024-07-10 00:39:07 | INFO | fairseq.modules.moe.moe_layer | cpu time: 2382.0751953125, gpu time: 3747.600091934204
2024-07-10 00:39:07 | INFO | fairseq.modules.moe.moe_layer | cpu time: 23.81591796875, gpu time: 1424.5879726409912
2024-07-10 00:39:07 | INFO | fairseq.modules.moe.moe_layer | cpu time: 23.115966796875, gpu time: 1438.9426937103271
2024-07-10 00:39:08 | INFO | fairseq.modules.moe.moe_layer | cpu time: 23.791259765625, gpu time: 1433.9717979431152
2024-07-10 00:39:08 | INFO | fairseq.modules.moe.moe_layer | cpu time: 23.29638671875, gpu time: 1406.460605621338
2024-07-10 00:39:08 | INFO | fairseq.modules.moe.moe_layer | cpu time: 23.528076171875, gpu time: 1404.0468482971191
2024-07-10 00:39:08 | INFO | fairseq.modules.moe.moe_layer | cpu time: 2382.7734375, gpu time: 3803.09130859375
2024-07-10 00:39:08 | INFO | fairseq.modules.moe.moe_layer | cpu time: 24.876220703125, gpu time: 1465.4409446716309
2024-07-10 00:39:08 | INFO | fairseq.modules.moe.moe_layer | cpu time: 23.8818359375, gpu time: 1479.6262283325195
2024-07-10 00:39:09 | INFO | fairseq.modules.moe.moe_layer | cpu time: 24.460205078125, gpu time: 1477.5006122589111
2024-07-10 00:39:09 | INFO | fairseq.modules.moe.moe_layer | cpu time: 23.9375, gpu time: 1442.4161396026611
2024-07-10 00:39:09 | INFO | fairseq.modules.moe.moe_layer | cpu time: 24.21435546875, gpu time: 1444.762861251831
2024-07-10 00:39:09 | INFO | fairseq.modules.moe.moe_layer | cpu time: 2383.46435546875, gpu time: 3846.90940284729
2024-07-10 00:39:09 | INFO | fairseq.modules.moe.moe_layer | cpu time: 25.50537109375, gpu time: 1505.7393589019775
2024-07-10 00:39:09 | INFO | fairseq.modules.moe.moe_layer | cpu time: 24.610107421875, gpu time: 1515.667839050293
2024-07-10 00:39:09 | INFO | fairseq.modules.moe.moe_layer | cpu time: 25.0966796875, gpu time: 1527.7190284729004
2024-07-10 00:39:10 | INFO | fairseq.modules.moe.moe_layer | cpu time: 24.60888671875, gpu time: 1480.4011116027832
2024-07-10 00:39:10 | INFO | fairseq.modules.moe.moe_layer | cpu time: 24.942138671875, gpu time: 1483.6742343902588
2024-07-10 00:39:10 | INFO | fairseq.modules.moe.moe_layer | cpu time: 2384.190185546875, gpu time: 3888.6791763305664
2024-07-10 00:39:10 | INFO | fairseq.modules.moe.moe_layer | cpu time: 26.096923828125, gpu time: 1541.032169342041
2024-07-10 00:39:10 | INFO | fairseq.modules.moe.moe_layer | cpu time: 25.266845703125, gpu time: 1549.8340892791748
2024-07-10 00:39:10 | INFO | fairseq.modules.moe.moe_layer | cpu time: 25.91015625, gpu time: 1569.152961730957
2024-07-10 00:39:11 | INFO | fairseq.modules.moe.moe_layer | cpu time: 25.2802734375, gpu time: 1516.5953636169434
2024-07-10 00:39:11 | INFO | fairseq.modules.moe.moe_layer | cpu time: 25.614501953125, gpu time: 1517.793285369873
2024-07-10 00:39:11 | INFO | fairseq.modules.moe.moe_layer | cpu time: 2384.891845703125, gpu time: 3923.0127849578857
2024-07-10 00:39:11 | INFO | fairseq.modules.moe.moe_layer | cpu time: 26.724609375, gpu time: 1583.9171447753906
2024-07-10 00:39:11 | INFO | fairseq.modules.moe.moe_layer | cpu time: 25.879638671875, gpu time: 1584.0093002319336
2024-07-10 00:39:11 | INFO | fairseq.modules.moe.moe_layer | cpu time: 26.564208984375, gpu time: 1602.6193733215332
2024-07-10 00:39:11 | INFO | fairseq.modules.moe.moe_layer | cpu time: 25.945556640625, gpu time: 1561.7800197601318
2024-07-10 00:39:12 | INFO | fairseq.modules.moe.moe_layer | cpu time: 26.261474609375, gpu time: 1559.6637020111084
2024-07-10 00:39:12 | INFO | fairseq.modules.moe.moe_layer | cpu time: 2385.5751953125, gpu time: 3959.948160171509
2024-07-10 00:39:12 | INFO | fairseq.modules.moe.moe_layer | cpu time: 27.5009765625, gpu time: 1625.8248386383057
2024-07-10 00:39:12 | INFO | fairseq.modules.moe.moe_layer | cpu time: 26.579833984375, gpu time: 1625.2305946350098
2024-07-10 00:39:12 | INFO | fairseq.modules.moe.moe_layer | cpu time: 27.19921875, gpu time: 1650.4589080810547
2024-07-10 00:39:12 | INFO | fairseq.modules.moe.moe_layer | cpu time: 26.732421875, gpu time: 1602.9313926696777
2024-07-10 00:39:13 | INFO | fairseq.modules.moe.moe_layer | cpu time: 26.96728515625, gpu time: 1607.4509181976318
2024-07-10 00:39:13 | INFO | fairseq.modules.moe.moe_layer | cpu time: 2386.272216796875, gpu time: 3995.5604934692383
2024-07-10 00:39:13 | INFO | fairseq.modules.moe.moe_layer | cpu time: 30.37744140625, gpu time: 1673.4952564239502
2024-07-10 00:39:13 | INFO | fairseq.modules.moe.moe_layer | cpu time: 27.33935546875, gpu time: 1665.8030891418457
2024-07-10 00:39:13 | INFO | fairseq.modules.moe.moe_layer | cpu time: 27.875, gpu time: 1700.2597255706787
2024-07-10 00:39:13 | INFO | fairseq.modules.moe.moe_layer | cpu time: 27.410400390625, gpu time: 1638.611083984375
2024-07-10 00:39:13 | INFO | fairseq.modules.moe.moe_layer | cpu time: 27.713134765625, gpu time: 1648.4358921051025
2024-07-10 00:39:14 | INFO | fairseq.modules.moe.moe_layer | cpu time: 2386.96044921875, gpu time: 4036.2150688171387
2024-07-10 00:39:14 | INFO | fairseq.modules.moe.moe_layer | cpu time: 31.056640625, gpu time: 1710.2706279754639
2024-07-10 00:39:14 | INFO | fairseq.modules.moe.moe_layer | cpu time: 28.01220703125, gpu time: 1707.080223083496
2024-07-10 00:39:14 | INFO | fairseq.modules.moe.moe_layer | cpu time: 28.536376953125, gpu time: 1746.968542098999
2024-07-10 00:39:14 | INFO | fairseq.modules.moe.moe_layer | cpu time: 28.072265625, gpu time: 1689.7413387298584
2024-07-10 00:39:14 | INFO | fairseq.modules.moe.moe_layer | cpu time: 28.402099609375, gpu time: 1689.1975059509277
2024-07-10 00:39:15 | INFO | fairseq.modules.moe.moe_layer | cpu time: 2387.62158203125, gpu time: 4077.170763015747
2024-07-10 00:39:15 | INFO | fairseq.modules.moe.moe_layer | cpu time: 31.673583984375, gpu time: 1755.446002960205
2024-07-10 00:39:15 | INFO | fairseq.modules.moe.moe_layer | cpu time: 28.692626953125, gpu time: 1743.3743171691895
2024-07-10 00:39:15 | INFO | fairseq.modules.moe.moe_layer | cpu time: 29.215576171875, gpu time: 1788.407278060913
2024-07-10 00:39:15 | INFO | fairseq.modules.moe.moe_layer | cpu time: 28.6572265625, gpu time: 1730.4056758880615
2024-07-10 00:39:15 | INFO | fairseq.modules.moe.moe_layer | cpu time: 29.023681640625, gpu time: 1723.8157596588135
2024-07-10 00:39:16 | INFO | fairseq.modules.moe.moe_layer | cpu time: 2388.31005859375, gpu time: 4118.357496261597
2024-07-10 00:39:16 | INFO | fairseq.modules.moe.moe_layer | cpu time: 32.359375, gpu time: 1847.882677078247
2024-07-10 00:39:16 | INFO | fairseq.modules.moe.moe_layer | cpu time: 29.314453125, gpu time: 1779.1024913787842
2024-07-10 00:39:16 | INFO | fairseq.modules.moe.moe_layer | cpu time: 29.8701171875, gpu time: 1830.126974105835
2024-07-10 00:39:16 | INFO | fairseq.modules.moe.moe_layer | cpu time: 29.3212890625, gpu time: 1828.1591529846191
2024-07-10 00:39:16 | INFO | fairseq.modules.moe.moe_layer | cpu time: 29.6953125, gpu time: 1765.0642585754395
2024-07-10 00:39:17 | INFO | fairseq.modules.moe.moe_layer | cpu time: 2389.10693359375, gpu time: 4159.394630432129
2024-07-10 00:39:17 | INFO | fairseq.modules.moe.moe_layer | cpu time: 33.1162109375, gpu time: 1956.5646381378174
2024-07-10 00:39:17 | INFO | fairseq.modules.moe.moe_layer | cpu time: 29.98486328125, gpu time: 1820.695629119873
2024-07-10 00:39:17 | INFO | fairseq.modules.moe.moe_layer | cpu time: 30.642822265625, gpu time: 1931.0015697479248
2024-07-10 00:39:17 | INFO | fairseq.modules.moe.moe_layer | cpu time: 29.9833984375, gpu time: 1870.7038097381592
2024-07-10 00:39:18 | INFO | fairseq.modules.moe.moe_layer | cpu time: 30.364990234375, gpu time: 1801.451473236084
2024-07-10 00:39:18 | INFO | fairseq.modules.moe.moe_layer | cpu time: 2389.81640625, gpu time: 4256.293228149414
2024-07-10 00:39:18 | INFO | fairseq.modules.moe.moe_layer | cpu time: 33.784912109375, gpu time: 1998.873773574829
2024-07-10 00:39:18 | INFO | fairseq.modules.moe.moe_layer | cpu time: 30.657470703125, gpu time: 1868.9230060577393
2024-07-10 00:39:18 | INFO | fairseq.modules.moe.moe_layer | cpu time: 31.280517578125, gpu time: 2022.2201690673828
2024-07-10 00:39:18 | INFO | fairseq.modules.moe.moe_layer | cpu time: 30.797119140625, gpu time: 1910.2307052612305
2024-07-10 00:39:19 | INFO | fairseq.modules.moe.moe_layer | cpu time: 31.07470703125, gpu time: 1849.6868534088135
2024-07-10 00:39:19 | INFO | fairseq.modules.moe.moe_layer | cpu time: 2390.5869140625, gpu time: 4347.757112503052
2024-07-10 00:39:19 | INFO | fairseq.modules.moe.moe_layer | cpu time: 34.419189453125, gpu time: 2039.6902713775635
2024-07-10 00:39:19 | INFO | fairseq.modules.moe.moe_layer | cpu time: 31.3681640625, gpu time: 1909.799503326416
2024-07-10 00:39:19 | INFO | fairseq.modules.moe.moe_layer | cpu time: 32.02734375, gpu time: 2063.2616271972656
2024-07-10 00:39:19 | INFO | fairseq.modules.moe.moe_layer | cpu time: 31.459716796875, gpu time: 1952.7339248657227
2024-07-10 00:39:20 | INFO | fairseq.modules.moe.moe_layer | cpu time: 31.72265625, gpu time: 1887.5255889892578
2024-07-10 00:39:20 | INFO | fairseq.modules.moe.moe_layer | cpu time: 2391.38623046875, gpu time: 4384.86944770813
2024-07-10 00:39:20 | INFO | fairseq.modules.moe.moe_layer | cpu time: 35.101318359375, gpu time: 2073.787727355957
2024-07-10 00:39:20 | INFO | fairseq.modules.moe.moe_layer | cpu time: 31.939208984375, gpu time: 1953.2331218719482
2024-07-10 00:39:20 | INFO | fairseq.modules.moe.moe_layer | cpu time: 32.845947265625, gpu time: 2100.5621223449707
2024-07-10 00:39:20 | INFO | fairseq.modules.moe.moe_layer | cpu time: 32.151123046875, gpu time: 1990.0595417022705
2024-07-10 00:39:21 | INFO | fairseq.modules.moe.moe_layer | cpu time: 32.404052734375, gpu time: 1928.141767501831
2024-07-10 00:39:21 | INFO | fairseq.modules.moe.moe_layer | cpu time: 2392.10888671875, gpu time: 4421.962423324585
2024-07-10 00:39:21 | INFO | fairseq.modules.moe.moe_layer | cpu time: 35.75390625, gpu time: 2107.8242225646973
2024-07-10 00:39:21 | INFO | fairseq.modules.moe.moe_layer | cpu time: 32.5859375, gpu time: 1994.8227405548096
2024-07-10 00:39:21 | INFO | fairseq.modules.moe.moe_layer | cpu time: 33.470703125, gpu time: 2139.2242183685303
2024-07-10 00:39:21 | INFO | fairseq.modules.moe.moe_layer | cpu time: 32.77587890625, gpu time: 2024.2169971466064
2024-07-10 00:39:21 | INFO | fairseq.modules.moe.moe_layer | cpu time: 33.03076171875, gpu time: 1962.258903503418
2024-07-10 00:39:22 | INFO | fairseq.modules.moe.moe_layer | cpu time: 2392.762451171875, gpu time: 4462.357643127441
2024-07-10 00:39:22 | INFO | fairseq.modules.moe.moe_layer | cpu time: 36.3818359375, gpu time: 2142.9967193603516
2024-07-10 00:39:22 | INFO | fairseq.modules.moe.moe_layer | cpu time: 33.227783203125, gpu time: 2029.0691566467285
2024-07-10 00:39:22 | INFO | fairseq.modules.moe.moe_layer | cpu time: 34.120849609375, gpu time: 2179.8547954559326
2024-07-10 00:39:22 | INFO | fairseq.modules.moe.moe_layer | cpu time: 33.424072265625, gpu time: 2059.1459732055664
2024-07-10 00:39:22 | INFO | fairseq.modules.moe.moe_layer | cpu time: 33.69482421875, gpu time: 1996.5270805358887
2024-07-10 00:39:22 | INFO | fairseq.modules.moe.moe_layer | cpu time: 2393.4189453125, gpu time: 4496.6014976501465
2024-07-10 00:39:23 | INFO | fairseq.modules.moe.moe_layer | cpu time: 37.0087890625, gpu time: 2182.607458114624
2024-07-10 00:39:23 | INFO | fairseq.modules.moe.moe_layer | cpu time: 33.82080078125, gpu time: 2063.1426124572754
2024-07-10 00:39:23 | INFO | fairseq.modules.moe.moe_layer | cpu time: 34.754150390625, gpu time: 2217.7901706695557
2024-07-10 00:39:23 | INFO | fairseq.modules.moe.moe_layer | cpu time: 34.007568359375, gpu time: 2099.232391357422
2024-07-10 00:39:23 | INFO | fairseq.modules.moe.moe_layer | cpu time: 34.32421875, gpu time: 2036.5363788604736
2024-07-10 00:39:23 | INFO | fairseq.modules.moe.moe_layer | cpu time: 2394.08642578125, gpu time: 4537.657997131348
2024-07-10 00:39:24 | INFO | fairseq.modules.moe.moe_layer | cpu time: 37.6669921875, gpu time: 2223.684118270874
2024-07-10 00:39:24 | INFO | fairseq.modules.moe.moe_layer | cpu time: 35.53173828125, gpu time: 2103.853033065796
2024-07-10 00:39:24 | INFO | fairseq.modules.moe.moe_layer | cpu time: 35.382568359375, gpu time: 2261.3450717926025
2024-07-10 00:39:24 | INFO | fairseq.modules.moe.moe_layer | cpu time: 34.6318359375, gpu time: 2140.1752910614014
2024-07-10 00:39:24 | INFO | fairseq.modules.moe.moe_layer | cpu time: 34.960693359375, gpu time: 2074.2771968841553
2024-07-10 00:39:24 | INFO | fairseq.modules.moe.moe_layer | cpu time: 2394.8408203125, gpu time: 4578.35369682312
2024-07-10 00:39:25 | INFO | fairseq.modules.moe.moe_layer | cpu time: 38.386962890625, gpu time: 2263.5847759246826
2024-07-10 00:39:25 | INFO | fairseq.modules.moe.moe_layer | cpu time: 36.186767578125, gpu time: 2146.9004135131836
2024-07-10 00:39:25 | INFO | fairseq.modules.moe.moe_layer | cpu time: 36.04052734375, gpu time: 2302.26349067688
2024-07-10 00:39:25 | INFO | fairseq.modules.moe.moe_layer | cpu time: 35.297119140625, gpu time: 2180.6689109802246
2024-07-10 00:39:25 | INFO | fairseq.modules.moe.moe_layer | cpu time: 35.599609375, gpu time: 2114.1578540802
2024-07-10 00:39:25 | INFO | fairseq.modules.moe.moe_layer | cpu time: 2395.75830078125, gpu time: 4618.060115814209
2024-07-10 00:39:25 | INFO | fairseq.modules.moe.moe_layer | cpu time: 39.16748046875, gpu time: 2303.982397079468
2024-07-10 00:39:26 | INFO | fairseq.modules.moe.moe_layer | cpu time: 36.88232421875, gpu time: 2187.436113357544
2024-07-10 00:39:26 | INFO | fairseq.modules.moe.moe_layer | cpu time: 36.73095703125, gpu time: 2343.4425506591797
2024-07-10 00:39:26 | INFO | fairseq.modules.moe.moe_layer | cpu time: 35.976318359375, gpu time: 2222.0038108825684
2024-07-10 00:39:26 | INFO | fairseq.modules.moe.moe_layer | cpu time: 36.2802734375, gpu time: 2154.0121154785156
2024-07-10 00:39:26 | INFO | fairseq.modules.moe.moe_layer | cpu time: 2396.43603515625, gpu time: 4654.930534362793
2024-07-10 00:39:26 | INFO | fairseq.modules.moe.moe_layer | cpu time: 39.843994140625, gpu time: 2342.070417404175
2024-07-10 00:39:27 | INFO | fairseq.modules.moe.moe_layer | cpu time: 37.53173828125, gpu time: 2229.297094345093
2024-07-10 00:39:27 | INFO | fairseq.modules.moe.moe_layer | cpu time: 37.340087890625, gpu time: 2384.4792098999023
2024-07-10 00:39:27 | INFO | fairseq.modules.moe.moe_layer | cpu time: 36.683837890625, gpu time: 2261.4359912872314
2024-07-10 00:39:27 | INFO | fairseq.modules.moe.moe_layer | cpu time: 36.947265625, gpu time: 2196.21213722229
2024-07-10 00:39:27 | INFO | fairseq.modules.moe.moe_layer | cpu time: 2397.153564453125, gpu time: 4695.820314407349
2024-07-10 00:39:27 | INFO | fairseq.modules.moe.moe_layer | cpu time: 40.525634765625, gpu time: 2382.5710773468018
2024-07-10 00:39:27 | INFO | fairseq.modules.moe.moe_layer | cpu time: 38.204833984375, gpu time: 2269.0388736724854
2024-07-10 00:39:28 | INFO | fairseq.modules.moe.moe_layer | cpu time: 37.957275390625, gpu time: 2425.1921882629395
2024-07-10 00:39:28 | INFO | fairseq.modules.moe.moe_layer | cpu time: 37.342041015625, gpu time: 2299.942087173462
2024-07-10 00:39:28 | INFO | fairseq.modules.moe.moe_layer | cpu time: 37.64892578125, gpu time: 2235.9183959960938
2024-07-10 00:39:28 | INFO | fairseq.modules.moe.moe_layer | cpu time: 2397.8046875, gpu time: 4736.492013931274
2024-07-10 00:39:28 | INFO | fairseq.modules.moe.moe_layer | cpu time: 41.229248046875, gpu time: 2418.9000549316406
2024-07-10 00:39:28 | INFO | fairseq.modules.moe.moe_layer | cpu time: 38.8876953125, gpu time: 2307.5537719726562
2024-07-10 00:39:29 | INFO | fairseq.modules.moe.moe_layer | cpu time: 38.57666015625, gpu time: 2466.1160469055176
2024-07-10 00:39:29 | INFO | fairseq.modules.moe.moe_layer | cpu time: 38.01611328125, gpu time: 2341.8203468322754
2024-07-10 00:39:29 | INFO | fairseq.modules.moe.moe_layer | cpu time: 38.3017578125, gpu time: 2275.9016151428223
2024-07-10 00:39:29 | INFO | fairseq.modules.moe.moe_layer | cpu time: 2398.439697265625, gpu time: 4775.636995315552
2024-07-10 00:39:29 | INFO | fairseq.modules.moe.moe_layer | cpu time: 41.832763671875, gpu time: 2459.325355529785
2024-07-10 00:39:29 | INFO | fairseq.modules.moe.moe_layer | cpu time: 39.59375, gpu time: 2348.279552459717
2024-07-10 00:39:30 | INFO | fairseq.modules.moe.moe_layer | cpu time: 39.28759765625, gpu time: 2506.437828063965
2024-07-10 00:39:30 | INFO | fairseq.modules.moe.moe_layer | cpu time: 38.627197265625, gpu time: 2390.068691253662
2024-07-10 00:39:30 | INFO | fairseq.modules.moe.moe_layer | cpu time: 39.0859375, gpu time: 2316.7515544891357
2024-07-10 00:39:30 | INFO | fairseq.modules.moe.moe_layer | cpu time: 2399.1572265625, gpu time: 4819.346138000488
2024-07-10 00:39:30 | INFO | fairseq.modules.moe.moe_layer | cpu time: 42.592529296875, gpu time: 2514.876585006714
2024-07-10 00:39:30 | INFO | fairseq.modules.moe.moe_layer | cpu time: 40.30224609375, gpu time: 2388.212371826172
2024-07-10 00:39:31 | INFO | fairseq.modules.moe.moe_layer | cpu time: 39.9970703125, gpu time: 2560.982976913452
2024-07-10 00:39:31 | INFO | fairseq.modules.moe.moe_layer | cpu time: 39.33251953125, gpu time: 2430.491750717163
2024-07-10 00:39:31 | INFO | fairseq.modules.moe.moe_layer | cpu time: 39.771728515625, gpu time: 2358.6506156921387
2024-07-10 00:39:31 | INFO | fairseq.modules.moe.moe_layer | cpu time: 2399.928955078125, gpu time: 4861.049839019775
2024-07-10 00:39:31 | INFO | fairseq.modules.moe.moe_layer | cpu time: 43.313720703125, gpu time: 2561.265727996826
2024-07-10 00:39:31 | INFO | fairseq.modules.moe.moe_layer | cpu time: 41.053466796875, gpu time: 2436.880075454712
2024-07-10 00:39:31 | INFO | fairseq.modules.moe.moe_layer | cpu time: 40.688232421875, gpu time: 2608.483160018921
2024-07-10 00:39:32 | INFO | fairseq.modules.moe.moe_layer | cpu time: 39.993896484375, gpu time: 2477.408094406128
2024-07-10 00:39:32 | INFO | fairseq.modules.moe.moe_layer | cpu time: 40.482177734375, gpu time: 2399.6714401245117
2024-07-10 00:39:32 | INFO | fairseq.modules.moe.moe_layer | cpu time: 2400.641845703125, gpu time: 4908.133382797241
2024-07-10 00:39:32 | INFO | fairseq.modules.moe.moe_layer | cpu time: 44.032470703125, gpu time: 2608.417751312256
2024-07-10 00:39:32 | INFO | fairseq.modules.moe.moe_layer | cpu time: 41.709716796875, gpu time: 2485.013381958008
2024-07-10 00:39:32 | INFO | fairseq.modules.moe.moe_layer | cpu time: 41.392333984375, gpu time: 2656.899824142456
2024-07-10 00:39:33 | INFO | fairseq.modules.moe.moe_layer | cpu time: 40.74853515625, gpu time: 2527.486520767212
2024-07-10 00:39:33 | INFO | fairseq.modules.moe.moe_layer | cpu time: 41.319580078125, gpu time: 2442.346185684204
2024-07-10 00:39:33 | INFO | fairseq.modules.moe.moe_layer | cpu time: 2401.4931640625, gpu time: 4949.344764709473
2024-07-10 00:39:33 | INFO | fairseq.modules.moe.moe_layer | cpu time: 44.766845703125, gpu time: 2655.556816101074
2024-07-10 00:39:33 | INFO | fairseq.modules.moe.moe_layer | cpu time: 42.334228515625, gpu time: 2526.625244140625
2024-07-10 00:39:33 | INFO | fairseq.modules.moe.moe_layer | cpu time: 42.1015625, gpu time: 2694.060962677002
2024-07-10 00:39:34 | INFO | fairseq.modules.moe.moe_layer | cpu time: 41.42626953125, gpu time: 2567.332941055298
2024-07-10 00:39:34 | INFO | fairseq.modules.moe.moe_layer | cpu time: 41.924560546875, gpu time: 2489.517889022827
2024-07-10 00:39:34 | INFO | fairseq.modules.moe.moe_layer | cpu time: 2402.322021484375, gpu time: 4991.583829879761
2024-07-10 00:39:34 | INFO | fairseq.modules.moe.moe_layer | cpu time: 45.402587890625, gpu time: 2696.115394592285
2024-07-10 00:39:34 | INFO | fairseq.modules.moe.moe_layer | cpu time: 42.93798828125, gpu time: 2572.097427368164
2024-07-10 00:39:34 | INFO | fairseq.modules.moe.moe_layer | cpu time: 42.801025390625, gpu time: 2735.129783630371
2024-07-10 00:39:35 | INFO | fairseq.modules.moe.moe_layer | cpu time: 42.063232421875, gpu time: 2615.089286804199
2024-07-10 00:39:35 | INFO | fairseq.modules.moe.moe_layer | cpu time: 42.533447265625, gpu time: 2529.6473503112793
2024-07-10 00:39:35 | INFO | fairseq.modules.moe.moe_layer | cpu time: 2403.07373046875, gpu time: 5032.122409820557
2024-07-10 00:39:35 | INFO | fairseq.modules.moe.moe_layer | cpu time: 46.1259765625, gpu time: 2741.887258529663
2024-07-10 00:39:35 | INFO | fairseq.modules.moe.moe_layer | cpu time: 43.59326171875, gpu time: 2611.2822494506836
2024-07-10 00:39:35 | INFO | fairseq.modules.moe.moe_layer | cpu time: 43.445068359375, gpu time: 2779.790927886963
2024-07-10 00:39:36 | INFO | fairseq.modules.moe.moe_layer | cpu time: 42.7216796875, gpu time: 2656.709789276123
2024-07-10 00:39:36 | INFO | fairseq.modules.moe.moe_layer | cpu time: 43.19091796875, gpu time: 2580.8633785247803
2024-07-10 00:39:36 | INFO | fairseq.modules.moe.moe_layer | cpu time: 2403.803955078125, gpu time: 5070.104990005493
2024-07-10 00:39:36 | INFO | fairseq.modules.moe.moe_layer | cpu time: 46.8603515625, gpu time: 2777.3357582092285
2024-07-10 00:39:36 | INFO | fairseq.modules.moe.moe_layer | cpu time: 44.19873046875, gpu time: 2652.217472076416
2024-07-10 00:39:36 | INFO | fairseq.modules.moe.moe_layer | cpu time: 44.04150390625, gpu time: 2813.961343765259
2024-07-10 00:39:36 | INFO | fairseq.modules.moe.moe_layer | cpu time: 43.403076171875, gpu time: 2691.095727920532
2024-07-10 00:39:37 | INFO | fairseq.modules.moe.moe_layer | cpu time: 43.822509765625, gpu time: 2621.0243587493896
2024-07-10 00:39:37 | INFO | fairseq.modules.moe.moe_layer | cpu time: 2404.4921875, gpu time: 5104.518129348755
2024-07-10 00:39:37 | INFO | fairseq.modules.moe.moe_layer | cpu time: 47.478515625, gpu time: 2816.8149814605713
2024-07-10 00:39:37 | INFO | fairseq.modules.moe.moe_layer | cpu time: 44.916748046875, gpu time: 2686.479091644287
2024-07-10 00:39:37 | INFO | fairseq.modules.moe.moe_layer | cpu time: 44.743896484375, gpu time: 2859.023931503296
2024-07-10 00:39:37 | INFO | fairseq.modules.moe.moe_layer | cpu time: 44.078857421875, gpu time: 2736.301675796509
2024-07-10 00:39:38 | INFO | fairseq.modules.moe.moe_layer | cpu time: 44.529296875, gpu time: 2664.3837451934814
2024-07-10 00:39:38 | INFO | fairseq.modules.moe.moe_layer | cpu time: 2405.242919921875, gpu time: 5152.990797042847
2024-07-10 00:39:38 | INFO | fairseq.modules.moe.moe_layer | cpu time: 48.17724609375, gpu time: 2861.2190074920654
2024-07-10 00:39:38 | INFO | fairseq.modules.moe.moe_layer | cpu time: 45.640625, gpu time: 2726.612554550171
2024-07-10 00:39:38 | INFO | fairseq.modules.moe.moe_layer | cpu time: 45.426025390625, gpu time: 2900.782995223999
2024-07-10 00:39:38 | INFO | fairseq.modules.moe.moe_layer | cpu time: 44.71337890625, gpu time: 2778.5544986724854
2024-07-10 00:39:39 | INFO | fairseq.modules.moe.moe_layer | cpu time: 45.12353515625, gpu time: 2706.0792903900146
2024-07-10 00:39:39 | INFO | fairseq.modules.moe.moe_layer | cpu time: 2406.0888671875, gpu time: 5201.704265594482
2024-07-10 00:39:39 | INFO | fairseq.modules.moe.moe_layer | cpu time: 48.849853515625, gpu time: 2901.8500690460205
2024-07-10 00:39:39 | INFO | fairseq.modules.moe.moe_layer | cpu time: 46.3544921875, gpu time: 2766.272575378418
2024-07-10 00:39:39 | INFO | fairseq.modules.moe.moe_layer | cpu time: 46.165771484375, gpu time: 2947.096782684326
2024-07-10 00:39:39 | INFO | fairseq.modules.moe.moe_layer | cpu time: 45.4150390625, gpu time: 2827.395648956299
2024-07-10 00:39:40 | INFO | fairseq.modules.moe.moe_layer | cpu time: 45.79541015625, gpu time: 2745.004592895508
2024-07-10 00:39:40 | INFO | fairseq.modules.moe.moe_layer | cpu time: 2406.9814453125, gpu time: 5242.445566177368
2024-07-10 00:39:40 | INFO | fairseq.modules.moe.moe_layer | cpu time: 49.633056640625, gpu time: 2943.037773132324
2024-07-10 00:39:40 | INFO | fairseq.modules.moe.moe_layer | cpu time: 47.15283203125, gpu time: 2801.134355545044
2024-07-10 00:39:40 | INFO | fairseq.modules.moe.moe_layer | cpu time: 47.0322265625, gpu time: 2989.7950477600098
2024-07-10 00:39:40 | INFO | fairseq.modules.moe.moe_layer | cpu time: 46.1806640625, gpu time: 2869.535354614258
2024-07-10 00:39:41 | INFO | fairseq.modules.moe.moe_layer | cpu time: 46.476806640625, gpu time: 2784.261417388916
2024-07-10 00:39:41 | INFO | fairseq.modules.moe.moe_layer | cpu time: 2407.820068359375, gpu time: 5284.182712554932
2024-07-10 00:39:41 | INFO | fairseq.modules.moe.moe_layer | cpu time: 50.519287109375, gpu time: 2987.238920211792
2024-07-10 00:39:41 | INFO | fairseq.modules.moe.moe_layer | cpu time: 47.8525390625, gpu time: 2844.450382232666
2024-07-10 00:39:41 | INFO | fairseq.modules.moe.moe_layer | cpu time: 47.730712890625, gpu time: 3038.374277114868
2024-07-10 00:39:41 | INFO | fairseq.modules.moe.moe_layer | cpu time: 46.9306640625, gpu time: 2910.9267387390137
2024-07-10 00:39:41 | INFO | fairseq.modules.moe.moe_layer | cpu time: 47.27099609375, gpu time: 2828.4030418395996
2024-07-10 00:39:42 | INFO | fairseq.modules.moe.moe_layer | cpu time: 2408.4794921875, gpu time: 5327.517778396606
2024-07-10 00:39:42 | INFO | fairseq.modules.moe.moe_layer | cpu time: 51.44384765625, gpu time: 3028.397506713867
2024-07-10 00:39:42 | INFO | fairseq.modules.moe.moe_layer | cpu time: 48.466552734375, gpu time: 2890.744010925293
2024-07-10 00:39:42 | INFO | fairseq.modules.moe.moe_layer | cpu time: 48.4677734375, gpu time: 3075.6912593841553
2024-07-10 00:39:42 | INFO | fairseq.modules.moe.moe_layer | cpu time: 47.69580078125, gpu time: 2953.6371669769287
2024-07-10 00:39:42 | INFO | fairseq.modules.moe.moe_layer | cpu time: 47.863525390625, gpu time: 2869.057466506958
2024-07-10 00:39:43 | INFO | fairseq.modules.moe.moe_layer | cpu time: 2409.18212890625, gpu time: 5365.363721847534
2024-07-10 00:39:43 | INFO | fairseq.modules.moe.moe_layer | cpu time: 52.25244140625, gpu time: 3075.881055831909
2024-07-10 00:39:43 | INFO | fairseq.modules.moe.moe_layer | cpu time: 49.093505859375, gpu time: 2937.1421222686768
2024-07-10 00:39:43 | INFO | fairseq.modules.moe.moe_layer | cpu time: 49.08544921875, gpu time: 3128.8680934906006
2024-07-10 00:39:43 | INFO | fairseq.modules.moe.moe_layer | cpu time: 48.3583984375, gpu time: 2995.269353866577
2024-07-10 00:39:43 | INFO | fairseq.modules.moe.moe_layer | cpu time: 48.685546875, gpu time: 2908.310613632202
2024-07-10 00:39:44 | INFO | fairseq.modules.moe.moe_layer | cpu time: 2409.96435546875, gpu time: 5412.820873260498
2024-07-10 00:39:44 | INFO | fairseq.modules.moe.moe_layer | cpu time: 52.872802734375, gpu time: 3122.8543663024902
2024-07-10 00:39:44 | INFO | fairseq.modules.moe.moe_layer | cpu time: 49.766357421875, gpu time: 2984.0399131774902
2024-07-10 00:39:44 | INFO | fairseq.modules.moe.moe_layer | cpu time: 49.769775390625, gpu time: 3171.6978797912598
2024-07-10 00:39:44 | INFO | fairseq.modules.moe.moe_layer | cpu time: 48.995361328125, gpu time: 3034.606981277466
2024-07-10 00:39:44 | INFO | fairseq.modules.moe.moe_layer | cpu time: 49.58203125, gpu time: 2955.879123687744
2024-07-10 00:39:45 | INFO | fairseq.modules.moe.moe_layer | cpu time: 2410.84375, gpu time: 5458.720903396606
2024-07-10 00:39:45 | INFO | fairseq.modules.moe.moe_layer | cpu time: 53.606201171875, gpu time: 3158.284788131714
2024-07-10 00:39:45 | INFO | fairseq.modules.moe.moe_layer | cpu time: 50.590087890625, gpu time: 3024.65193939209
2024-07-10 00:39:45 | INFO | fairseq.modules.moe.moe_layer | cpu time: 50.525634765625, gpu time: 3212.383985519409
2024-07-10 00:39:45 | INFO | fairseq.modules.moe.moe_layer | cpu time: 49.624267578125, gpu time: 3068.447483062744
2024-07-10 00:39:45 | INFO | fairseq.modules.moe.moe_layer | cpu time: 50.3408203125, gpu time: 2997.5533905029297
2024-07-10 00:39:46 | INFO | fairseq.modules.moe.moe_layer | cpu time: 2411.533203125, gpu time: 5499.096771240234
2024-07-10 00:39:46 | INFO | fairseq.modules.moe.moe_layer | cpu time: 54.242431640625, gpu time: 3192.624011993408
2024-07-10 00:39:46 | INFO | fairseq.modules.moe.moe_layer | cpu time: 51.439208984375, gpu time: 3066.9969272613525
2024-07-10 00:39:46 | INFO | fairseq.modules.moe.moe_layer | cpu time: 51.107666015625, gpu time: 3258.0438556671143
2024-07-10 00:39:46 | INFO | fairseq.modules.moe.moe_layer | cpu time: 50.34912109375, gpu time: 3109.57391166687
2024-07-10 00:39:46 | INFO | fairseq.modules.moe.moe_layer | cpu time: 51.1162109375, gpu time: 3031.2220497131348
2024-07-10 00:39:46 | INFO | fairseq.modules.moe.moe_layer | cpu time: 2412.423095703125, gpu time: 5536.461757659912
2024-07-10 00:39:47 | INFO | fairseq.modules.moe.moe_layer | cpu time: 55.0341796875, gpu time: 3226.7041969299316
2024-07-10 00:39:47 | INFO | fairseq.modules.moe.moe_layer | cpu time: 52.120361328125, gpu time: 3103.5924701690674
2024-07-10 00:39:47 | INFO | fairseq.modules.moe.moe_layer | cpu time: 51.803955078125, gpu time: 3303.5293254852295
2024-07-10 00:39:47 | INFO | fairseq.modules.moe.moe_layer | cpu time: 51.015380859375, gpu time: 3155.1923389434814
2024-07-10 00:39:47 | INFO | fairseq.modules.moe.moe_layer | cpu time: 51.97021484375, gpu time: 3084.0532875061035
2024-07-10 00:39:47 | INFO | fairseq.modules.moe.moe_layer | cpu time: 2413.121826171875, gpu time: 5580.048345565796
2024-07-10 00:39:48 | INFO | fairseq.modules.moe.moe_layer | cpu time: 55.71875, gpu time: 3273.936710357666
2024-07-10 00:39:48 | INFO | fairseq.modules.moe.moe_layer | cpu time: 52.74658203125, gpu time: 3153.379222869873
2024-07-10 00:39:48 | INFO | fairseq.modules.moe.moe_layer | cpu time: 52.647216796875, gpu time: 3344.30615234375
2024-07-10 00:39:48 | INFO | fairseq.modules.moe.moe_layer | cpu time: 51.804931640625, gpu time: 3194.614767074585
2024-07-10 00:39:48 | INFO | fairseq.modules.moe.moe_layer | cpu time: 52.65771484375, gpu time: 3128.1080360412598
2024-07-10 00:39:48 | INFO | fairseq.modules.moe.moe_layer | cpu time: 2413.803466796875, gpu time: 5614.11972618103
2024-07-10 00:39:49 | INFO | fairseq.modules.moe.moe_layer | cpu time: 56.365234375, gpu time: 3315.017698287964
2024-07-10 00:39:49 | INFO | fairseq.modules.moe.moe_layer | cpu time: 53.385009765625, gpu time: 3193.5067710876465
2024-07-10 00:39:49 | INFO | fairseq.modules.moe.moe_layer | cpu time: 53.345947265625, gpu time: 3385.8500213623047
2024-07-10 00:39:49 | INFO | fairseq.modules.moe.moe_layer | cpu time: 52.627685546875, gpu time: 3228.874631881714
2024-07-10 00:39:49 | INFO | fairseq.modules.moe.moe_layer | cpu time: 53.363037109375, gpu time: 3172.5104656219482
2024-07-10 00:39:49 | INFO | fairseq.modules.moe.moe_layer | cpu time: 2414.542724609375, gpu time: 5649.056390762329
2024-07-10 00:39:50 | INFO | fairseq.modules.moe.moe_layer | cpu time: 56.98291015625, gpu time: 3357.57452583313
2024-07-10 00:39:50 | INFO | fairseq.modules.moe.moe_layer | cpu time: 53.99462890625, gpu time: 3232.732557296753
2024-07-10 00:39:50 | INFO | fairseq.modules.moe.moe_layer | cpu time: 53.993408203125, gpu time: 3427.15740776062
2024-07-10 00:39:50 | INFO | fairseq.modules.moe.moe_layer | cpu time: 53.438232421875, gpu time: 3269.8650608062744
2024-07-10 00:39:50 | INFO | fairseq.modules.moe.moe_layer | cpu time: 54.0, gpu time: 3220.470018386841
2024-07-10 00:39:50 | INFO | fairseq.modules.moe.moe_layer | cpu time: 2415.23291015625, gpu time: 5691.024898529053
2024-07-10 00:39:50 | INFO | fairseq.modules.moe.moe_layer | cpu time: 59.5693359375, gpu time: 3400.4775943756104
2024-07-10 00:39:51 | INFO | fairseq.modules.moe.moe_layer | cpu time: 54.627685546875, gpu time: 3273.1492252349854
2024-07-10 00:39:51 | INFO | fairseq.modules.moe.moe_layer | cpu time: 54.606689453125, gpu time: 3467.875835418701
2024-07-10 00:39:51 | INFO | fairseq.modules.moe.moe_layer | cpu time: 54.039306640625, gpu time: 3304.2492446899414
2024-07-10 00:39:51 | INFO | fairseq.modules.moe.moe_layer | cpu time: 54.678955078125, gpu time: 3263.040927886963
2024-07-10 00:39:51 | INFO | fairseq.modules.moe.moe_layer | cpu time: 2415.9345703125, gpu time: 5738.60205078125
2024-07-10 00:39:51 | INFO | fairseq.modules.moe.moe_layer | cpu time: 60.228759765625, gpu time: 3440.509304046631
2024-07-10 00:39:52 | INFO | fairseq.modules.moe.moe_layer | cpu time: 55.244140625, gpu time: 3319.9470176696777
2024-07-10 00:39:52 | INFO | fairseq.modules.moe.moe_layer | cpu time: 55.31396484375, gpu time: 3511.0296268463135
2024-07-10 00:39:52 | INFO | fairseq.modules.moe.moe_layer | cpu time: 54.705810546875, gpu time: 3350.9975967407227
2024-07-10 00:39:52 | INFO | fairseq.modules.moe.moe_layer | cpu time: 55.3359375, gpu time: 3303.478395462036
2024-07-10 00:39:52 | INFO | fairseq.modules.moe.moe_layer | cpu time: 2416.5693359375, gpu time: 5783.8576011657715
2024-07-10 00:39:52 | INFO | fairseq.modules.moe.moe_layer | cpu time: 60.89892578125, gpu time: 3480.089490890503
2024-07-10 00:39:53 | INFO | fairseq.modules.moe.moe_layer | cpu time: 55.8740234375, gpu time: 3370.823534011841
2024-07-10 00:39:53 | INFO | fairseq.modules.moe.moe_layer | cpu time: 55.974365234375, gpu time: 3553.7338161468506
2024-07-10 00:39:53 | INFO | fairseq.modules.moe.moe_layer | cpu time: 55.330810546875, gpu time: 3391.4195442199707
2024-07-10 00:39:53 | INFO | fairseq.modules.moe.moe_layer | cpu time: 55.980712890625, gpu time: 3337.868658065796
2024-07-10 00:39:53 | INFO | fairseq.modules.moe.moe_layer | cpu time: 2417.273193359375, gpu time: 5826.185148239136
2024-07-10 00:39:53 | INFO | fairseq.modules.moe.moe_layer | cpu time: 61.59912109375, gpu time: 3520.8618392944336
2024-07-10 00:39:54 | INFO | fairseq.modules.moe.moe_layer | cpu time: 56.669677734375, gpu time: 3407.170120239258
2024-07-10 00:39:54 | INFO | fairseq.modules.moe.moe_layer | cpu time: 56.7265625, gpu time: 3595.3887252807617
2024-07-10 00:39:54 | INFO | fairseq.modules.moe.moe_layer | cpu time: 56.05859375, gpu time: 3425.800687789917
2024-07-10 00:39:54 | INFO | fairseq.modules.moe.moe_layer | cpu time: 56.6005859375, gpu time: 3378.3566856384277
2024-07-10 00:39:54 | INFO | fairseq.modules.moe.moe_layer | cpu time: 2418.184326171875, gpu time: 5866.041017532349
2024-07-10 00:39:54 | INFO | fairseq.modules.moe.moe_layer | cpu time: 62.227783203125, gpu time: 3561.1362686157227
2024-07-10 00:39:55 | INFO | fairseq.modules.moe.moe_layer | cpu time: 57.25146484375, gpu time: 3447.8658294677734
2024-07-10 00:39:55 | INFO | fairseq.modules.moe.moe_layer | cpu time: 57.60205078125, gpu time: 3635.4476318359375
2024-07-10 00:39:55 | INFO | fairseq.modules.moe.moe_layer | cpu time: 56.785888671875, gpu time: 3466.449836730957
2024-07-10 00:39:55 | INFO | fairseq.modules.moe.moe_layer | cpu time: 57.328369140625, gpu time: 3419.278793334961
2024-07-10 00:39:55 | INFO | fairseq.modules.moe.moe_layer | cpu time: 2419.077880859375, gpu time: 5914.91385269165
2024-07-10 00:39:55 | INFO | fairseq.modules.moe.moe_layer | cpu time: 62.988525390625, gpu time: 3599.419496536255
2024-07-10 00:39:56 | INFO | fairseq.modules.moe.moe_layer | cpu time: 58.064453125, gpu time: 3491.04026222229
2024-07-10 00:39:56 | INFO | fairseq.modules.moe.moe_layer | cpu time: 58.416015625, gpu time: 3674.3676586151123
2024-07-10 00:39:56 | INFO | fairseq.modules.moe.moe_layer | cpu time: 57.4853515625, gpu time: 3513.6604290008545
2024-07-10 00:39:56 | INFO | fairseq.modules.moe.moe_layer | cpu time: 58.172119140625, gpu time: 3461.754343032837
2024-07-10 00:39:56 | INFO | fairseq.modules.moe.moe_layer | cpu time: 2419.82275390625, gpu time: 5951.038677215576
2024-07-10 00:39:56 | INFO | fairseq.modules.moe.moe_layer | cpu time: 63.843505859375, gpu time: 3636.643684387207
2024-07-10 00:39:56 | INFO | fairseq.modules.moe.moe_layer | cpu time: 58.771484375, gpu time: 3530.774049758911
2024-07-10 00:39:57 | INFO | fairseq.modules.moe.moe_layer | cpu time: 59.145751953125, gpu time: 3744.508192062378
2024-07-10 00:39:57 | INFO | fairseq.modules.moe.moe_layer | cpu time: 58.49951171875, gpu time: 3547.868293762207
2024-07-10 00:39:57 | INFO | fairseq.modules.moe.moe_layer | cpu time: 58.84033203125, gpu time: 3500.7183723449707
2024-07-10 00:39:57 | INFO | fairseq.modules.moe.moe_layer | cpu time: 2420.542724609375, gpu time: 6041.045148849487
2024-07-10 00:39:57 | INFO | fairseq.modules.moe.moe_layer | cpu time: 64.800048828125, gpu time: 3670.7859497070312
2024-07-10 00:39:58 | INFO | fairseq.modules.moe.moe_layer | cpu time: 59.4873046875, gpu time: 3566.6275157928467
2024-07-10 00:39:58 | INFO | fairseq.modules.moe.moe_layer | cpu time: 59.748046875, gpu time: 3833.718978881836
2024-07-10 00:39:58 | INFO | fairseq.modules.moe.moe_layer | cpu time: 59.243408203125, gpu time: 3587.4350414276123
2024-07-10 00:39:58 | INFO | fairseq.modules.moe.moe_layer | cpu time: 59.5029296875, gpu time: 3543.2636852264404
2024-07-10 00:39:58 | INFO | fairseq.modules.moe.moe_layer | cpu time: 2421.225341796875, gpu time: 6133.557376861572
2024-07-10 00:39:58 | INFO | fairseq.modules.moe.moe_layer | cpu time: 65.63232421875, gpu time: 3713.7565422058105
2024-07-10 00:39:59 | INFO | fairseq.modules.moe.moe_layer | cpu time: 60.194580078125, gpu time: 3609.8489894866943
2024-07-10 00:39:59 | INFO | fairseq.modules.moe.moe_layer | cpu time: 61.583984375, gpu time: 3942.4400215148926
2024-07-10 00:39:59 | INFO | fairseq.modules.moe.moe_layer | cpu time: 60.0498046875, gpu time: 3627.1763496398926
2024-07-10 00:39:59 | INFO | fairseq.modules.moe.moe_layer | cpu time: 60.165283203125, gpu time: 3586.1542778015137
2024-07-10 00:39:59 | INFO | fairseq.modules.moe.moe_layer | cpu time: 2422.059814453125, gpu time: 6222.3720054626465
2024-07-10 00:40:00 | INFO | fairseq.modules.moe.moe_layer | cpu time: 66.38427734375, gpu time: 3747.798807144165
2024-07-10 00:40:00 | INFO | fairseq.modules.moe.moe_layer | cpu time: 61.019775390625, gpu time: 3711.9383506774902
2024-07-10 00:40:00 | INFO | fairseq.modules.moe.moe_layer | cpu time: 62.378173828125, gpu time: 3982.765649795532
2024-07-10 00:40:00 | INFO | fairseq.modules.moe.moe_layer | cpu time: 60.91943359375, gpu time: 3667.5379791259766
2024-07-10 00:40:00 | INFO | fairseq.modules.moe.moe_layer | cpu time: 60.882080078125, gpu time: 3649.243604660034
2024-07-10 00:40:00 | INFO | fairseq.modules.moe.moe_layer | cpu time: 2422.834228515625, gpu time: 6257.451711654663
2024-07-10 00:40:01 | INFO | fairseq.modules.moe.moe_layer | cpu time: 67.187255859375, gpu time: 3795.205400466919
2024-07-10 00:40:01 | INFO | fairseq.modules.moe.moe_layer | cpu time: 61.96337890625, gpu time: 3752.7161407470703
2024-07-10 00:40:01 | INFO | fairseq.modules.moe.moe_layer | cpu time: 63.182861328125, gpu time: 4016.8090324401855
2024-07-10 00:40:01 | INFO | fairseq.modules.moe.moe_layer | cpu time: 61.614501953125, gpu time: 3708.2800903320312
2024-07-10 00:40:01 | INFO | fairseq.modules.moe.moe_layer | cpu time: 61.9384765625, gpu time: 3688.7047538757324
2024-07-10 00:40:01 | INFO | fairseq.modules.moe.moe_layer | cpu time: 2423.659423828125, gpu time: 6291.551416397095
2024-07-10 00:40:02 | INFO | fairseq.modules.moe.moe_layer | cpu time: 67.86767578125, gpu time: 3836.791831970215
2024-07-10 00:40:02 | INFO | fairseq.modules.moe.moe_layer | cpu time: 62.723388671875, gpu time: 3801.2812995910645
2024-07-10 00:40:02 | INFO | fairseq.modules.moe.moe_layer | cpu time: 64.006103515625, gpu time: 4058.0690631866455
2024-07-10 00:40:02 | INFO | fairseq.modules.moe.moe_layer | cpu time: 62.367431640625, gpu time: 3748.4657192230225
2024-07-10 00:40:02 | INFO | fairseq.modules.moe.moe_layer | cpu time: 62.637939453125, gpu time: 3730.019504547119
2024-07-10 00:40:02 | INFO | fairseq.modules.moe.moe_layer | cpu time: 2424.488525390625, gpu time: 6331.972568511963
2024-07-10 00:40:03 | INFO | fairseq.modules.moe.moe_layer | cpu time: 68.631591796875, gpu time: 3877.4021034240723
2024-07-10 00:40:03 | INFO | fairseq.modules.moe.moe_layer | cpu time: 63.382568359375, gpu time: 3848.4856567382812
2024-07-10 00:40:03 | INFO | fairseq.modules.moe.moe_layer | cpu time: 64.6123046875, gpu time: 4097.932771682739
2024-07-10 00:40:03 | INFO | fairseq.modules.moe.moe_layer | cpu time: 63.152099609375, gpu time: 3789.3124713897705
2024-07-10 00:40:03 | INFO | fairseq.modules.moe.moe_layer | cpu time: 63.49462890625, gpu time: 3775.755220413208
2024-07-10 00:40:03 | INFO | fairseq.modules.moe.moe_layer | cpu time: 2425.143798828125, gpu time: 6366.051313400269
2024-07-10 00:40:04 | INFO | fairseq.modules.moe.moe_layer | cpu time: 69.30029296875, gpu time: 3925.562141418457
2024-07-10 00:40:04 | INFO | fairseq.modules.moe.moe_layer | cpu time: 64.04052734375, gpu time: 3891.887451171875
2024-07-10 00:40:04 | INFO | fairseq.modules.moe.moe_layer | cpu time: 65.360595703125, gpu time: 4132.745595932007
2024-07-10 00:40:04 | INFO | fairseq.modules.moe.moe_layer | cpu time: 64.04052734375, gpu time: 3830.1088218688965
2024-07-10 00:40:04 | INFO | fairseq.modules.moe.moe_layer | cpu time: 64.146484375, gpu time: 3814.9264488220215
2024-07-10 00:40:04 | INFO | fairseq.modules.moe.moe_layer | cpu time: 2425.912109375, gpu time: 6403.725101470947
2024-07-10 00:40:05 | INFO | fairseq.modules.moe.moe_layer | cpu time: 70.225830078125, gpu time: 3968.600736618042
2024-07-10 00:40:05 | INFO | fairseq.modules.moe.moe_layer | cpu time: 64.763427734375, gpu time: 3935.487325668335
2024-07-10 00:40:05 | INFO | fairseq.modules.moe.moe_layer | cpu time: 66.01171875, gpu time: 4177.533470153809
2024-07-10 00:40:05 | INFO | fairseq.modules.moe.moe_layer | cpu time: 64.830810546875, gpu time: 3872.918773651123
2024-07-10 00:40:05 | INFO | fairseq.modules.moe.moe_layer | cpu time: 64.838134765625, gpu time: 3855.8191204071045
2024-07-10 00:40:05 | INFO | fairseq.modules.moe.moe_layer | cpu time: 2426.614013671875, gpu time: 6438.52848815918
2024-07-10 00:40:06 | INFO | fairseq.modules.moe.moe_layer | cpu time: 71.037109375, gpu time: 4009.49564743042
2024-07-10 00:40:06 | INFO | fairseq.modules.moe.moe_layer | cpu time: 65.4970703125, gpu time: 3976.1647968292236
2024-07-10 00:40:06 | INFO | fairseq.modules.moe.moe_layer | cpu time: 66.673095703125, gpu time: 4220.519903182983
2024-07-10 00:40:06 | INFO | fairseq.modules.moe.moe_layer | cpu time: 66.657470703125, gpu time: 3913.923608779907
2024-07-10 00:40:06 | INFO | fairseq.modules.moe.moe_layer | cpu time: 65.57763671875, gpu time: 3896.579792022705
2024-07-10 00:40:06 | INFO | fairseq.modules.moe.moe_layer | cpu time: 2427.297607421875, gpu time: 6472.729314804077
2024-07-10 00:40:07 | INFO | fairseq.modules.moe.moe_layer | cpu time: 71.709716796875, gpu time: 4047.682876586914
2024-07-10 00:40:07 | INFO | fairseq.modules.moe.moe_layer | cpu time: 66.235595703125, gpu time: 4016.548027038574
2024-07-10 00:40:07 | INFO | fairseq.modules.moe.moe_layer | cpu time: 67.357666015625, gpu time: 4255.537368774414
2024-07-10 00:40:07 | INFO | fairseq.modules.moe.moe_layer | cpu time: 67.271484375, gpu time: 3954.1583614349365
2024-07-10 00:40:07 | INFO | fairseq.modules.moe.moe_layer | cpu time: 66.298583984375, gpu time: 3936.9913444519043
2024-07-10 00:40:07 | INFO | fairseq.modules.moe.moe_layer | cpu time: 2428.003662109375, gpu time: 6507.161500930786
2024-07-10 00:40:08 | INFO | fairseq.modules.moe.moe_layer | cpu time: 72.701904296875, gpu time: 4085.6139488220215
2024-07-10 00:40:08 | INFO | fairseq.modules.moe.moe_layer | cpu time: 67.0810546875, gpu time: 4056.7749404907227
2024-07-10 00:40:08 | INFO | fairseq.modules.moe.moe_layer | cpu time: 68.041015625, gpu time: 4290.303636550903
2024-07-10 00:40:08 | INFO | fairseq.modules.moe.moe_layer | cpu time: 67.9072265625, gpu time: 3996.1198329925537
2024-07-10 00:40:08 | INFO | fairseq.modules.moe.moe_layer | cpu time: 67.035400390625, gpu time: 3972.3822536468506
2024-07-10 00:40:08 | INFO | fairseq.modules.moe.moe_layer | cpu time: 2428.838623046875, gpu time: 6548.272735595703
2024-07-10 00:40:08 | INFO | fairseq.modules.moe.moe_layer | cpu time: 73.397216796875, gpu time: 4124.984861373901
2024-07-10 00:40:09 | INFO | fairseq.modules.moe.moe_layer | cpu time: 67.73681640625, gpu time: 4097.674013137817
2024-07-10 00:40:09 | INFO | fairseq.modules.moe.moe_layer | cpu time: 68.65771484375, gpu time: 4332.819032669067
2024-07-10 00:40:09 | INFO | fairseq.modules.moe.moe_layer | cpu time: 68.743896484375, gpu time: 4030.2070598602295
2024-07-10 00:40:09 | INFO | fairseq.modules.moe.moe_layer | cpu time: 67.7236328125, gpu time: 4013.04052734375
2024-07-10 00:40:09 | INFO | fairseq.modules.moe.moe_layer | cpu time: 2429.68994140625, gpu time: 6588.795009613037
2024-07-10 00:40:09 | INFO | fairseq.modules.moe.moe_layer | cpu time: 74.076171875, gpu time: 4160.015930175781
2024-07-10 00:40:10 | INFO | fairseq.modules.moe.moe_layer | cpu time: 68.561767578125, gpu time: 4139.755489349365
2024-07-10 00:40:10 | INFO | fairseq.modules.moe.moe_layer | cpu time: 69.32080078125, gpu time: 4373.925466537476
2024-07-10 00:40:10 | INFO | fairseq.modules.moe.moe_layer | cpu time: 69.41015625, gpu time: 4066.416528701782
2024-07-10 00:40:10 | INFO | fairseq.modules.moe.moe_layer | cpu time: 68.37890625, gpu time: 4054.278959274292
2024-07-10 00:40:10 | WARNING | fairseq_cli.eval_lm | Aggregating scores across the distributed world
2024-07-10 00:40:10 | WARNING | fairseq_cli.eval_lm | Aggregating scores across the distributed world
2024-07-10 00:40:10 | WARNING | fairseq_cli.eval_lm | Aggregating scores across the distributed world
2024-07-10 00:40:10 | WARNING | fairseq_cli.eval_lm | Aggregating scores across the distributed world
2024-07-10 00:40:10 | WARNING | fairseq_cli.eval_lm | Aggregating timer stats across the distributed world
2024-07-10 00:40:10 | WARNING | fairseq_cli.eval_lm | Aggregating timer stats across the distributed world
2024-07-10 00:40:10 | WARNING | fairseq_cli.eval_lm | Aggregating timer stats across the distributed world
2024-07-10 00:40:10 | WARNING | fairseq_cli.eval_lm | Aggregating timer stats across the distributed world
2024-07-10 00:40:10 | INFO | fairseq_cli.eval_lm | Evaluated 825,641 tokens in 124.7s (6620.37 tokens/s)
2024-07-10 00:40:10 | INFO | fairseq_cli.eval_lm | valid Loss (base 2): 2.9463, Perplexity: 7.71
/usr/lib64/python3.9/multiprocessing/resource_tracker.py:216: UserWarning: resource_tracker: There appear to be 4 leaked semaphore objects to clean up at shutdown
  warnings.warn('resource_tracker: There appear to be %d '
