2024-07-19 01:05:14 | INFO | fairseq.distributed.utils | distributed init (rank 3): tcp://t007-001:9997
2024-07-19 01:05:14 | INFO | fairseq.distributed.utils | distributed init (rank 1): tcp://t007-001:9997
2024-07-19 01:05:14 | INFO | fairseq.distributed.utils | distributed init (rank 2): tcp://t007-001:9997
2024-07-19 01:05:14 | INFO | fairseq.distributed.utils | distributed init (rank 0): tcp://t007-001:9997
2024-07-19 01:05:15 | INFO | fairseq.distributed.utils | initialized host t007-001.hpcfund as rank 3
2024-07-19 01:05:15 | INFO | fairseq.distributed.utils | initialized host t007-001.hpcfund as rank 1
2024-07-19 01:05:15 | INFO | fairseq.distributed.utils | initialized host t007-001.hpcfund as rank 2
2024-07-19 01:05:15 | INFO | fairseq.distributed.utils | initialized host t007-001.hpcfund as rank 0
/work1/amd/hongmfei/moespace/SPEED-main/fairseq/fairseq/distributed/utils.py:279: UserWarning: expandable_segments not supported on this platform (Triggered internally at ../c10/hip/HIPAllocatorConfig.h:29.)
  dist.all_reduce(torch.zeros(1).cuda())
/work1/amd/hongmfei/moespace/SPEED-main/fairseq/fairseq/distributed/utils.py:279: UserWarning: expandable_segments not supported on this platform (Triggered internally at ../c10/hip/HIPAllocatorConfig.h:29.)
  dist.all_reduce(torch.zeros(1).cuda())
/work1/amd/hongmfei/moespace/SPEED-main/fairseq/fairseq/distributed/utils.py:279: UserWarning: expandable_segments not supported on this platform (Triggered internally at ../c10/hip/HIPAllocatorConfig.h:29.)
  dist.all_reduce(torch.zeros(1).cuda())
/work1/amd/hongmfei/moespace/SPEED-main/fairseq/fairseq/distributed/utils.py:279: UserWarning: expandable_segments not supported on this platform (Triggered internally at ../c10/hip/HIPAllocatorConfig.h:29.)
  dist.all_reduce(torch.zeros(1).cuda())
2024-07-19 01:05:15 | INFO | fairseq_cli.eval_lm | ---------------------------
2024-07-19 01:05:15 | INFO | fairseq_cli.eval_lm | cfg:
2024-07-19 01:05:15 | INFO | fairseq_cli.eval_lm | _name	None
2024-07-19 01:05:15 | INFO | fairseq_cli.eval_lm | common	{'_name': None, 'no_progress_bar': False, 'log_interval': 100, 'log_format': None, 'log_file': None, 'tensorboard_logdir': None, 'wandb_project': None, 'azureml_logging': False, 'seed': 100, 'cpu': False, 'tpu': False, 'bf16': False, 'memory_efficient_bf16': False, 'fp16': True, 'memory_efficient_fp16': False, 'fp16_no_flatten_grads': False, 'fp16_init_scale': 128, 'fp16_scale_window': None, 'fp16_scale_tolerance': 0.0, 'min_loss_scale': 0.0001, 'threshold_loss_scale': None, 'user_dir': None, 'empty_cache_freq': 0, 'all_gather_list_size': 16384, 'model_parallel_size': 1, 'quantization_config_path': None, 'profile': False, 'reset_logging': False, 'suppress_crashes': False, 'use_plasma_view': False, 'plasma_path': '/tmp/plasma', 'log_nvidia_smi': False}
2024-07-19 01:05:15 | INFO | fairseq_cli.eval_lm | common_eval	{'_name': None, 'path': '/work1/amd/hongmfei/models/en_moe_lm_15b/model.pt', 'post_process': None, 'quiet': False, 'model_overrides': "{'world_size': 4, 'moe_eval_capacity_token_fraction': 0.1, 'q_int8': False}", 'results_path': None, 'is_moe': True}
2024-07-19 01:05:15 | INFO | fairseq_cli.eval_lm | distributed_training	{'_name': None, 'distributed_world_size': 4, 'distributed_rank': 0, 'distributed_backend': 'nccl', 'distributed_init_method': 'tcp://t007-001:9997', 'distributed_port': 9997, 'device_id': 0, 'distributed_no_spawn': True, 'ddp_backend': 'fully_sharded', 'bucket_cap_mb': 25, 'fix_batches_to_gpus': False, 'find_unused_parameters': False, 'fast_stat_sync': False, 'heartbeat_timeout': -1, 'broadcast_buffers': False, 'slowmo_momentum': None, 'slowmo_algorithm': 'LocalSGD', 'localsgd_frequency': 3, 'nprocs_per_node': 4, 'pipeline_model_parallel': False, 'pipeline_balance': None, 'pipeline_devices': None, 'pipeline_chunks': 0, 'pipeline_encoder_balance': None, 'pipeline_encoder_devices': None, 'pipeline_decoder_balance': None, 'pipeline_decoder_devices': None, 'pipeline_checkpoint': 'never', 'zero_sharding': 'none', 'fp16': True, 'memory_efficient_fp16': False, 'tpu': False, 'no_reshard_after_forward': False, 'fp32_reduce_scatter': False, 'cpu_offload': False, 'use_sharded_state': False}
2024-07-19 01:05:15 | INFO | fairseq_cli.eval_lm | dataset	{'_name': None, 'num_workers': 1, 'num_workers_valid': 0, 'skip_invalid_size_inputs_valid_test': False, 'max_tokens': None, 'batch_size': 1, 'required_batch_size_multiple': 8, 'required_seq_len_multiple': 1, 'dataset_impl': None, 'data_buffer_size': 10, 'train_subset': 'train', 'valid_subset': 'valid', 'combine_valid_subsets': None, 'ignore_unused_valid_subsets': False, 'validate_interval': 1, 'validate_interval_updates': 0, 'validate_after_updates': 0, 'fixed_validation_seed': None, 'disable_validation': False, 'max_tokens_valid': None, 'batch_size_valid': 1, 'max_valid_steps': 10, 'curriculum': 0, 'gen_subset': 'valid', 'num_shards': 1, 'shard_id': 0}
2024-07-19 01:05:15 | INFO | fairseq_cli.eval_lm | optimization	{'_name': None, 'max_epoch': 0, 'max_update': 0, 'stop_time_hours': 0.0, 'clip_norm': 0.0, 'sentence_avg': False, 'update_freq': [1], 'lr': [0.25], 'stop_min_lr': -1.0, 'use_bmuf': False}
2024-07-19 01:05:15 | INFO | fairseq_cli.eval_lm | checkpoint	{'_name': None, 'save_dir': 'checkpoints', 'restore_file': 'checkpoint_last.pt', 'finetune_from_model': None, 'reset_dataloader': False, 'reset_lr_scheduler': False, 'reset_meters': False, 'reset_optimizer': False, 'optimizer_overrides': '{}', 'save_interval': 1, 'save_interval_updates': 0, 'keep_interval_updates': -1, 'keep_last_epochs': -1, 'keep_best_checkpoints': -1, 'no_save': False, 'no_epoch_checkpoints': False, 'no_last_checkpoints': False, 'no_best_checkpoints': False, 'no_save_optimizer_state': False, 'no_save_optimizer_state_on_training_finished': False, 'symlink_best_and_last_checkpoints': False, 'best_checkpoint_metric': 'loss', 'maximize_best_checkpoint_metric': False, 'patience': -1, 'checkpoint_suffix': '', 'checkpoint_shard_count': 1, 'load_checkpoint_on_all_dp_ranks': False, 'write_checkpoints_asynchronously': False, 's3_upload_path': None, 'model_parallel_size': 1}
2024-07-19 01:05:15 | INFO | fairseq_cli.eval_lm | bmuf	{'_name': None, 'block_lr': 1.0, 'block_momentum': 0.875, 'global_sync_iter': 50, 'warmup_iterations': 500, 'use_nbm': False, 'average_sync': False, 'distributed_world_size': 4}
2024-07-19 01:05:15 | INFO | fairseq_cli.eval_lm | generation	{'_name': None, 'beam': 5, 'nbest': 1, 'max_len_a': 0.0, 'max_len_b': 200, 'min_len': 1, 'match_source_len': False, 'unnormalized': False, 'no_early_stop': False, 'no_beamable_mm': False, 'lenpen': 1.0, 'unkpen': 0.0, 'replace_unk': None, 'sacrebleu': False, 'score_reference': False, 'prefix_size': 0, 'no_repeat_ngram_size': 0, 'sampling': False, 'sampling_topk': -1, 'sampling_topp': -1.0, 'constraints': None, 'temperature': 1.0, 'diverse_beam_groups': -1, 'diverse_beam_strength': 0.5, 'diversity_rate': -1.0, 'print_alignment': None, 'print_step': False, 'lm_path': None, 'lm_weight': 0.0, 'iter_decode_eos_penalty': 0.0, 'iter_decode_max_iter': 10, 'iter_decode_force_max_iter': False, 'iter_decode_with_beam': 1, 'iter_decode_with_external_reranker': False, 'retain_iter_history': False, 'retain_dropout': False, 'retain_dropout_modules': None, 'decoding_format': None, 'no_seed_provided': False}
2024-07-19 01:05:15 | INFO | fairseq_cli.eval_lm | eval_lm	{'_name': None, 'output_word_probs': False, 'output_word_stats': False, 'context_window': 0, 'softmax_batch': 2048, 'stats_path': None, 'max_valid_steps': 10}
2024-07-19 01:05:15 | INFO | fairseq_cli.eval_lm | interactive	{'_name': None, 'buffer_size': 0, 'input': '-'}
2024-07-19 01:05:15 | INFO | fairseq_cli.eval_lm | model	None
2024-07-19 01:05:15 | INFO | fairseq_cli.eval_lm | task	{'_name': 'language_modeling', 'data': '/work1/amd/hongmfei/raw_data/data-bin/wiki/', 'sample_break_mode': 'none', 'tokens_per_sample': 2048, 'output_dictionary_size': -1, 'self_target': False, 'future_target': False, 'past_target': False, 'add_bos_token': False, 'max_source_positions': None, 'max_target_positions': None, 'shorten_method': 'none', 'shorten_data_split_list': '', 'pad_to_fixed_length': False, 'pad_to_fixed_bsz': False, 'seed': 100, 'batch_size': 1, 'batch_size_valid': 1, 'dataset_impl': None, 'data_buffer_size': 10, 'tpu': False, 'use_plasma_view': False, 'plasma_path': '/tmp/plasma'}
2024-07-19 01:05:15 | INFO | fairseq_cli.eval_lm | criterion	{'_name': 'cross_entropy', 'sentence_avg': True}
2024-07-19 01:05:15 | INFO | fairseq_cli.eval_lm | optimizer	None
2024-07-19 01:05:15 | INFO | fairseq_cli.eval_lm | lr_scheduler	{'_name': 'fixed', 'force_anneal': None, 'lr_shrink': 0.1, 'warmup_updates': 0, 'lr': [0.25]}
2024-07-19 01:05:15 | INFO | fairseq_cli.eval_lm | scoring	{'_name': 'bleu', 'pad': 1, 'eos': 2, 'unk': 3}
2024-07-19 01:05:15 | INFO | fairseq_cli.eval_lm | bpe	{'_name': 'gpt2', 'gpt2_encoder_json': 'https://dl.fbaipublicfiles.com/fairseq/gpt2_bpe/encoder.json', 'gpt2_vocab_bpe': 'https://dl.fbaipublicfiles.com/fairseq/gpt2_bpe/vocab.bpe'}
2024-07-19 01:05:15 | INFO | fairseq_cli.eval_lm | tokenizer	None
2024-07-19 01:05:15 | INFO | fairseq_cli.eval_lm | simul_type	None
2024-07-19 01:05:15 | INFO | fairseq_cli.eval_lm | ---------------------------
2024-07-19 01:05:15 | INFO | fairseq_cli.eval_lm | loading model(s) from /work1/amd/hongmfei/models/en_moe_lm_15b/model.pt
2024-07-19 01:05:15 | INFO | fairseq.tasks.language_modeling | dictionary: 51200 types
2024-07-19 01:05:15 | INFO | fairseq.checkpoint_utils | load_model_ensemble_and_task is_moe=True
2024-07-19 01:05:15 | INFO | fairseq.moe_checkpoint_utils | Found total 64 expert files and current distributed world size: 4, Stitching experts to able to load on current world size.
2024-07-19 01:05:17 | INFO | fairseq.moe_checkpoint_utils | found 8 local experts in expert_group_id=0
2024-07-19 01:05:17 | INFO | fairseq.moe_checkpoint_utils | found 8 local experts in expert_group_id=1
2024-07-19 01:05:17 | INFO | fairseq.moe_checkpoint_utils | found 8 local experts in expert_group_id=2
2024-07-19 01:05:17 | INFO | fairseq.moe_checkpoint_utils | found 8 local experts in expert_group_id=3
2024-07-19 01:05:17 | INFO | fairseq.moe_checkpoint_utils | found 8 local experts in expert_group_id=4
2024-07-19 01:05:17 | INFO | fairseq.moe_checkpoint_utils | found 8 local experts in expert_group_id=5
2024-07-19 01:05:17 | INFO | fairseq.moe_checkpoint_utils | found 8 local experts in expert_group_id=6
2024-07-19 01:05:17 | INFO | fairseq.moe_checkpoint_utils | found 8 local experts in expert_group_id=7
2024-07-19 01:05:17 | INFO | fairseq.moe_checkpoint_utils | found 8 local experts in expert_group_id=8
2024-07-19 01:05:17 | INFO | fairseq.moe_checkpoint_utils | found 8 local experts in expert_group_id=9
2024-07-19 01:05:17 | INFO | fairseq.moe_checkpoint_utils | found 8 local experts in expert_group_id=10
2024-07-19 01:05:17 | INFO | fairseq.moe_checkpoint_utils | found 8 local experts in expert_group_id=11
2024-07-19 01:05:17 | INFO | fairseq.moe_checkpoint_utils | found 8 local experts in expert_group_id=12
2024-07-19 01:05:17 | INFO | fairseq.moe_checkpoint_utils | found 8 local experts in expert_group_id=13
2024-07-19 01:05:17 | INFO | fairseq.moe_checkpoint_utils | found 8 local experts in expert_group_id=14
2024-07-19 01:05:17 | INFO | fairseq.moe_checkpoint_utils | found 8 local experts in expert_group_id=15
2024-07-19 01:05:21 | INFO | fairseq.modules.moe.moe_layer | Rank: 0
2024-07-19 01:05:23 | INFO | fairseq.modules.moe.moe_layer | Rank: 0
2024-07-19 01:05:26 | INFO | fairseq.modules.moe.moe_layer | Rank: 0
2024-07-19 01:05:29 | INFO | fairseq.modules.moe.moe_layer | Rank: 0
2024-07-19 01:05:32 | INFO | fairseq.modules.moe.moe_layer | Rank: 0
2024-07-19 01:05:34 | INFO | fairseq.modules.moe.moe_layer | Rank: 0
2024-07-19 01:05:36 | INFO | fairseq_cli.eval_lm | num. model params: 3,725,230,080
2024-07-19 01:05:45 | INFO | fairseq.data.data_utils | loaded 1,482,831,152 examples from: /work1/amd/hongmfei/raw_data/data-bin/wiki/valid
2024-07-19 01:05:53 | INFO | fairseq_cli.eval_lm | /work1/amd/hongmfei/raw_data/data-bin/wiki/ valid 17,792,645 examples
2024-07-19 01:06:13 | INFO | fairseq_cli.eval_lm | load time: 57.45 seconds
/work1/amd/hongmfei/moespace/.moefair/lib64/python3.9/site-packages/torch/nn/functional.py:5504: UserWarning: 1Torch was not compiled with memory efficient attention. (Triggered internally at ../aten/src/ATen/native/transformers/hip/sdp_utils.cpp:505.)
  attn_output = scaled_dot_product_attention(q, k, v, attn_mask, dropout_p, is_causal)
/work1/amd/hongmfei/moespace/.moefair/lib64/python3.9/site-packages/torch/nn/functional.py:5137: UserWarning: Support for mismatched key_padding_mask and attn_mask is deprecated. Use same type for both instead.
  warnings.warn(
Warning: The --amdgpu-target option has been deprecated and will be removed in the future.  Use --offload-arch instead.
/work1/amd/hongmfei/moespace/.moefair/lib64/python3.9/site-packages/torch/nn/functional.py:5504: UserWarning: 1Torch was not compiled with memory efficient attention. (Triggered internally at ../aten/src/ATen/native/transformers/hip/sdp_utils.cpp:505.)
  attn_output = scaled_dot_product_attention(q, k, v, attn_mask, dropout_p, is_causal)
Warning: The --amdgpu-target option has been deprecated and will be removed in the future.  Use --offload-arch instead.
/work1/amd/hongmfei/moespace/.moefair/lib64/python3.9/site-packages/torch/nn/functional.py:5504: UserWarning: 1Torch was not compiled with memory efficient attention. (Triggered internally at ../aten/src/ATen/native/transformers/hip/sdp_utils.cpp:505.)
  attn_output = scaled_dot_product_attention(q, k, v, attn_mask, dropout_p, is_causal)
Warning: The --amdgpu-target option has been deprecated and will be removed in the future.  Use --offload-arch instead.
Warning: The --amdgpu-target option has been deprecated and will be removed in the future.  Use --offload-arch instead.
Warning: The --amdgpu-target option has been deprecated and will be removed in the future.  Use --offload-arch instead.
/work1/amd/hongmfei/moespace/.moefair/lib64/python3.9/site-packages/torch/nn/functional.py:5504: UserWarning: 1Torch was not compiled with memory efficient attention. (Triggered internally at ../aten/src/ATen/native/transformers/hip/sdp_utils.cpp:505.)
  attn_output = scaled_dot_product_attention(q, k, v, attn_mask, dropout_p, is_causal)
Warning: The --amdgpu-target option has been deprecated and will be removed in the future.  Use --offload-arch instead.
Warning: The --amdgpu-target option has been deprecated and will be removed in the future.  Use --offload-arch instead.
Warning: The --amdgpu-target option has been deprecated and will be removed in the future.  Use --offload-arch instead.
Warning: The --amdgpu-target option has been deprecated and will be removed in the future.  Use --offload-arch instead.
Warning: The --amdgpu-target option has been deprecated and will be removed in the future.  Use --offload-arch instead.
Warning: The --amdgpu-target option has been deprecated and will be removed in the future.  Use --offload-arch instead.
Warning: The --amdgpu-target option has been deprecated and will be removed in the future.  Use --offload-arch instead.
Number of experts 512
New cuda time without quantization in fp: 3855.365478515625
New cuda time: 3858.038330078125
New cuda time without quantization in fp: 0.011359999887645245
New cuda time: 4.033597946166992
Number of experts 512
New cuda time without quantization in fp: 0.010400000028312206
New cuda time: 2.6401588916778564
New cuda time without quantization in fp: 0.01119999960064888
New cuda time: 2.614398956298828
Number of experts 512
New cuda time without quantization in fp: 0.01119999960064888
New cuda time: 2.739198923110962
New cuda time without quantization in fp: 0.01119999960064888
New cuda time: 2.8721580505371094
Number of experts 512
New cuda time without quantization in fp: 0.011839999817311764
New cuda time: 2.686398983001709
New cuda time without quantization in fp: 0.01119999960064888
New cuda time: 20.91583251953125
Number of experts 512
New cuda time without quantization in fp: 0.01119999960064888
New cuda time: 2.6398370265960693
New cuda time without quantization in fp: 0.01056000031530857
New cuda time: 2.9126389026641846
Number of experts 512
New cuda time without quantization in fp: 0.011359999887645245
New cuda time: 2.8127989768981934
New cuda time without quantization in fp: 0.01119999960064888
New cuda time: 2.8499178886413574
Number of experts 512
New cuda time without quantization in fp: 0.01119999960064888
New cuda time: 3.486078977584839
New cuda time without quantization in fp: 0.011680000461637974
New cuda time: 2.642237901687622
Number of experts 512
New cuda time without quantization in fp: 0.011359999887645245
New cuda time: 2.5895988941192627
New cuda time without quantization in fp: 0.01056000031530857
New cuda time: 2.848958969116211
Number of experts 512
New cuda time without quantization in fp: 0.01119999960064888
New cuda time: 11.094395637512207
New cuda time without quantization in fp: 0.01056000031530857
New cuda time: 11.491674423217773
Number of experts 512
New cuda time without quantization in fp: 0.011839999817311764
New cuda time: 2.617439031600952
New cuda time without quantization in fp: 0.01119999960064888
New cuda time: 2.882559061050415
Number of experts 512
New cuda time without quantization in fp: 0.011839999817311764
New cuda time: 2.6097590923309326
New cuda time without quantization in fp: 0.011680000461637974
New cuda time: 2.8131179809570312
Number of experts 512
New cuda time without quantization in fp: 0.011839999817311764
New cuda time: 2.603039026260376
New cuda time without quantization in fp: 0.012480000033974648
New cuda time: 2.8241589069366455
Number of experts 512
New cuda time without quantization in fp: 0.010879999957978725
New cuda time: 2.409919023513794
New cuda time without quantization in fp: 0.012000000104308128
New cuda time: 2.880958080291748
Number of experts 512
New cuda time without quantization in fp: 0.011359999887645245
New cuda time: 2.8017590045928955
New cuda time without quantization in fp: 0.011680000461637974
New cuda time: 12.03295612335205
Number of experts 512
New cuda time without quantization in fp: 0.011359999887645245
New cuda time: 9.52143669128418
New cuda time without quantization in fp: 0.011680000461637974
New cuda time: 2.7089591026306152
Number of experts 512
New cuda time without quantization in fp: 0.01056000031530857
New cuda time: 2.63663911819458
New cuda time without quantization in fp: 0.010879999957978725
New cuda time: 2.8223979473114014
Number of experts 512
New cuda time without quantization in fp: 0.011839999817311764
New cuda time: 2.648958921432495
New cuda time without quantization in fp: 0.012160000391304493
New cuda time: 2.926079034805298
Number of experts 512
New cuda time without quantization in fp: 0.011359999887645245
New cuda time: 2.605278968811035
New cuda time without quantization in fp: 0.011839999817311764
New cuda time: 2.940798044204712
Number of experts 512
New cuda time without quantization in fp: 0.011839999817311764
New cuda time: 2.6004788875579834
New cuda time without quantization in fp: 0.013120000250637531
New cuda time: 11.664315223693848
Number of experts 512
Number of experts 512
New cuda time without quantization in fp: 3476.652099609375
New cuda time: 3479.313232421875
New cuda time without quantization in fp: 0.01056000031530857
New cuda time: 11.079044342041016
Number of experts 512
New cuda time without quantization in fp: 0.011680000461637974
New cuda time: 39.16881561279297
New cuda time without quantization in fp: 0.011839999817311764
New cuda time: 13.840004920959473
Number of experts 512
New cuda time without quantization in fp: 0.011680000461637974
New cuda time: 2.4643208980560303
New cuda time without quantization in fp: 0.012480000033974648
New cuda time: 2.930401086807251
Number of experts 512
New cuda time without quantization in fp: 0.01104000024497509
New cuda time: 2.474081039428711
New cuda time without quantization in fp: 0.011839999817311764
New cuda time: 11.266083717346191
Number of experts 512
New cuda time without quantization in fp: 0.011359999887645245
New cuda time: 12.075044631958008
New cuda time without quantization in fp: 0.010400000028312206
New cuda time: 2.825122117996216
Number of experts 512
New cuda time without quantization in fp: 0.010879999957978725
New cuda time: 2.4435200691223145
New cuda time without quantization in fp: 0.01071999967098236
New cuda time: 2.892961025238037
Number of experts 512
New cuda time without quantization in fp: 0.011359999887645245
New cuda time: 2.6086409091949463
New cuda time without quantization in fp: 0.01152000017464161
New cuda time: 12.782404899597168
Number of experts 512
New cuda time without quantization in fp: 0.01152000017464161
New cuda time: 2.660001039505005
New cuda time without quantization in fp: 0.011680000461637974
New cuda time: 2.925281047821045
Number of experts 512
New cuda time without quantization in fp: 0.012319999746978283
New cuda time: 11.155043601989746
New cuda time without quantization in fp: 0.011680000461637974
New cuda time: 3.0436809062957764
Number of experts 512
New cuda time without quantization in fp: 0.01152000017464161
New cuda time: 11.096324920654297
New cuda time without quantization in fp: 0.011839999817311764
New cuda time: 2.896001100540161
Number of experts 512
New cuda time without quantization in fp: 0.01104000024497509
New cuda time: 2.631840944290161
New cuda time without quantization in fp: 0.010879999957978725
New cuda time: 2.8873610496520996
Number of experts 512
New cuda time without quantization in fp: 0.011680000461637974
New cuda time: 2.6614410877227783
New cuda time without quantization in fp: 0.012959999963641167
New cuda time: 11.285603523254395
Number of experts 512
New cuda time without quantization in fp: 0.01104000024497509
New cuda time: 3.7132809162139893
New cuda time without quantization in fp: 0.011839999817311764
New cuda time: 2.7868809700012207
Number of experts 512
New cuda time without quantization in fp: 0.01071999967098236
New cuda time: 2.4545609951019287
New cuda time without quantization in fp: 0.01104000024497509
New cuda time: 12.025123596191406
Number of experts 512
New cuda time without quantization in fp: 0.010400000028312206
New cuda time: 9.3550443649292
New cuda time without quantization in fp: 0.012160000391304493
New cuda time: 2.941761016845703
Number of experts 512
New cuda time without quantization in fp: 0.010879999957978725
New cuda time: 2.615200996398926
New cuda time without quantization in fp: 0.012000000104308128
New cuda time: 2.716001033782959
Number of experts 512
New cuda time without quantization in fp: 0.011839999817311764
New cuda time: 2.6577610969543457
New cuda time without quantization in fp: 0.01104000024497509
New cuda time: 2.8281610012054443
Number of experts 512
New cuda time without quantization in fp: 0.012160000391304493
New cuda time: 11.636645317077637
New cuda time without quantization in fp: 0.010400000028312206
New cuda time: 2.9390408992767334
Number of experts 512
New cuda time without quantization in fp: 0.010879999957978725
New cuda time: 3.0393619537353516
New cuda time without quantization in fp: 0.011839999817311764
New cuda time: 11.787684440612793
Number of experts 512
Number of experts 512
New cuda time without quantization in fp: 2341.087890625
New cuda time: 2384.982177734375
New cuda time without quantization in fp: 0.012640000320971012
New cuda time: 10.62499713897705
Number of experts 512
New cuda time without quantization in fp: 0.010239999741315842
New cuda time: 20.444551467895508
New cuda time without quantization in fp: 0.01119999960064888
New cuda time: 11.456680297851562
Number of experts 512
New cuda time without quantization in fp: 0.011680000461637974
New cuda time: 2.7102489471435547
New cuda time without quantization in fp: 0.011839999817311764
New cuda time: 2.45120906829834
Number of experts 512
New cuda time without quantization in fp: 0.011839999817311764
New cuda time: 2.6926488876342773
New cuda time without quantization in fp: 0.011680000461637974
New cuda time: 10.700676918029785
Number of experts 512
New cuda time without quantization in fp: 0.011839999817311764
New cuda time: 12.589323997497559
New cuda time without quantization in fp: 0.01152000017464161
New cuda time: 2.4406490325927734
Number of experts 512
New cuda time without quantization in fp: 0.01152000017464161
New cuda time: 2.845928907394409
New cuda time without quantization in fp: 0.011839999817311764
New cuda time: 2.4521689414978027
Number of experts 512
New cuda time without quantization in fp: 0.010400000028312206
New cuda time: 2.6790499687194824
New cuda time without quantization in fp: 0.011839999817311764
New cuda time: 12.492042541503906
Number of experts 512
New cuda time without quantization in fp: 0.010879999957978725
New cuda time: 2.6462490558624268
New cuda time without quantization in fp: 0.012000000104308128
New cuda time: 2.4737679958343506
Number of experts 512
New cuda time without quantization in fp: 0.010879999957978725
New cuda time: 11.102119445800781
New cuda time without quantization in fp: 0.012000000104308128
New cuda time: 2.5908899307250977
Number of experts 512
New cuda time without quantization in fp: 0.01104000024497509
New cuda time: 11.186440467834473
New cuda time without quantization in fp: 0.011839999817311764
New cuda time: 2.442888021469116
Number of experts 512
New cuda time without quantization in fp: 0.0118410000577569
New cuda time: 2.6294500827789307
New cuda time without quantization in fp: 0.012000000104308128
New cuda time: 2.41920804977417
Number of experts 512
New cuda time without quantization in fp: 0.01119999960064888
New cuda time: 2.7072091102600098
New cuda time without quantization in fp: 0.011839999817311764
New cuda time: 10.870436668395996
Number of experts 512
New cuda time without quantization in fp: 0.01152000017464161
New cuda time: 3.8187339305877686
New cuda time without quantization in fp: 0.012799999676644802
New cuda time: 2.5121688842773438
Number of experts 512
New cuda time without quantization in fp: 0.01104000024497509
New cuda time: 2.8953700065612793
New cuda time without quantization in fp: 0.012640000320971012
New cuda time: 11.701641082763672
Number of experts 512
New cuda time without quantization in fp: 0.011839999817311764
New cuda time: 9.38147258758545
New cuda time without quantization in fp: 0.012319999746978283
New cuda time: 2.470889091491699
Number of experts 512
New cuda time without quantization in fp: 0.011839999817311764
New cuda time: 2.667689085006714
New cuda time without quantization in fp: 0.011839999817311764
New cuda time: 2.441448926925659
Number of experts 512
New cuda time without quantization in fp: 0.010400000028312206
New cuda time: 2.696969985961914
New cuda time without quantization in fp: 0.011839999817311764
New cuda time: 2.457767963409424
Number of experts 512
New cuda time without quantization in fp: 0.012319999746978283
New cuda time: 11.673320770263672
New cuda time without quantization in fp: 0.011839999817311764
New cuda time: 2.549129009246826
Number of experts 512
New cuda time without quantization in fp: 0.011359999887645245
New cuda time: 2.6544089317321777
New cuda time without quantization in fp: 0.01119999960064888
New cuda time: 11.341638565063477
Number of experts 512
Number of experts 512
New cuda time without quantization in fp: 3098.90869140625
New cuda time: 3101.5615234375
New cuda time without quantization in fp: 0.01119999960064888
New cuda time: 2.8415958881378174
Number of experts 512
New cuda time without quantization in fp: 0.012000000104308128
New cuda time: 40.440582275390625
New cuda time without quantization in fp: 0.012480000033974648
New cuda time: 13.886540412902832
Number of experts 512
New cuda time without quantization in fp: 0.01152000017464161
New cuda time: 2.8915159702301025
New cuda time without quantization in fp: 0.011839999817311764
New cuda time: 2.867356061935425
Number of experts 512
New cuda time without quantization in fp: 0.010879999957978725
New cuda time: 2.8508760929107666
New cuda time without quantization in fp: 0.011680000461637974
New cuda time: 12.375982284545898
Number of experts 512
New cuda time without quantization in fp: 0.012000000104308128
New cuda time: 2.8599960803985596
New cuda time without quantization in fp: 0.011680000461637974
New cuda time: 2.8345561027526855
Number of experts 512
New cuda time without quantization in fp: 0.01152000017464161
New cuda time: 2.6574370861053467
New cuda time without quantization in fp: 0.01152000017464161
New cuda time: 2.8999950885772705
Number of experts 512
New cuda time without quantization in fp: 0.01152000017464161
New cuda time: 2.9719960689544678
New cuda time without quantization in fp: 0.01152000017464161
New cuda time: 12.796142578125
Number of experts 512
New cuda time without quantization in fp: 0.011680000461637974
New cuda time: 2.6590371131896973
New cuda time without quantization in fp: 0.01152000017464161
New cuda time: 2.9779160022735596
Number of experts 512
New cuda time without quantization in fp: 0.011359999887645245
New cuda time: 11.355504989624023
New cuda time without quantization in fp: 0.011680000461637974
New cuda time: 2.795675039291382
Number of experts 512
New cuda time without quantization in fp: 0.01152000017464161
New cuda time: 11.042224884033203
New cuda time without quantization in fp: 0.010400000028312206
New cuda time: 2.955035924911499
Number of experts 512
New cuda time without quantization in fp: 0.01104000024497509
New cuda time: 2.653275966644287
New cuda time without quantization in fp: 0.011839999817311764
New cuda time: 2.9233551025390625
Number of experts 512
New cuda time without quantization in fp: 0.01152000017464161
New cuda time: 2.66383695602417
New cuda time without quantization in fp: 0.012319999746978283
New cuda time: 11.279504776000977
Number of experts 512
New cuda time without quantization in fp: 0.011839999817311764
New cuda time: 3.604635000228882
New cuda time without quantization in fp: 0.010879999957978725
New cuda time: 2.8295950889587402
Number of experts 512
New cuda time without quantization in fp: 0.011680000461637974
New cuda time: 2.872476100921631
New cuda time without quantization in fp: 0.010879999957978725
New cuda time: 2.6235170364379883
Number of experts 512
New cuda time without quantization in fp: 0.01104000024497509
New cuda time: 9.107348442077637
New cuda time without quantization in fp: 0.011680000461637974
New cuda time: 2.9267160892486572
Number of experts 512
New cuda time without quantization in fp: 0.011839999817311764
New cuda time: 2.6913559436798096
New cuda time without quantization in fp: 0.012000000104308128
New cuda time: 2.7609550952911377
Number of experts 512
New cuda time without quantization in fp: 0.011839999817311764
New cuda time: 2.6268770694732666
New cuda time without quantization in fp: 0.01152000017464161
New cuda time: 2.8943960666656494
Number of experts 512
New cuda time without quantization in fp: 0.011839999817311764
New cuda time: 11.581744194030762
New cuda time without quantization in fp: 0.011839999817311764
New cuda time: 3.02447509765625
Number of experts 512
New cuda time without quantization in fp: 0.01104000024497509
New cuda time: 2.8148770332336426
New cuda time without quantization in fp: 0.011359999887645245
New cuda time: 2.6019160747528076
Number of experts 512
New cuda time without quantization in fp: 0.011839999817311764
New cuda time: 2.662079095840454
New cuda time without quantization in fp: 0.012160000391304493
New cuda time: 2.6254379749298096
Number of experts 512
New cuda time without quantization in fp: 0.01104000024497509
New cuda time: 2.438559055328369
New cuda time without quantization in fp: 0.01071999967098236
New cuda time: 2.854238986968994
Number of experts 512
New cuda time without quantization in fp: 0.011839999817311764
New cuda time: 2.625598907470703
New cuda time without quantization in fp: 0.01056000031530857
New cuda time: 2.852638006210327
Number of experts 512
New cuda time without quantization in fp: 0.012799999676644802
New cuda time: 2.6543989181518555
New cuda time without quantization in fp: 0.01104000024497509
New cuda time: 2.6575989723205566
Number of experts 512
New cuda time without quantization in fp: 0.010400000028312206
New cuda time: 2.5620789527893066
New cuda time without quantization in fp: 0.010400000028312206
New cuda time: 10.839834213256836
Number of experts 512
New cuda time without quantization in fp: 0.01119999960064888
New cuda time: 2.642559051513672
New cuda time without quantization in fp: 0.012640000320971012
New cuda time: 2.6361589431762695
Number of experts 512
New cuda time without quantization in fp: 0.01056000031530857
New cuda time: 2.589277982711792
New cuda time without quantization in fp: 0.011839999817311764
New cuda time: 2.8382389545440674
Number of experts 512
New cuda time without quantization in fp: 0.011680000461637974
New cuda time: 2.56623911857605
New cuda time without quantization in fp: 0.01119999960064888
New cuda time: 2.866558074951172
Number of experts 512
New cuda time without quantization in fp: 0.012319999746978283
New cuda time: 2.622559070587158
New cuda time without quantization in fp: 0.011680000461637974
New cuda time: 2.7156789302825928
Number of experts 512
New cuda time without quantization in fp: 0.01071999967098236
New cuda time: 2.6462390422821045
New cuda time without quantization in fp: 0.011839999817311764
New cuda time: 10.796954154968262
Number of experts 512
New cuda time without quantization in fp: 0.011839999817311764
New cuda time: 2.6614389419555664
New cuda time without quantization in fp: 0.012160000391304493
New cuda time: 2.8185579776763916
Number of experts 512
New cuda time without quantization in fp: 0.01119999960064888
New cuda time: 2.6286380290985107
New cuda time without quantization in fp: 0.011359999887645245
New cuda time: 2.9107189178466797
Number of experts 512
New cuda time without quantization in fp: 0.012160000391304493
New cuda time: 2.5956780910491943
New cuda time without quantization in fp: 0.01056000031530857
New cuda time: 2.8236780166625977
Number of experts 512
New cuda time without quantization in fp: 0.01119999960064888
New cuda time: 2.5812790393829346
New cuda time without quantization in fp: 0.012799999676644802
New cuda time: 2.6500790119171143
Number of experts 512
New cuda time without quantization in fp: 0.01119999960064888
New cuda time: 2.6555190086364746
New cuda time without quantization in fp: 0.012000000104308128
New cuda time: 9.96175479888916
Number of experts 512
New cuda time without quantization in fp: 0.012000000104308128
New cuda time: 2.754399061203003
New cuda time without quantization in fp: 0.012799999676644802
New cuda time: 2.8331189155578613
Number of experts 512
New cuda time without quantization in fp: 0.011680000461637974
New cuda time: 2.6055989265441895
New cuda time without quantization in fp: 0.012480000033974648
New cuda time: 2.6489579677581787
Number of experts 512
New cuda time without quantization in fp: 0.012000000104308128
New cuda time: 2.6390390396118164
New cuda time without quantization in fp: 0.011839999817311764
New cuda time: 2.8903989791870117
Number of experts 512
New cuda time without quantization in fp: 0.012000000104308128
New cuda time: 2.561599016189575
New cuda time without quantization in fp: 0.01104000024497509
New cuda time: 2.895998001098633
Number of experts 512
New cuda time without quantization in fp: 0.01152000017464161
New cuda time: 2.7011210918426514
New cuda time without quantization in fp: 0.01152000017464161
New cuda time: 13.068804740905762
Number of experts 512
New cuda time without quantization in fp: 0.012160000391304493
New cuda time: 2.7988810539245605
New cuda time without quantization in fp: 0.011680000461637974
New cuda time: 2.8924810886383057
Number of experts 512
New cuda time without quantization in fp: 0.01119999960064888
New cuda time: 2.6544010639190674
New cuda time without quantization in fp: 0.01119999960064888
New cuda time: 2.9024009704589844
Number of experts 512
New cuda time without quantization in fp: 0.01152000017464161
New cuda time: 2.6667211055755615
New cuda time without quantization in fp: 0.010879999957978725
New cuda time: 12.081925392150879
Number of experts 512
New cuda time without quantization in fp: 0.01104000024497509
New cuda time: 5.054882049560547
New cuda time without quantization in fp: 0.01104000024497509
New cuda time: 8.316642761230469
Number of experts 512
New cuda time without quantization in fp: 0.01152000017464161
New cuda time: 2.7476820945739746
New cuda time without quantization in fp: 0.01119999960064888
New cuda time: 11.990084648132324
Number of experts 512
New cuda time without quantization in fp: 0.011359999887645245
New cuda time: 2.627840995788574
New cuda time without quantization in fp: 0.012319999746978283
New cuda time: 2.9657609462738037
Number of experts 512
New cuda time without quantization in fp: 0.01104000024497509
New cuda time: 2.675520896911621
New cuda time without quantization in fp: 0.011839999817311764
New cuda time: 2.8329598903656006
Number of experts 512
New cuda time without quantization in fp: 0.010400000028312206
New cuda time: 2.644800901412964
New cuda time without quantization in fp: 0.011359999887645245
New cuda time: 13.98304557800293
Number of experts 512
New cuda time without quantization in fp: 0.011839999817311764
New cuda time: 2.669922113418579
New cuda time without quantization in fp: 0.011839999817311764
New cuda time: 11.002723693847656
Number of experts 512
New cuda time without quantization in fp: 0.01104000024497509
New cuda time: 2.6371209621429443
New cuda time without quantization in fp: 0.011680000461637974
New cuda time: 2.8112010955810547
Number of experts 512
New cuda time without quantization in fp: 0.010879999957978725
New cuda time: 10.86224365234375
New cuda time without quantization in fp: 0.011839999817311764
New cuda time: 2.81968092918396
Number of experts 512
New cuda time without quantization in fp: 0.01104000024497509
New cuda time: 2.66736102104187
New cuda time without quantization in fp: 0.011839999817311764
New cuda time: 2.811039924621582
Number of experts 512
New cuda time without quantization in fp: 0.012000000104308128
New cuda time: 2.689600944519043
New cuda time without quantization in fp: 0.010879999957978725
New cuda time: 9.519523620605469
Number of experts 512
New cuda time without quantization in fp: 0.012000000104308128
New cuda time: 2.639841079711914
New cuda time without quantization in fp: 0.010879999957978725
New cuda time: 10.00576400756836
Number of experts 512
New cuda time without quantization in fp: 0.01071999967098236
New cuda time: 2.7742409706115723
New cuda time without quantization in fp: 0.012000000104308128
New cuda time: 2.7550408840179443
Number of experts 512
New cuda time without quantization in fp: 0.010879999957978725
New cuda time: 2.64880108833313
New cuda time without quantization in fp: 0.01104000024497509
New cuda time: 11.568643569946289
Number of experts 512
New cuda time without quantization in fp: 0.010400000028312206
New cuda time: 3.4491209983825684
New cuda time without quantization in fp: 0.011839999817311764
New cuda time: 2.8819210529327393
Number of experts 512
New cuda time without quantization in fp: 0.011839999817311764
New cuda time: 2.6491219997406006
New cuda time without quantization in fp: 0.01071999967098236
New cuda time: 2.894239902496338
Number of experts 512
New cuda time without quantization in fp: 0.01104000024497509
New cuda time: 2.6632089614868164
New cuda time without quantization in fp: 0.010400000028312206
New cuda time: 12.623724937438965
Number of experts 512
New cuda time without quantization in fp: 0.01119999960064888
New cuda time: 2.750088930130005
New cuda time without quantization in fp: 0.011839999817311764
New cuda time: 2.509927988052368
Number of experts 512
New cuda time without quantization in fp: 0.01119999960064888
New cuda time: 2.6632089614868164
New cuda time without quantization in fp: 0.011680000461637974
New cuda time: 2.4297680854797363
Number of experts 512
New cuda time without quantization in fp: 0.011839999817311764
New cuda time: 2.6563289165496826
New cuda time without quantization in fp: 0.011359999887645245
New cuda time: 11.668360710144043
Number of experts 512
New cuda time without quantization in fp: 0.011839999817311764
New cuda time: 2.638890027999878
New cuda time without quantization in fp: 0.01104000024497509
New cuda time: 10.443876266479492
Number of experts 512
New cuda time without quantization in fp: 0.012000000104308128
New cuda time: 2.5243289470672607
New cuda time without quantization in fp: 0.011839999817311764
New cuda time: 11.620841026306152
Number of experts 512
New cuda time without quantization in fp: 0.01104000024497509
New cuda time: 2.6728079319000244
New cuda time without quantization in fp: 0.012000000104308128
New cuda time: 2.453449010848999
Number of experts 512
New cuda time without quantization in fp: 0.011839999817311764
New cuda time: 2.6622490882873535
New cuda time without quantization in fp: 0.011680000461637974
New cuda time: 2.4582479000091553
Number of experts 512
New cuda time without quantization in fp: 0.010879999957978725
New cuda time: 2.655529022216797
New cuda time without quantization in fp: 0.011200999841094017
New cuda time: 13.496527671813965
Number of experts 512
New cuda time without quantization in fp: 0.01056000031530857
New cuda time: 2.6284899711608887
New cuda time without quantization in fp: 0.011359999887645245
New cuda time: 10.45395565032959
Number of experts 512
New cuda time without quantization in fp: 0.012000000104308128
New cuda time: 2.6379289627075195
New cuda time without quantization in fp: 0.011359999887645245
New cuda time: 2.4561688899993896
Number of experts 512
New cuda time without quantization in fp: 0.012000000104308128
New cuda time: 10.81155776977539
New cuda time without quantization in fp: 0.011839999817311764
New cuda time: 2.4584081172943115
Number of experts 512
New cuda time without quantization in fp: 0.011839999817311764
New cuda time: 2.6531291007995605
New cuda time without quantization in fp: 0.012000000104308128
New cuda time: 2.466887950897217
Number of experts 512
New cuda time without quantization in fp: 0.01119999960064888
New cuda time: 2.652169942855835
New cuda time without quantization in fp: 0.01152000017464161
New cuda time: 9.09939193725586
Number of experts 512
New cuda time without quantization in fp: 0.010400000028312206
New cuda time: 2.6606500148773193
New cuda time without quantization in fp: 0.01119999960064888
New cuda time: 9.659072875976562
Number of experts 512
New cuda time without quantization in fp: 0.011680000461637974
New cuda time: 2.810889959335327
New cuda time without quantization in fp: 0.011359999887645245
New cuda time: 2.428968906402588
Number of experts 512
New cuda time without quantization in fp: 0.012160000391304493
New cuda time: 2.666728973388672
New cuda time without quantization in fp: 0.01104000024497509
New cuda time: 11.112037658691406
Number of experts 512
New cuda time without quantization in fp: 0.011680000461637974
New cuda time: 2.5953691005706787
New cuda time without quantization in fp: 0.010400000028312206
New cuda time: 2.4552090167999268
Number of experts 512
New cuda time without quantization in fp: 0.011839999817311764
New cuda time: 2.67392897605896
New cuda time without quantization in fp: 0.011839999817311764
New cuda time: 2.460808038711548
Number of experts 512
New cuda time without quantization in fp: 0.011359999887645245
New cuda time: 2.6052770614624023
New cuda time without quantization in fp: 0.01104000024497509
New cuda time: 13.148780822753906
Number of experts 512
New cuda time without quantization in fp: 0.01104000024497509
New cuda time: 2.804636001586914
New cuda time without quantization in fp: 0.01119999960064888
New cuda time: 2.8751959800720215
Number of experts 512
New cuda time without quantization in fp: 0.01152000017464161
New cuda time: 2.6507160663604736
New cuda time without quantization in fp: 0.01119999960064888
New cuda time: 2.949115037918091
Number of experts 512
New cuda time without quantization in fp: 0.01152000017464161
New cuda time: 2.6209568977355957
New cuda time without quantization in fp: 0.01119999960064888
New cuda time: 12.070383071899414
Number of experts 512
New cuda time without quantization in fp: 0.01071999967098236
New cuda time: 2.6590371131896973
New cuda time without quantization in fp: 0.011680000461637974
New cuda time: 2.587035894393921
Number of experts 512
New cuda time without quantization in fp: 0.011680000461637974
New cuda time: 2.9463961124420166
New cuda time without quantization in fp: 0.011359999887645245
New cuda time: 12.022704124450684
Number of experts 512
New cuda time without quantization in fp: 0.01071999967098236
New cuda time: 2.645596981048584
New cuda time without quantization in fp: 0.01152000017464161
New cuda time: 2.9273550510406494
Number of experts 512
New cuda time without quantization in fp: 0.01104000024497509
New cuda time: 2.646717071533203
New cuda time without quantization in fp: 0.011680000461637974
New cuda time: 2.91023588180542
Number of experts 512
New cuda time without quantization in fp: 0.011680000461637974
New cuda time: 2.6471970081329346
New cuda time without quantization in fp: 0.010879999957978725
New cuda time: 14.045900344848633
Number of experts 512
New cuda time without quantization in fp: 0.011680000461637974
New cuda time: 2.638076066970825
New cuda time without quantization in fp: 0.01104000024497509
New cuda time: 2.6500771045684814
Number of experts 512
New cuda time without quantization in fp: 0.012480000033974648
New cuda time: 2.560796022415161
New cuda time without quantization in fp: 0.010879999957978725
New cuda time: 2.822396993637085
Number of experts 512
New cuda time without quantization in fp: 0.011199000291526318
New cuda time: 10.90046501159668
New cuda time without quantization in fp: 0.01104000024497509
New cuda time: 2.8785550594329834
Number of experts 512
New cuda time without quantization in fp: 0.011839999817311764
New cuda time: 2.639677047729492
New cuda time without quantization in fp: 0.012319999746978283
New cuda time: 2.850395917892456
Number of experts 512
New cuda time without quantization in fp: 0.01152000017464161
New cuda time: 2.647516965866089
New cuda time without quantization in fp: 0.010879999957978725
New cuda time: 9.57214641571045
Number of experts 512
New cuda time without quantization in fp: 0.011680000461637974
New cuda time: 2.6363160610198975
New cuda time without quantization in fp: 0.010879999957978725
New cuda time: 2.6639959812164307
Number of experts 512
New cuda time without quantization in fp: 0.01152000017464161
New cuda time: 2.4375970363616943
New cuda time without quantization in fp: 0.010879999957978725
New cuda time: 2.825594902038574
Number of experts 512
New cuda time without quantization in fp: 0.011839999817311764
New cuda time: 2.657757043838501
New cuda time without quantization in fp: 0.01104000024497509
New cuda time: 11.582223892211914
Number of experts 512
New cuda time without quantization in fp: 0.01152000017464161
New cuda time: 2.6503961086273193
New cuda time without quantization in fp: 0.01104000024497509
New cuda time: 2.8777549266815186
Number of experts 512
New cuda time without quantization in fp: 0.012000000104308128
New cuda time: 2.613435983657837
New cuda time without quantization in fp: 0.011839999817311764
New cuda time: 2.997596025466919
Number of experts 512
New cuda time without quantization in fp: 0.011359999887645245
New cuda time: 10.506085395812988
New cuda time without quantization in fp: 0.011359999887645245
New cuda time: 10.432644844055176
Number of experts 512
New cuda time without quantization in fp: 0.01119999960064888
New cuda time: 2.801280975341797
New cuda time without quantization in fp: 0.01152000017464161
New cuda time: 2.828640937805176
Number of experts 512
New cuda time without quantization in fp: 0.011839999817311764
New cuda time: 2.64992094039917
New cuda time without quantization in fp: 0.01104000024497509
New cuda time: 9.296003341674805
Number of experts 512
New cuda time without quantization in fp: 0.011680000461637974
New cuda time: 2.710081100463867
New cuda time without quantization in fp: 0.010239999741315842
New cuda time: 2.897602081298828
Number of experts 512
New cuda time without quantization in fp: 0.011839999817311764
New cuda time: 2.699681043624878
New cuda time without quantization in fp: 0.01119999960064888
New cuda time: 2.8275198936462402
Number of experts 512
New cuda time without quantization in fp: 0.011839999817311764
New cuda time: 2.6536009311676025
New cuda time without quantization in fp: 0.010879999957978725
New cuda time: 10.149603843688965
Number of experts 512
New cuda time without quantization in fp: 0.01104000024497509
New cuda time: 6.0403218269348145
New cuda time without quantization in fp: 0.01104000024497509
New cuda time: 2.8491199016571045
Number of experts 512
New cuda time without quantization in fp: 0.01104000024497509
New cuda time: 2.667041063308716
New cuda time without quantization in fp: 0.01056000031530857
New cuda time: 2.9483211040496826
Number of experts 512
New cuda time without quantization in fp: 0.01104000024497509
New cuda time: 10.543524742126465
New cuda time without quantization in fp: 0.011839999817311764
New cuda time: 2.840480089187622
Number of experts 512
New cuda time without quantization in fp: 0.01056000031530857
New cuda time: 2.643681049346924
New cuda time without quantization in fp: 0.01119999960064888
New cuda time: 2.8049609661102295
Number of experts 512
New cuda time without quantization in fp: 0.01104000024497509
New cuda time: 3.6184020042419434
New cuda time without quantization in fp: 0.011839999817311764
New cuda time: 2.9315199851989746
Number of experts 512
New cuda time without quantization in fp: 0.012160000391304493
New cuda time: 10.708325386047363
New cuda time without quantization in fp: 0.011839999817311764
New cuda time: 10.357444763183594
Number of experts 512
New cuda time without quantization in fp: 0.010879999957978725
New cuda time: 2.6657609939575195
New cuda time without quantization in fp: 0.011839999817311764
New cuda time: 2.8608009815216064
Number of experts 512
New cuda time without quantization in fp: 0.011359999887645245
New cuda time: 2.6990408897399902
New cuda time without quantization in fp: 0.012480000033974648
New cuda time: 9.679682731628418
Number of experts 512
New cuda time without quantization in fp: 0.011839999817311764
New cuda time: 2.679521083831787
New cuda time without quantization in fp: 0.011680000461637974
New cuda time: 2.950242042541504
Number of experts 512
New cuda time without quantization in fp: 0.011680000461637974
New cuda time: 2.685441017150879
New cuda time without quantization in fp: 0.01152000017464161
New cuda time: 2.8257598876953125
Number of experts 512
New cuda time without quantization in fp: 0.010879999957978725
New cuda time: 2.6980810165405273
New cuda time without quantization in fp: 0.011680000461637974
New cuda time: 11.733445167541504
Number of experts 512
New cuda time without quantization in fp: 0.011359999887645245
New cuda time: 2.707840919494629
New cuda time without quantization in fp: 0.01152000017464161
New cuda time: 2.8427200317382812
Number of experts 512
New cuda time without quantization in fp: 0.011839999817311764
New cuda time: 2.6748809814453125
New cuda time without quantization in fp: 0.011839999817311764
New cuda time: 2.946881055831909
Number of experts 512
New cuda time without quantization in fp: 0.012640000320971012
New cuda time: 10.360676765441895
New cuda time without quantization in fp: 0.010879999957978725
New cuda time: 10.083715438842773
Number of experts 512
New cuda time without quantization in fp: 0.011680000461637974
New cuda time: 2.696489095687866
New cuda time without quantization in fp: 0.01152000017464161
New cuda time: 2.4822490215301514
Number of experts 512
New cuda time without quantization in fp: 0.012160000391304493
New cuda time: 2.64336895942688
New cuda time without quantization in fp: 0.01119999960064888
New cuda time: 8.790749549865723
Number of experts 512
New cuda time without quantization in fp: 0.01119999960064888
New cuda time: 2.6552090644836426
New cuda time without quantization in fp: 0.011680000461637974
New cuda time: 2.428009033203125
Number of experts 512
New cuda time without quantization in fp: 0.01071999967098236
New cuda time: 2.514569044113159
New cuda time without quantization in fp: 0.012640000320971012
New cuda time: 2.456968069076538
Number of experts 512
New cuda time without quantization in fp: 0.011359999887645245
New cuda time: 2.657449960708618
New cuda time without quantization in fp: 0.011040999554097652
New cuda time: 9.816675186157227
Number of experts 512
New cuda time without quantization in fp: 0.01104000024497509
New cuda time: 5.804340839385986
New cuda time without quantization in fp: 0.01056000031530857
New cuda time: 2.5404880046844482
Number of experts 512
New cuda time without quantization in fp: 0.011359999887645245
New cuda time: 2.6681699752807617
New cuda time without quantization in fp: 0.01104000024497509
New cuda time: 2.5184080600738525
Number of experts 512
New cuda time without quantization in fp: 0.011839999817311764
New cuda time: 10.479717254638672
New cuda time without quantization in fp: 0.01119999960064888
New cuda time: 2.5140879154205322
Number of experts 512
New cuda time without quantization in fp: 0.011839999817311764
New cuda time: 2.6772890090942383
New cuda time without quantization in fp: 0.011839999817311764
New cuda time: 2.444488048553467
Number of experts 512
New cuda time without quantization in fp: 0.011839999817311764
New cuda time: 3.167850971221924
New cuda time without quantization in fp: 0.011680999770760536
New cuda time: 2.5336079597473145
Number of experts 512
New cuda time without quantization in fp: 0.012640000320971012
New cuda time: 10.967557907104492
New cuda time without quantization in fp: 0.01152000017464161
New cuda time: 9.739713668823242
Number of experts 512
New cuda time without quantization in fp: 0.01119999960064888
New cuda time: 2.6612889766693115
New cuda time without quantization in fp: 0.0118410000577569
New cuda time: 2.476649045944214
Number of experts 512
New cuda time without quantization in fp: 0.011680000461637974
New cuda time: 2.720489978790283
New cuda time without quantization in fp: 0.012640999630093575
New cuda time: 9.455872535705566
Number of experts 512
New cuda time without quantization in fp: 0.01071999967098236
New cuda time: 2.6544089317321777
New cuda time without quantization in fp: 0.010400000028312206
New cuda time: 2.4422481060028076
Number of experts 512
New cuda time without quantization in fp: 0.01119999960064888
New cuda time: 2.6590499877929688
New cuda time without quantization in fp: 0.010400000028312206
New cuda time: 2.4468870162963867
Number of experts 512
New cuda time without quantization in fp: 0.01119999960064888
New cuda time: 2.4193689823150635
New cuda time without quantization in fp: 0.01104000024497509
New cuda time: 11.439081192016602
Number of experts 512
New cuda time without quantization in fp: 0.01152000017464161
New cuda time: 2.6958489418029785
New cuda time without quantization in fp: 0.010400000028312206
New cuda time: 2.466247081756592
Number of experts 512
New cuda time without quantization in fp: 0.012000000104308128
New cuda time: 2.6598498821258545
New cuda time without quantization in fp: 0.01104000024497509
New cuda time: 2.47248911857605
Number of experts 512
New cuda time without quantization in fp: 0.012160000391304493
New cuda time: 10.465744972229004
New cuda time without quantization in fp: 0.011680000461637974
New cuda time: 2.664475917816162
Number of experts 512
New cuda time without quantization in fp: 0.01104000024497509
New cuda time: 2.4419169425964355
New cuda time without quantization in fp: 0.01119999960064888
New cuda time: 2.8611159324645996
Number of experts 512
New cuda time without quantization in fp: 0.011680000461637974
New cuda time: 2.658076047897339
New cuda time without quantization in fp: 0.01152000017464161
New cuda time: 9.30462646484375
Number of experts 512
New cuda time without quantization in fp: 0.01152000017464161
New cuda time: 2.650876998901367
New cuda time without quantization in fp: 0.01104000024497509
New cuda time: 2.9175961017608643
Number of experts 512
New cuda time without quantization in fp: 0.01119999960064888
New cuda time: 2.6523170471191406
New cuda time without quantization in fp: 0.01119999960064888
New cuda time: 2.8532750606536865
Number of experts 512
New cuda time without quantization in fp: 0.011680000461637974
New cuda time: 2.631675958633423
New cuda time without quantization in fp: 0.011680000461637974
New cuda time: 13.68606185913086
Number of experts 512
New cuda time without quantization in fp: 0.011839999817311764
New cuda time: 2.424156904220581
New cuda time without quantization in fp: 0.011680000461637974
New cuda time: 2.9039950370788574
Number of experts 512
New cuda time without quantization in fp: 0.011839999817311764
New cuda time: 2.647516965866089
New cuda time without quantization in fp: 0.011680000461637974
New cuda time: 3.050715923309326
Number of experts 512
New cuda time without quantization in fp: 0.011680000461637974
New cuda time: 10.475826263427734
New cuda time without quantization in fp: 0.01119999960064888
New cuda time: 2.876315116882324
Number of experts 512
New cuda time without quantization in fp: 0.01119999960064888
New cuda time: 2.6886370182037354
New cuda time without quantization in fp: 0.012160000391304493
New cuda time: 2.852475881576538
Number of experts 512
New cuda time without quantization in fp: 0.011680000461637974
New cuda time: 3.0572760105133057
New cuda time without quantization in fp: 0.011680000461637974
New cuda time: 2.919835090637207
Number of experts 512
New cuda time without quantization in fp: 0.011680000461637974
New cuda time: 18.426376342773438
New cuda time without quantization in fp: 0.012160000391304493
New cuda time: 2.634876012802124
Number of experts 512
New cuda time without quantization in fp: 0.01119999960064888
New cuda time: 2.722717046737671
New cuda time without quantization in fp: 0.011680000461637974
New cuda time: 2.98335599899292
Number of experts 512
New cuda time without quantization in fp: 0.011680000461637974
New cuda time: 2.636955976486206
New cuda time without quantization in fp: 0.01071999967098236
New cuda time: 9.85726547241211
Number of experts 512
New cuda time without quantization in fp: 0.010878999717533588
New cuda time: 2.6710360050201416
New cuda time without quantization in fp: 0.01119999960064888
New cuda time: 2.9779160022735596
Number of experts 512
New cuda time without quantization in fp: 0.010400000028312206
New cuda time: 2.6468770503997803
New cuda time without quantization in fp: 0.012480000033974648
New cuda time: 2.878235101699829
Number of experts 512
New cuda time without quantization in fp: 0.011680000461637974
New cuda time: 2.8662359714508057
New cuda time without quantization in fp: 0.01104000024497509
New cuda time: 2.615036964416504
Number of experts 512
New cuda time without quantization in fp: 0.010400000028312206
New cuda time: 2.619196891784668
New cuda time without quantization in fp: 0.011359999887645245
New cuda time: 2.879194974899292
Number of experts 512
New cuda time without quantization in fp: 0.01119999960064888
New cuda time: 2.6351969242095947
New cuda time without quantization in fp: 0.011839999817311764
New cuda time: 3.033116102218628
Number of experts 512
New cuda time without quantization in fp: 0.01104000024497509
New cuda time: 9.788643836975098
New cuda time without quantization in fp: 0.011680000461637974
New cuda time: 2.9496009349823
Number of experts 512
New cuda time without quantization in fp: 0.01119999960064888
New cuda time: 2.6881608963012695
New cuda time without quantization in fp: 0.012000000104308128
New cuda time: 2.9176011085510254
Number of experts 512
New cuda time without quantization in fp: 0.01152000017464161
New cuda time: 2.6478419303894043
New cuda time without quantization in fp: 0.010879999957978725
New cuda time: 9.925284385681152
Number of experts 512
New cuda time without quantization in fp: 0.011680000461637974
New cuda time: 6.172163009643555
New cuda time without quantization in fp: 0.01104000024497509
New cuda time: 2.844960927963257
Number of experts 512
New cuda time without quantization in fp: 0.011839999817311764
New cuda time: 2.6739211082458496
New cuda time without quantization in fp: 0.011680000461637974
New cuda time: 2.8539209365844727
Number of experts 512
New cuda time without quantization in fp: 0.01152000017464161
New cuda time: 2.6577610969543457
New cuda time without quantization in fp: 0.01104000024497509
New cuda time: 11.369283676147461
Number of experts 512
New cuda time without quantization in fp: 0.012480000033974648
New cuda time: 2.657921075820923
New cuda time without quantization in fp: 0.011359999887645245
New cuda time: 2.977921962738037
Number of experts 512
New cuda time without quantization in fp: 0.01104000024497509
New cuda time: 2.6492810249328613
New cuda time without quantization in fp: 0.01104000024497509
New cuda time: 2.9230411052703857
Number of experts 512
New cuda time without quantization in fp: 0.011359999887645245
New cuda time: 2.6534409523010254
New cuda time without quantization in fp: 0.012480000033974648
New cuda time: 10.837124824523926
2024-07-19 01:06:29 | WARNING | fairseq_cli.eval_lm | Aggregating scores across the distributed world
New cuda time without quantization in fp: 0.01119999960064888
New cuda time: 9.710433959960938
New cuda time without quantization in fp: 0.012000000104308128
New cuda time: 2.483367919921875
Number of experts 512
New cuda time without quantization in fp: 0.010400000028312206
New cuda time: 2.6492888927459717
New cuda time without quantization in fp: 0.011839999817311764
New cuda time: 2.460968017578125
Number of experts 512
New cuda time without quantization in fp: 0.01119999960064888
New cuda time: 2.6708900928497314
New cuda time without quantization in fp: 0.012000000104308128
New cuda time: 9.71875286102295
Number of experts 512
New cuda time without quantization in fp: 0.011839999817311764
New cuda time: 5.631219863891602
New cuda time without quantization in fp: 0.011839999817311764
New cuda time: 2.4467289447784424
Number of experts 512
New cuda time without quantization in fp: 0.0118410000577569
New cuda time: 2.6532890796661377
New cuda time without quantization in fp: 0.01056000031530857
New cuda time: 2.457448959350586
Number of experts 512
New cuda time without quantization in fp: 0.01152000017464161
New cuda time: 2.6544089317321777
New cuda time without quantization in fp: 0.01152000017464161
New cuda time: 10.851877212524414
Number of experts 512
New cuda time without quantization in fp: 0.012160000391304493
New cuda time: 2.6852900981903076
New cuda time without quantization in fp: 0.011839999817311764
New cuda time: 2.474087953567505
Number of experts 512
New cuda time without quantization in fp: 0.01071999967098236
New cuda time: 2.651050090789795
New cuda time without quantization in fp: 0.01119999960064888
New cuda time: 2.4371280670166016
Number of experts 512
New cuda time without quantization in fp: 0.011839999817311764
New cuda time: 2.6580889225006104
New cuda time without quantization in fp: 0.012319999746978283
New cuda time: 10.517477035522461
2024-07-19 01:06:29 | WARNING | fairseq_cli.eval_lm | Aggregating scores across the distributed world
New cuda time without quantization in fp: 0.01104000024497509
New cuda time: 9.731666564941406
New cuda time without quantization in fp: 0.012319999746978283
New cuda time: 2.875035047531128
Number of experts 512
New cuda time without quantization in fp: 0.011680000461637974
New cuda time: 2.7169570922851562
New cuda time without quantization in fp: 0.01119999960064888
New cuda time: 2.939836025238037
Number of experts 512
New cuda time without quantization in fp: 0.01119999960064888
New cuda time: 2.6910369396209717
New cuda time without quantization in fp: 0.011839999817311764
New cuda time: 13.042061805725098
Number of experts 512
New cuda time without quantization in fp: 0.010879999957978725
New cuda time: 3.020796060562134
New cuda time without quantization in fp: 0.01119999960064888
New cuda time: 2.7987160682678223
Number of experts 512
New cuda time without quantization in fp: 0.011839999817311764
New cuda time: 2.6593570709228516
New cuda time without quantization in fp: 0.01104000024497509
New cuda time: 2.890876054763794
Number of experts 512
New cuda time without quantization in fp: 0.01071999967098236
New cuda time: 2.63999605178833
New cuda time without quantization in fp: 0.010879999957978725
New cuda time: 11.347343444824219
Number of experts 512
New cuda time without quantization in fp: 0.010879999957978725
New cuda time: 2.6359970569610596
New cuda time without quantization in fp: 0.01152000017464161
New cuda time: 3.007836103439331
Number of experts 512
New cuda time without quantization in fp: 0.01104000024497509
New cuda time: 2.65311598777771
New cuda time without quantization in fp: 0.01104000024497509
New cuda time: 2.9414350986480713
Number of experts 512
New cuda time without quantization in fp: 0.012160000391304493
New cuda time: 2.6532769203186035
New cuda time without quantization in fp: 0.01119999960064888
New cuda time: 2.6707170009613037
2024-07-19 01:06:29 | WARNING | fairseq_cli.eval_lm | Aggregating scores across the distributed world
New cuda time without quantization in fp: 0.012480000033974648
New cuda time: 2.6919989585876465
New cuda time without quantization in fp: 0.01119999960064888
New cuda time: 10.45871639251709
Number of experts 512
New cuda time without quantization in fp: 0.011359999887645245
New cuda time: 2.6758389472961426
New cuda time without quantization in fp: 0.010400000028312206
New cuda time: 2.8433589935302734
Number of experts 512
New cuda time without quantization in fp: 0.012000000104308128
New cuda time: 2.6167991161346436
New cuda time without quantization in fp: 0.011359999887645245
New cuda time: 2.6783978939056396
Number of experts 512
New cuda time without quantization in fp: 0.01071999967098236
New cuda time: 2.599199056625366
New cuda time without quantization in fp: 0.01119999960064888
New cuda time: 2.8831989765167236
Number of experts 512
New cuda time without quantization in fp: 0.01056000031530857
New cuda time: 2.672959089279175
New cuda time without quantization in fp: 0.011839999817311764
New cuda time: 2.839198112487793
Number of experts 512
New cuda time without quantization in fp: 0.010400000028312206
New cuda time: 2.5558390617370605
New cuda time without quantization in fp: 0.01152000017464161
New cuda time: 5.901756763458252
Number of experts 512
New cuda time without quantization in fp: 0.011680000461637974
New cuda time: 2.652959108352661
New cuda time without quantization in fp: 0.012319999746978283
New cuda time: 2.862557888031006
Number of experts 512
New cuda time without quantization in fp: 0.010400000028312206
New cuda time: 2.561439037322998
New cuda time without quantization in fp: 0.011359999887645245
New cuda time: 2.8507189750671387
Number of experts 512
New cuda time without quantization in fp: 0.01056000031530857
New cuda time: 10.497756004333496
New cuda time without quantization in fp: 0.012000000104308128
New cuda time: 2.7036778926849365
Number of experts 512
New cuda time without quantization in fp: 0.011839999817311764
New cuda time: 2.6268789768218994
New cuda time without quantization in fp: 0.010400000028312206
New cuda time: 2.8444790840148926
Number of experts 512
New cuda time without quantization in fp: 0.01056000031530857
New cuda time: 2.427198886871338
New cuda time without quantization in fp: 0.012000000104308128
New cuda time: 10.934074401855469
Number of experts 512
New cuda time without quantization in fp: 0.01119999960064888
New cuda time: 9.991676330566406
New cuda time without quantization in fp: 0.010400000028312206
New cuda time: 2.813599109649658
Number of experts 512
New cuda time without quantization in fp: 0.012000000104308128
New cuda time: 2.6060791015625
New cuda time without quantization in fp: 0.01056000031530857
New cuda time: 2.8588790893554688
Number of experts 512
New cuda time without quantization in fp: 0.01104000024497509
New cuda time: 2.6003189086914062
New cuda time without quantization in fp: 0.011359999887645245
New cuda time: 2.6550381183624268
Number of experts 512
New cuda time without quantization in fp: 0.011680000461637974
New cuda time: 2.6086390018463135
New cuda time without quantization in fp: 0.012000000104308128
New cuda time: 2.8260788917541504
Number of experts 512
New cuda time without quantization in fp: 0.011839999817311764
New cuda time: 2.5996789932250977
New cuda time without quantization in fp: 0.011680000461637974
New cuda time: 2.9095981121063232
Number of experts 512
New cuda time without quantization in fp: 0.011839999817311764
New cuda time: 2.687037944793701
New cuda time without quantization in fp: 0.011839999817311764
New cuda time: 3.36559796333313
Number of experts 512
New cuda time without quantization in fp: 0.012480000033974648
New cuda time: 2.6358389854431152
New cuda time without quantization in fp: 0.01119999960064888
New cuda time: 2.890078067779541
Number of experts 512
New cuda time without quantization in fp: 0.011839999817311764
New cuda time: 2.6087989807128906
New cuda time without quantization in fp: 0.012000000104308128
New cuda time: 2.8889589309692383
Number of experts 512
New cuda time without quantization in fp: 0.01104000024497509
New cuda time: 2.599199056625366
New cuda time without quantization in fp: 0.011839999817311764
New cuda time: 2.8947179317474365
Number of experts 512
New cuda time without quantization in fp: 0.011680000461637974
New cuda time: 2.6521589756011963
New cuda time without quantization in fp: 0.012000000104308128
New cuda time: 2.80207896232605
Number of experts 512
New cuda time without quantization in fp: 0.011839999817311764
New cuda time: 2.614238977432251
New cuda time without quantization in fp: 0.01152000017464161
New cuda time: 5.570396900177002
Number of experts 512
New cuda time without quantization in fp: 0.01119999960064888
New cuda time: 2.417279005050659
New cuda time without quantization in fp: 0.01056000031530857
New cuda time: 2.8534390926361084
Number of experts 512
New cuda time without quantization in fp: 0.010879999957978725
New cuda time: 2.58479905128479
New cuda time without quantization in fp: 0.012000000104308128
New cuda time: 2.808958053588867
Number of experts 512
New cuda time without quantization in fp: 0.011839999817311764
New cuda time: 2.576478958129883
New cuda time without quantization in fp: 0.010400000028312206
New cuda time: 2.6454389095306396
Number of experts 512
New cuda time without quantization in fp: 0.011359999887645245
New cuda time: 2.5923190116882324
New cuda time without quantization in fp: 0.01119999960064888
New cuda time: 2.910238027572632
Number of experts 512
New cuda time without quantization in fp: 0.01119999960064888
New cuda time: 2.6025590896606445
New cuda time without quantization in fp: 0.01119999960064888
New cuda time: 2.8223979473114014
Number of experts 512
New cuda time without quantization in fp: 0.011839999817311764
New cuda time: 2.577439069747925
New cuda time without quantization in fp: 0.011359999887645245
New cuda time: 2.6631979942321777
2024-07-19 01:06:29 | WARNING | fairseq_cli.eval_lm | Aggregating scores across the distributed world
2024-07-19 01:06:29 | WARNING | fairseq_cli.eval_lm | Aggregating timer stats across the distributed world
2024-07-19 01:06:29 | WARNING | fairseq_cli.eval_lm | Aggregating timer stats across the distributed world
2024-07-19 01:06:29 | WARNING | fairseq_cli.eval_lm | Aggregating timer stats across the distributed world
2024-07-19 01:06:29 | WARNING | fairseq_cli.eval_lm | Aggregating timer stats across the distributed world
2024-07-19 01:06:29 | INFO | fairseq_cli.eval_lm | Evaluated 88,361 tokens in 16.1s (5493.98 tokens/s)
2024-07-19 01:06:29 | INFO | fairseq_cli.eval_lm | valid Loss (base 2): 2.8549, Perplexity: 7.23
