2024-07-10 05:17:38 | INFO | fairseq.distributed.utils | distributed init (rank 2): tcp://localhost:13207
2024-07-10 05:17:38 | INFO | fairseq.distributed.utils | distributed init (rank 0): tcp://localhost:13207
2024-07-10 05:17:38 | INFO | fairseq.distributed.utils | distributed init (rank 3): tcp://localhost:13207
2024-07-10 05:17:38 | INFO | fairseq.distributed.utils | distributed init (rank 1): tcp://localhost:13207
2024-07-10 05:17:38 | INFO | fairseq.distributed.utils | initialized host t007-001.hpcfund as rank 3
2024-07-10 05:17:38 | INFO | fairseq.distributed.utils | initialized host t007-001.hpcfund as rank 1
/work1/amd/hongmfei/moespace/SPEED-main/fairseq/fairseq/distributed/utils.py:279: UserWarning: expandable_segments not supported on this platform (Triggered internally at ../c10/hip/HIPAllocatorConfig.h:29.)
  dist.all_reduce(torch.zeros(1).cuda())
/work1/amd/hongmfei/moespace/SPEED-main/fairseq/fairseq/distributed/utils.py:279: UserWarning: expandable_segments not supported on this platform (Triggered internally at ../c10/hip/HIPAllocatorConfig.h:29.)
  dist.all_reduce(torch.zeros(1).cuda())
2024-07-10 05:17:39 | INFO | fairseq.distributed.utils | initialized host t007-001.hpcfund as rank 2
2024-07-10 05:17:39 | INFO | fairseq.distributed.utils | initialized host t007-001.hpcfund as rank 0
/work1/amd/hongmfei/moespace/SPEED-main/fairseq/fairseq/distributed/utils.py:279: UserWarning: expandable_segments not supported on this platform (Triggered internally at ../c10/hip/HIPAllocatorConfig.h:29.)
  dist.all_reduce(torch.zeros(1).cuda())
/work1/amd/hongmfei/moespace/SPEED-main/fairseq/fairseq/distributed/utils.py:279: UserWarning: expandable_segments not supported on this platform (Triggered internally at ../c10/hip/HIPAllocatorConfig.h:29.)
  dist.all_reduce(torch.zeros(1).cuda())
2024-07-10 05:17:40 | INFO | fairseq_cli.eval_lm | ---------------------------
2024-07-10 05:17:40 | INFO | fairseq_cli.eval_lm | cfg:
2024-07-10 05:17:40 | INFO | fairseq_cli.eval_lm | _name	None
2024-07-10 05:17:40 | INFO | fairseq_cli.eval_lm | common	{'_name': None, 'no_progress_bar': False, 'log_interval': 100, 'log_format': None, 'log_file': None, 'tensorboard_logdir': None, 'wandb_project': None, 'azureml_logging': False, 'seed': 100, 'cpu': False, 'tpu': False, 'bf16': False, 'memory_efficient_bf16': False, 'fp16': True, 'memory_efficient_fp16': False, 'fp16_no_flatten_grads': False, 'fp16_init_scale': 128, 'fp16_scale_window': None, 'fp16_scale_tolerance': 0.0, 'min_loss_scale': 0.0001, 'threshold_loss_scale': None, 'user_dir': None, 'empty_cache_freq': 0, 'all_gather_list_size': 16384, 'model_parallel_size': 1, 'quantization_config_path': None, 'profile': False, 'reset_logging': False, 'suppress_crashes': False, 'use_plasma_view': False, 'plasma_path': '/tmp/plasma', 'log_nvidia_smi': False}
2024-07-10 05:17:40 | INFO | fairseq_cli.eval_lm | common_eval	{'_name': None, 'path': '/work1/amd/hongmfei/models/en_moe_lm_15b/model.pt', 'post_process': None, 'quiet': False, 'model_overrides': "{'world_size': 4, 'moe_eval_capacity_token_fraction': 0.05}", 'results_path': None, 'is_moe': True}
2024-07-10 05:17:40 | INFO | fairseq_cli.eval_lm | distributed_training	{'_name': None, 'distributed_world_size': 4, 'distributed_rank': 0, 'distributed_backend': 'nccl', 'distributed_init_method': 'tcp://localhost:13207', 'distributed_port': -1, 'device_id': 0, 'distributed_no_spawn': False, 'ddp_backend': 'fully_sharded', 'bucket_cap_mb': 25, 'fix_batches_to_gpus': False, 'find_unused_parameters': False, 'fast_stat_sync': False, 'heartbeat_timeout': -1, 'broadcast_buffers': False, 'slowmo_momentum': None, 'slowmo_algorithm': 'LocalSGD', 'localsgd_frequency': 3, 'nprocs_per_node': 4, 'pipeline_model_parallel': False, 'pipeline_balance': None, 'pipeline_devices': None, 'pipeline_chunks': 0, 'pipeline_encoder_balance': None, 'pipeline_encoder_devices': None, 'pipeline_decoder_balance': None, 'pipeline_decoder_devices': None, 'pipeline_checkpoint': 'never', 'zero_sharding': 'none', 'fp16': True, 'memory_efficient_fp16': False, 'tpu': False, 'no_reshard_after_forward': False, 'fp32_reduce_scatter': False, 'cpu_offload': False, 'use_sharded_state': False, 'distributed_num_procs': 4}
2024-07-10 05:17:40 | INFO | fairseq_cli.eval_lm | dataset	{'_name': None, 'num_workers': 1, 'num_workers_valid': 0, 'skip_invalid_size_inputs_valid_test': False, 'max_tokens': None, 'batch_size': 1, 'required_batch_size_multiple': 8, 'required_seq_len_multiple': 1, 'dataset_impl': None, 'data_buffer_size': 10, 'train_subset': 'train', 'valid_subset': 'valid', 'combine_valid_subsets': None, 'ignore_unused_valid_subsets': False, 'validate_interval': 1, 'validate_interval_updates': 0, 'validate_after_updates': 0, 'fixed_validation_seed': None, 'disable_validation': False, 'max_tokens_valid': None, 'batch_size_valid': 1, 'max_valid_steps': 100, 'curriculum': 0, 'gen_subset': 'valid', 'num_shards': 1, 'shard_id': 0}
2024-07-10 05:17:40 | INFO | fairseq_cli.eval_lm | optimization	{'_name': None, 'max_epoch': 0, 'max_update': 0, 'stop_time_hours': 0.0, 'clip_norm': 0.0, 'sentence_avg': False, 'update_freq': [1], 'lr': [0.25], 'stop_min_lr': -1.0, 'use_bmuf': False}
2024-07-10 05:17:40 | INFO | fairseq_cli.eval_lm | checkpoint	{'_name': None, 'save_dir': 'checkpoints', 'restore_file': 'checkpoint_last.pt', 'finetune_from_model': None, 'reset_dataloader': False, 'reset_lr_scheduler': False, 'reset_meters': False, 'reset_optimizer': False, 'optimizer_overrides': '{}', 'save_interval': 1, 'save_interval_updates': 0, 'keep_interval_updates': -1, 'keep_last_epochs': -1, 'keep_best_checkpoints': -1, 'no_save': False, 'no_epoch_checkpoints': False, 'no_last_checkpoints': False, 'no_best_checkpoints': False, 'no_save_optimizer_state': False, 'no_save_optimizer_state_on_training_finished': False, 'symlink_best_and_last_checkpoints': False, 'best_checkpoint_metric': 'loss', 'maximize_best_checkpoint_metric': False, 'patience': -1, 'checkpoint_suffix': '', 'checkpoint_shard_count': 1, 'load_checkpoint_on_all_dp_ranks': False, 'write_checkpoints_asynchronously': False, 's3_upload_path': None, 'model_parallel_size': 1}
2024-07-10 05:17:40 | INFO | fairseq_cli.eval_lm | bmuf	{'_name': None, 'block_lr': 1.0, 'block_momentum': 0.875, 'global_sync_iter': 50, 'warmup_iterations': 500, 'use_nbm': False, 'average_sync': False, 'distributed_world_size': 4}
2024-07-10 05:17:40 | INFO | fairseq_cli.eval_lm | generation	{'_name': None, 'beam': 5, 'nbest': 1, 'max_len_a': 0.0, 'max_len_b': 200, 'min_len': 1, 'match_source_len': False, 'unnormalized': False, 'no_early_stop': False, 'no_beamable_mm': False, 'lenpen': 1.0, 'unkpen': 0.0, 'replace_unk': None, 'sacrebleu': False, 'score_reference': False, 'prefix_size': 0, 'no_repeat_ngram_size': 0, 'sampling': False, 'sampling_topk': -1, 'sampling_topp': -1.0, 'constraints': None, 'temperature': 1.0, 'diverse_beam_groups': -1, 'diverse_beam_strength': 0.5, 'diversity_rate': -1.0, 'print_alignment': None, 'print_step': False, 'lm_path': None, 'lm_weight': 0.0, 'iter_decode_eos_penalty': 0.0, 'iter_decode_max_iter': 10, 'iter_decode_force_max_iter': False, 'iter_decode_with_beam': 1, 'iter_decode_with_external_reranker': False, 'retain_iter_history': False, 'retain_dropout': False, 'retain_dropout_modules': None, 'decoding_format': None, 'no_seed_provided': False}
2024-07-10 05:17:40 | INFO | fairseq_cli.eval_lm | eval_lm	{'_name': None, 'output_word_probs': False, 'output_word_stats': False, 'context_window': 0, 'softmax_batch': 2048, 'stats_path': None, 'max_valid_steps': 100}
2024-07-10 05:17:40 | INFO | fairseq_cli.eval_lm | interactive	{'_name': None, 'buffer_size': 0, 'input': '-'}
2024-07-10 05:17:40 | INFO | fairseq_cli.eval_lm | model	None
2024-07-10 05:17:40 | INFO | fairseq_cli.eval_lm | task	{'_name': 'language_modeling', 'data': '/work1/amd/hongmfei/raw_data/data-bin/wiki/', 'sample_break_mode': 'none', 'tokens_per_sample': 2048, 'output_dictionary_size': -1, 'self_target': False, 'future_target': False, 'past_target': False, 'add_bos_token': False, 'max_source_positions': None, 'max_target_positions': None, 'shorten_method': 'none', 'shorten_data_split_list': '', 'pad_to_fixed_length': False, 'pad_to_fixed_bsz': False, 'seed': 100, 'batch_size': 1, 'batch_size_valid': 1, 'dataset_impl': None, 'data_buffer_size': 10, 'tpu': False, 'use_plasma_view': False, 'plasma_path': '/tmp/plasma'}
2024-07-10 05:17:40 | INFO | fairseq_cli.eval_lm | criterion	{'_name': 'cross_entropy', 'sentence_avg': True}
2024-07-10 05:17:40 | INFO | fairseq_cli.eval_lm | optimizer	None
2024-07-10 05:17:40 | INFO | fairseq_cli.eval_lm | lr_scheduler	{'_name': 'fixed', 'force_anneal': None, 'lr_shrink': 0.1, 'warmup_updates': 0, 'lr': [0.25]}
2024-07-10 05:17:40 | INFO | fairseq_cli.eval_lm | scoring	{'_name': 'bleu', 'pad': 1, 'eos': 2, 'unk': 3}
2024-07-10 05:17:40 | INFO | fairseq_cli.eval_lm | bpe	{'_name': 'gpt2', 'gpt2_encoder_json': 'https://dl.fbaipublicfiles.com/fairseq/gpt2_bpe/encoder.json', 'gpt2_vocab_bpe': 'https://dl.fbaipublicfiles.com/fairseq/gpt2_bpe/vocab.bpe'}
2024-07-10 05:17:40 | INFO | fairseq_cli.eval_lm | tokenizer	None
2024-07-10 05:17:40 | INFO | fairseq_cli.eval_lm | simul_type	None
2024-07-10 05:17:40 | INFO | fairseq_cli.eval_lm | ---------------------------
2024-07-10 05:17:40 | INFO | fairseq_cli.eval_lm | loading model(s) from /work1/amd/hongmfei/models/en_moe_lm_15b/model.pt
2024-07-10 05:17:40 | INFO | fairseq.tasks.language_modeling | dictionary: 51200 types
2024-07-10 05:17:40 | INFO | fairseq.checkpoint_utils | load_model_ensemble_and_task is_moe=True
2024-07-10 05:17:40 | INFO | fairseq.moe_checkpoint_utils | Found total 64 expert files and current distributed world size: 4, Stitching experts to able to load on current world size.
2024-07-10 05:17:42 | INFO | fairseq.moe_checkpoint_utils | found 8 local experts in expert_group_id=0
2024-07-10 05:17:42 | INFO | fairseq.moe_checkpoint_utils | found 8 local experts in expert_group_id=1
2024-07-10 05:17:42 | INFO | fairseq.moe_checkpoint_utils | found 8 local experts in expert_group_id=2
2024-07-10 05:17:42 | INFO | fairseq.moe_checkpoint_utils | found 8 local experts in expert_group_id=3
2024-07-10 05:17:42 | INFO | fairseq.moe_checkpoint_utils | found 8 local experts in expert_group_id=4
2024-07-10 05:17:42 | INFO | fairseq.moe_checkpoint_utils | found 8 local experts in expert_group_id=5
2024-07-10 05:17:42 | INFO | fairseq.moe_checkpoint_utils | found 8 local experts in expert_group_id=6
2024-07-10 05:17:42 | INFO | fairseq.moe_checkpoint_utils | found 8 local experts in expert_group_id=7
2024-07-10 05:17:42 | INFO | fairseq.moe_checkpoint_utils | found 8 local experts in expert_group_id=8
2024-07-10 05:17:42 | INFO | fairseq.moe_checkpoint_utils | found 8 local experts in expert_group_id=9
2024-07-10 05:17:42 | INFO | fairseq.moe_checkpoint_utils | found 8 local experts in expert_group_id=10
2024-07-10 05:17:42 | INFO | fairseq.moe_checkpoint_utils | found 8 local experts in expert_group_id=11
2024-07-10 05:17:42 | INFO | fairseq.moe_checkpoint_utils | found 8 local experts in expert_group_id=12
2024-07-10 05:17:42 | INFO | fairseq.moe_checkpoint_utils | found 8 local experts in expert_group_id=13
2024-07-10 05:17:42 | INFO | fairseq.moe_checkpoint_utils | found 8 local experts in expert_group_id=14
2024-07-10 05:17:42 | INFO | fairseq.moe_checkpoint_utils | found 8 local experts in expert_group_id=15
2024-07-10 05:17:45 | INFO | fairseq.modules.moe.moe_layer | Rank: 0
2024-07-10 05:17:47 | INFO | fairseq.modules.moe.moe_layer | Rank: 0
2024-07-10 05:17:50 | INFO | fairseq.modules.moe.moe_layer | Rank: 0
2024-07-10 05:17:53 | INFO | fairseq.modules.moe.moe_layer | Rank: 0
2024-07-10 05:17:55 | INFO | fairseq.modules.moe.moe_layer | Rank: 0
2024-07-10 05:17:58 | INFO | fairseq.modules.moe.moe_layer | Rank: 0
2024-07-10 05:18:00 | INFO | fairseq_cli.eval_lm | num. model params: 3,725,230,080
2024-07-10 05:18:10 | INFO | fairseq.data.data_utils | loaded 1,482,831,152 examples from: /work1/amd/hongmfei/raw_data/data-bin/wiki/valid
2024-07-10 05:18:18 | INFO | fairseq_cli.eval_lm | /work1/amd/hongmfei/raw_data/data-bin/wiki/ valid 17,792,645 examples
2024-07-10 05:18:37 | INFO | fairseq_cli.eval_lm | load time: 57.19 seconds
/work1/amd/hongmfei/moespace/.moefair/lib64/python3.9/site-packages/torch/nn/functional.py:5137: UserWarning: Support for mismatched key_padding_mask and attn_mask is deprecated. Use same type for both instead.
  warnings.warn(
/work1/amd/hongmfei/moespace/.moefair/lib64/python3.9/site-packages/torch/nn/functional.py:5504: UserWarning: 1Torch was not compiled with memory efficient attention. (Triggered internally at ../aten/src/ATen/native/transformers/hip/sdp_utils.cpp:505.)
  attn_output = scaled_dot_product_attention(q, k, v, attn_mask, dropout_p, is_causal)
Warning: The --amdgpu-target option has been deprecated and will be removed in the future.  Use --offload-arch instead.
Warning: The --amdgpu-target option has been deprecated and will be removed in the future.  Use --offload-arch instead.
/work1/amd/hongmfei/moespace/.moefair/lib64/python3.9/site-packages/torch/nn/functional.py:5504: UserWarning: 1Torch was not compiled with memory efficient attention. (Triggered internally at ../aten/src/ATen/native/transformers/hip/sdp_utils.cpp:505.)
  attn_output = scaled_dot_product_attention(q, k, v, attn_mask, dropout_p, is_causal)
/work1/amd/hongmfei/moespace/.moefair/lib64/python3.9/site-packages/torch/nn/functional.py:5504: UserWarning: 1Torch was not compiled with memory efficient attention. (Triggered internally at ../aten/src/ATen/native/transformers/hip/sdp_utils.cpp:505.)
  attn_output = scaled_dot_product_attention(q, k, v, attn_mask, dropout_p, is_causal)
Warning: The --amdgpu-target option has been deprecated and will be removed in the future.  Use --offload-arch instead.
Warning: The --amdgpu-target option has been deprecated and will be removed in the future.  Use --offload-arch instead.
Warning: The --amdgpu-target option has been deprecated and will be removed in the future.  Use --offload-arch instead.
Warning: The --amdgpu-target option has been deprecated and will be removed in the future.  Use --offload-arch instead.
/work1/amd/hongmfei/moespace/.moefair/lib64/python3.9/site-packages/torch/nn/functional.py:5504: UserWarning: 1Torch was not compiled with memory efficient attention. (Triggered internally at ../aten/src/ATen/native/transformers/hip/sdp_utils.cpp:505.)
  attn_output = scaled_dot_product_attention(q, k, v, attn_mask, dropout_p, is_causal)
W0710 05:19:01.625071 140244076214080 torch/multiprocessing/spawn.py:145] Terminating process 680120 via signal SIGTERM
W0710 05:19:01.626482 140244076214080 torch/multiprocessing/spawn.py:145] Terminating process 680121 via signal SIGTERM
W0710 05:19:01.627466 140244076214080 torch/multiprocessing/spawn.py:145] Terminating process 680122 via signal SIGTERM
Warning: The --amdgpu-target option has been deprecated and will be removed in the future.  Use --offload-arch instead.
Traceback (most recent call last):
  File "/usr/lib64/python3.9/runpy.py", line 197, in _run_module_as_main
    return _run_code(code, main_globals, None,
  File "/usr/lib64/python3.9/runpy.py", line 87, in _run_code
    exec(code, run_globals)
  File "/work1/amd/hongmfei/moespace/SPEED-main/fairseq/fairseq_cli/eval_lm.py", line 458, in <module>
    cli_main()
  File "/work1/amd/hongmfei/moespace/SPEED-main/fairseq/fairseq_cli/eval_lm.py", line 454, in cli_main
    distributed_utils.call_main(convert_namespace_to_omegaconf(args), main)
  File "/work1/amd/hongmfei/moespace/SPEED-main/fairseq/fairseq/distributed/utils.py", line 351, in call_main
    torch.multiprocessing.spawn(
  File "/work1/amd/hongmfei/moespace/.moefair/lib64/python3.9/site-packages/torch/multiprocessing/spawn.py", line 281, in spawn
    return start_processes(fn, args, nprocs, join, daemon, start_method="spawn")
  File "/work1/amd/hongmfei/moespace/.moefair/lib64/python3.9/site-packages/torch/multiprocessing/spawn.py", line 237, in start_processes
    while not context.join():
  File "/work1/amd/hongmfei/moespace/.moefair/lib64/python3.9/site-packages/torch/multiprocessing/spawn.py", line 188, in join
    raise ProcessRaisedException(msg, error_index, failed_process.pid)
torch.multiprocessing.spawn.ProcessRaisedException: 

-- Process 0 terminated with the following error:
Traceback (most recent call last):
  File "/work1/amd/hongmfei/moespace/.moefair/lib64/python3.9/site-packages/torch/multiprocessing/spawn.py", line 75, in _wrap
    fn(i, *args)
  File "/work1/amd/hongmfei/moespace/SPEED-main/fairseq/fairseq/distributed/utils.py", line 335, in distributed_main
    main(cfg, **kwargs)
  File "/work1/amd/hongmfei/moespace/SPEED-main/fairseq/fairseq_cli/eval_lm.py", line 437, in main
    results, rr, end_time = eval_dataset(cfg, eval_split, task, models, start_time)
  File "/work1/amd/hongmfei/moespace/SPEED-main/fairseq/fairseq_cli/eval_lm.py", line 322, in eval_dataset
    results = eval_lm(
  File "/work1/amd/hongmfei/moespace/SPEED-main/fairseq/fairseq_cli/eval_lm.py", line 132, in eval_lm
    hypos = scorer.generate(models, sample)
  File "/work1/amd/hongmfei/moespace/.moefair/lib64/python3.9/site-packages/torch/utils/_contextlib.py", line 115, in decorate_context
    return func(*args, **kwargs)
  File "/work1/amd/hongmfei/moespace/SPEED-main/fairseq/fairseq/sequence_scorer.py", line 68, in generate
    decoder_out = model(**net_input)
  File "/work1/amd/hongmfei/moespace/.moefair/lib64/python3.9/site-packages/torch/nn/modules/module.py", line 1532, in _wrapped_call_impl
    return self._call_impl(*args, **kwargs)
  File "/work1/amd/hongmfei/moespace/.moefair/lib64/python3.9/site-packages/torch/nn/modules/module.py", line 1541, in _call_impl
    return forward_call(*args, **kwargs)
  File "/work1/amd/hongmfei/moespace/SPEED-main/fairseq/fairseq/models/fairseq_model.py", line 508, in forward
    return self.decoder(src_tokens, **kwargs)
  File "/work1/amd/hongmfei/moespace/.moefair/lib64/python3.9/site-packages/torch/nn/modules/module.py", line 1532, in _wrapped_call_impl
    return self._call_impl(*args, **kwargs)
  File "/work1/amd/hongmfei/moespace/.moefair/lib64/python3.9/site-packages/torch/nn/modules/module.py", line 1541, in _call_impl
    return forward_call(*args, **kwargs)
  File "/work1/amd/hongmfei/moespace/SPEED-main/fairseq/fairseq/models/transformer.py", line 930, in forward
    x, extra = self.extract_features(
  File "/work1/amd/hongmfei/moespace/SPEED-main/fairseq/fairseq/models/transformer.py", line 955, in extract_features
    return self.extract_features_scriptable(
  File "/work1/amd/hongmfei/moespace/SPEED-main/fairseq/fairseq/models/transformer.py", line 1016, in extract_features_scriptable
    x, layer_attn, _, l_aux_i = layer(
  File "/work1/amd/hongmfei/moespace/.moefair/lib64/python3.9/site-packages/torch/nn/modules/module.py", line 1532, in _wrapped_call_impl
    return self._call_impl(*args, **kwargs)
  File "/work1/amd/hongmfei/moespace/.moefair/lib64/python3.9/site-packages/torch/nn/modules/module.py", line 1541, in _call_impl
    return forward_call(*args, **kwargs)
  File "/work1/amd/hongmfei/moespace/.moefair/lib64/python3.9/site-packages/fairscale/nn/checkpoint/checkpoint_activations.py", line 168, in _checkpointed_forward
    return original_forward(module, *args, **kwargs)
  File "/work1/amd/hongmfei/moespace/SPEED-main/fairseq/fairseq/modules/transformer_layer.py", line 568, in forward
    x, l_aux = self.moe_layer(x)
  File "/work1/amd/hongmfei/moespace/.moefair/lib64/python3.9/site-packages/torch/nn/modules/module.py", line 1532, in _wrapped_call_impl
    return self._call_impl(*args, **kwargs)
  File "/work1/amd/hongmfei/moespace/.moefair/lib64/python3.9/site-packages/torch/nn/modules/module.py", line 1541, in _call_impl
    return forward_call(*args, **kwargs)
  File "/work1/amd/hongmfei/moespace/SPEED-main/fairseq/fairseq/modules/moe/moe_layer.py", line 267, in forward
    dispatched_input = self.all_to_all_wrapper(dispatched_input)
  File "/work1/amd/hongmfei/moespace/SPEED-main/fairseq/fairseq/modules/moe/moe_layer.py", line 310, in all_to_all_wrapper
    _AllToAll.apply(self.all2all_group, input)
  File "/work1/amd/hongmfei/moespace/.moefair/lib64/python3.9/site-packages/torch/autograd/function.py", line 598, in apply
    return super().apply(*args, **kwargs)  # type: ignore[misc]
  File "/work1/amd/hongmfei/moespace/SPEED-main/fairseq/fairseq/modules/moe/moe_layer.py", line 91, in forward
    dist.all_to_all_single(output_qint8, input_qint8, group=group)
  File "/work1/amd/hongmfei/moespace/.moefair/lib64/python3.9/site-packages/torch/distributed/c10d_logger.py", line 75, in wrapper
    return func(*args, **kwargs)
  File "/work1/amd/hongmfei/moespace/.moefair/lib64/python3.9/site-packages/torch/distributed/distributed_c10d.py", line 3517, in all_to_all_single
    work = group.alltoall_base(
NotImplementedError: Could not run 'c10d::alltoall_base_' with arguments from the 'QuantizedCUDA' backend. This could be because the operator doesn't exist for this backend, or was omitted during the selective/custom build process (if using custom build). If you are a Facebook employee using PyTorch on mobile, please visit https://fburl.com/ptmfixes for possible resolutions. 'c10d::alltoall_base_' is only available for these backends: [CPU, CUDA, PrivateUse1, Meta, BackendSelect, Python, FuncTorchDynamicLayerBackMode, Functionalize, Named, Conjugate, Negative, ZeroTensor, ADInplaceOrView, AutogradOther, AutogradCPU, AutogradCUDA, AutogradXLA, AutogradMPS, AutogradXPU, AutogradHPU, AutogradLazy, AutogradMeta, Tracer, AutocastCPU, AutocastCUDA, FuncTorchBatched, BatchedNestedTensor, FuncTorchVmapMode, Batched, VmapMode, FuncTorchGradWrapper, PythonTLSSnapshot, FuncTorchDynamicLayerFrontMode, PreDispatch, PythonDispatcher].

CPU: registered at ../torch/csrc/distributed/c10d/Ops.cpp:513 [kernel]
CUDA: registered at ../torch/csrc/distributed/c10d/Ops.cpp:513 [kernel]
PrivateUse1: registered at ../torch/csrc/distributed/c10d/Ops.cpp:513 [kernel]
Meta: registered at ../aten/src/ATen/core/MetaFallbackKernel.cpp:23 [backend fallback]
BackendSelect: fallthrough registered at ../aten/src/ATen/core/BackendSelectFallbackKernel.cpp:3 [backend fallback]
Python: registered at ../aten/src/ATen/core/PythonFallbackKernel.cpp:154 [backend fallback]
FuncTorchDynamicLayerBackMode: registered at ../aten/src/ATen/functorch/DynamicLayer.cpp:497 [backend fallback]
Functionalize: registered at ../aten/src/ATen/FunctionalizeFallbackKernel.cpp:324 [backend fallback]
Named: registered at ../aten/src/ATen/core/NamedRegistrations.cpp:7 [backend fallback]
Conjugate: registered at ../aten/src/ATen/ConjugateFallback.cpp:17 [backend fallback]
Negative: registered at ../aten/src/ATen/native/NegateFallback.cpp:18 [backend fallback]
ZeroTensor: registered at ../aten/src/ATen/ZeroTensorFallback.cpp:86 [backend fallback]
ADInplaceOrView: fallthrough registered at ../aten/src/ATen/core/VariableFallbackKernel.cpp:86 [backend fallback]
AutogradOther: registered at ../aten/src/ATen/core/VariableFallbackKernel.cpp:53 [backend fallback]
AutogradCPU: registered at ../aten/src/ATen/core/VariableFallbackKernel.cpp:57 [backend fallback]
AutogradCUDA: registered at ../aten/src/ATen/core/VariableFallbackKernel.cpp:65 [backend fallback]
AutogradXLA: registered at ../aten/src/ATen/core/VariableFallbackKernel.cpp:69 [backend fallback]
AutogradMPS: registered at ../aten/src/ATen/core/VariableFallbackKernel.cpp:77 [backend fallback]
AutogradXPU: registered at ../aten/src/ATen/core/VariableFallbackKernel.cpp:61 [backend fallback]
AutogradHPU: registered at ../aten/src/ATen/core/VariableFallbackKernel.cpp:90 [backend fallback]
AutogradLazy: registered at ../aten/src/ATen/core/VariableFallbackKernel.cpp:73 [backend fallback]
AutogradMeta: registered at ../aten/src/ATen/core/VariableFallbackKernel.cpp:81 [backend fallback]
Tracer: registered at ../torch/csrc/autograd/TraceTypeManual.cpp:297 [backend fallback]
AutocastCPU: fallthrough registered at ../aten/src/ATen/autocast_mode.cpp:378 [backend fallback]
AutocastCUDA: fallthrough registered at ../aten/src/ATen/autocast_mode.cpp:244 [backend fallback]
FuncTorchBatched: registered at ../aten/src/ATen/functorch/LegacyBatchingRegistrations.cpp:731 [backend fallback]
BatchedNestedTensor: registered at ../aten/src/ATen/functorch/LegacyBatchingRegistrations.cpp:758 [backend fallback]
FuncTorchVmapMode: fallthrough registered at ../aten/src/ATen/functorch/VmapModeRegistrations.cpp:27 [backend fallback]
Batched: registered at ../aten/src/ATen/LegacyBatchingRegistrations.cpp:1075 [backend fallback]
VmapMode: fallthrough registered at ../aten/src/ATen/VmapModeRegistrations.cpp:33 [backend fallback]
FuncTorchGradWrapper: registered at ../aten/src/ATen/functorch/TensorWrapper.cpp:202 [backend fallback]
PythonTLSSnapshot: registered at ../aten/src/ATen/core/PythonFallbackKernel.cpp:162 [backend fallback]
FuncTorchDynamicLayerFrontMode: registered at ../aten/src/ATen/functorch/DynamicLayer.cpp:493 [backend fallback]
PreDispatch: registered at ../aten/src/ATen/core/PythonFallbackKernel.cpp:166 [backend fallback]
PythonDispatcher: registered at ../aten/src/ATen/core/PythonFallbackKernel.cpp:158 [backend fallback]


/usr/lib64/python3.9/multiprocessing/resource_tracker.py:216: UserWarning: resource_tracker: There appear to be 15 leaked semaphore objects to clean up at shutdown
  warnings.warn('resource_tracker: There appear to be %d '
